Building DAG of jobs...
Using shell: /usr/bin/bash
Provided cores: 6
Rules claiming more threads will be scaled down.
Job stats:
job                    count    min threads    max threads
-------------------  -------  -------------  -------------
all                        1              1              1
run_sourmash_gather       40              1              1
run_sourmash_sketch       40              1              1
total                     81              1              1

Select jobs to execute...

[Fri Aug  4 04:47:54 2023]
rule run_sourmash_sketch:
    input: input/ERR11520692_1.fastq.gz, input/ERR11520692_2.fastq.gz
    output: output/sketches/ERR11520692.sig.zip
    jobid: 8
    reason: Missing output files: output/sketches/ERR11520692.sig.zip
    wildcards: sample=ERR11520692
    resources: tmpdir=/tmp

sourmash sketch dna -p scaled=1000,k=21,k=31,k=51,abund input/ERR11520692_1.fastq.gz input/ERR11520692_2.fastq.gz --name 'ERR11520692' -o output/sketches/ERR11520692.sig.zip

[Fri Aug  4 04:47:54 2023]
rule run_sourmash_sketch:
    input: input/ERR11520716_1.fastq.gz, input/ERR11520716_2.fastq.gz
    output: output/sketches/ERR11520716.sig.zip
    jobid: 56
    reason: Missing output files: output/sketches/ERR11520716.sig.zip
    wildcards: sample=ERR11520716
    resources: tmpdir=/tmp

sourmash sketch dna -p scaled=1000,k=21,k=31,k=51,abund input/ERR11520716_1.fastq.gz input/ERR11520716_2.fastq.gz --name 'ERR11520716' -o output/sketches/ERR11520716.sig.zip

[Fri Aug  4 04:47:54 2023]
rule run_sourmash_sketch:
    input: input/ERR11520707_1.fastq.gz, input/ERR11520707_2.fastq.gz
    output: output/sketches/ERR11520707.sig.zip
    jobid: 38
    reason: Missing output files: output/sketches/ERR11520707.sig.zip
    wildcards: sample=ERR11520707
    resources: tmpdir=/tmp

sourmash sketch dna -p scaled=1000,k=21,k=31,k=51,abund input/ERR11520707_1.fastq.gz input/ERR11520707_2.fastq.gz --name 'ERR11520707' -o output/sketches/ERR11520707.sig.zip

[Fri Aug  4 04:47:54 2023]
rule run_sourmash_sketch:
    input: input/ERR11520723_1.fastq.gz, input/ERR11520723_2.fastq.gz
    output: output/sketches/ERR11520723.sig.zip
    jobid: 70
    reason: Missing output files: output/sketches/ERR11520723.sig.zip
    wildcards: sample=ERR11520723
    resources: tmpdir=/tmp

sourmash sketch dna -p scaled=1000,k=21,k=31,k=51,abund input/ERR11520723_1.fastq.gz input/ERR11520723_2.fastq.gz --name 'ERR11520723' -o output/sketches/ERR11520723.sig.zip

[Fri Aug  4 04:47:54 2023]
rule run_sourmash_sketch:
    input: input/ERR11520695_1.fastq.gz, input/ERR11520695_2.fastq.gz
    output: output/sketches/ERR11520695.sig.zip
    jobid: 14
    reason: Missing output files: output/sketches/ERR11520695.sig.zip
    wildcards: sample=ERR11520695
    resources: tmpdir=/tmp

sourmash sketch dna -p scaled=1000,k=21,k=31,k=51,abund input/ERR11520695_1.fastq.gz input/ERR11520695_2.fastq.gz --name 'ERR11520695' -o output/sketches/ERR11520695.sig.zip

[Fri Aug  4 04:47:54 2023]
rule run_sourmash_sketch:
    input: input/ERR11520717_1.fastq.gz, input/ERR11520717_2.fastq.gz
    output: output/sketches/ERR11520717.sig.zip
    jobid: 58
    reason: Missing output files: output/sketches/ERR11520717.sig.zip
    wildcards: sample=ERR11520717
    resources: tmpdir=/tmp

sourmash sketch dna -p scaled=1000,k=21,k=31,k=51,abund input/ERR11520717_1.fastq.gz input/ERR11520717_2.fastq.gz --name 'ERR11520717' -o output/sketches/ERR11520717.sig.zip
[Fri Aug  4 04:48:01 2023]
Finished job 58.
1 of 81 steps (1%) done
Select jobs to execute...

[Fri Aug  4 04:48:01 2023]
rule run_sourmash_sketch:
    input: input/ERR11520726_1.fastq.gz, input/ERR11520726_2.fastq.gz
    output: output/sketches/ERR11520726.sig.zip
    jobid: 76
    reason: Missing output files: output/sketches/ERR11520726.sig.zip
    wildcards: sample=ERR11520726
    resources: tmpdir=/tmp

sourmash sketch dna -p scaled=1000,k=21,k=31,k=51,abund input/ERR11520726_1.fastq.gz input/ERR11520726_2.fastq.gz --name 'ERR11520726' -o output/sketches/ERR11520726.sig.zip
[Fri Aug  4 04:48:02 2023]
Finished job 56.
2 of 81 steps (2%) done
Select jobs to execute...

[Fri Aug  4 04:48:02 2023]
rule run_sourmash_gather:
    input: output/sketches/ERR11520716.sig.zip
    output: output/gather/ERR11520716.gather.csv
    jobid: 55
    reason: Missing output files: output/gather/ERR11520716.gather.csv; Input files updated by another job: output/sketches/ERR11520716.sig.zip
    wildcards: sample=ERR11520716
    resources: tmpdir=/tmp

sourmash gather output/sketches/ERR11520716.sig.zip ../../Sketched-db/db.plant-entrez-ref.sig.zip --threshold-bp 0 -k 51 -o output/gather/ERR11520716.gather.csv
[Fri Aug  4 04:48:03 2023]
Finished job 14.
3 of 81 steps (4%) done
Select jobs to execute...

[Fri Aug  4 04:48:03 2023]
rule run_sourmash_gather:
    input: output/sketches/ERR11520695.sig.zip
    output: output/gather/ERR11520695.gather.csv
    jobid: 13
    reason: Missing output files: output/gather/ERR11520695.gather.csv; Input files updated by another job: output/sketches/ERR11520695.sig.zip
    wildcards: sample=ERR11520695
    resources: tmpdir=/tmp

sourmash gather output/sketches/ERR11520695.sig.zip ../../Sketched-db/db.plant-entrez-ref.sig.zip --threshold-bp 0 -k 51 -o output/gather/ERR11520695.gather.csv
[Fri Aug  4 04:48:04 2023]
Finished job 8.
4 of 81 steps (5%) done
Select jobs to execute...

[Fri Aug  4 04:48:04 2023]
rule run_sourmash_gather:
    input: output/sketches/ERR11520692.sig.zip
    output: output/gather/ERR11520692.gather.csv
    jobid: 7
    reason: Missing output files: output/gather/ERR11520692.gather.csv; Input files updated by another job: output/sketches/ERR11520692.sig.zip
    wildcards: sample=ERR11520692
    resources: tmpdir=/tmp

sourmash gather output/sketches/ERR11520692.sig.zip ../../Sketched-db/db.plant-entrez-ref.sig.zip --threshold-bp 0 -k 51 -o output/gather/ERR11520692.gather.csv
[Fri Aug  4 04:48:04 2023]
Finished job 70.
5 of 81 steps (6%) done
Select jobs to execute...

[Fri Aug  4 04:48:04 2023]
rule run_sourmash_gather:
    input: output/sketches/ERR11520723.sig.zip
    output: output/gather/ERR11520723.gather.csv
    jobid: 69
    reason: Missing output files: output/gather/ERR11520723.gather.csv; Input files updated by another job: output/sketches/ERR11520723.sig.zip
    wildcards: sample=ERR11520723
    resources: tmpdir=/tmp

sourmash gather output/sketches/ERR11520723.sig.zip ../../Sketched-db/db.plant-entrez-ref.sig.zip --threshold-bp 0 -k 51 -o output/gather/ERR11520723.gather.csv
[Fri Aug  4 04:48:09 2023]
Finished job 38.
6 of 81 steps (7%) done
Select jobs to execute...

[Fri Aug  4 04:48:09 2023]
rule run_sourmash_sketch:
    input: input/ERR11520698_1.fastq.gz, input/ERR11520698_2.fastq.gz
    output: output/sketches/ERR11520698.sig.zip
    jobid: 20
    reason: Missing output files: output/sketches/ERR11520698.sig.zip
    wildcards: sample=ERR11520698
    resources: tmpdir=/tmp

sourmash sketch dna -p scaled=1000,k=21,k=31,k=51,abund input/ERR11520698_1.fastq.gz input/ERR11520698_2.fastq.gz --name 'ERR11520698' -o output/sketches/ERR11520698.sig.zip
[Fri Aug  4 04:48:11 2023]
Finished job 55.
7 of 81 steps (9%) done
Select jobs to execute...

[Fri Aug  4 04:48:11 2023]
rule run_sourmash_sketch:
    input: input/ERR11520691_1.fastq.gz, input/ERR11520691_2.fastq.gz
    output: output/sketches/ERR11520691.sig.zip
    jobid: 6
    reason: Missing output files: output/sketches/ERR11520691.sig.zip
    wildcards: sample=ERR11520691
    resources: tmpdir=/tmp

sourmash sketch dna -p scaled=1000,k=21,k=31,k=51,abund input/ERR11520691_1.fastq.gz input/ERR11520691_2.fastq.gz --name 'ERR11520691' -o output/sketches/ERR11520691.sig.zip
[Fri Aug  4 04:48:12 2023]
Finished job 13.
8 of 81 steps (10%) done
Select jobs to execute...

[Fri Aug  4 04:48:12 2023]
rule run_sourmash_sketch:
    input: input/ERR11520702_1.fastq.gz, input/ERR11520702_2.fastq.gz
    output: output/sketches/ERR11520702.sig.zip
    jobid: 28
    reason: Missing output files: output/sketches/ERR11520702.sig.zip
    wildcards: sample=ERR11520702
    resources: tmpdir=/tmp

sourmash sketch dna -p scaled=1000,k=21,k=31,k=51,abund input/ERR11520702_1.fastq.gz input/ERR11520702_2.fastq.gz --name 'ERR11520702' -o output/sketches/ERR11520702.sig.zip
[Fri Aug  4 04:48:12 2023]
Finished job 76.
9 of 81 steps (11%) done
Select jobs to execute...

[Fri Aug  4 04:48:12 2023]
rule run_sourmash_sketch:
    input: input/ERR11520705_1.fastq.gz, input/ERR11520705_2.fastq.gz
    output: output/sketches/ERR11520705.sig.zip
    jobid: 34
    reason: Missing output files: output/sketches/ERR11520705.sig.zip
    wildcards: sample=ERR11520705
    resources: tmpdir=/tmp

sourmash sketch dna -p scaled=1000,k=21,k=31,k=51,abund input/ERR11520705_1.fastq.gz input/ERR11520705_2.fastq.gz --name 'ERR11520705' -o output/sketches/ERR11520705.sig.zip
[Fri Aug  4 04:48:14 2023]
Finished job 7.
10 of 81 steps (12%) done
Select jobs to execute...

[Fri Aug  4 04:48:14 2023]
rule run_sourmash_gather:
    input: output/sketches/ERR11520707.sig.zip
    output: output/gather/ERR11520707.gather.csv
    jobid: 37
    reason: Missing output files: output/gather/ERR11520707.gather.csv; Input files updated by another job: output/sketches/ERR11520707.sig.zip
    wildcards: sample=ERR11520707
    resources: tmpdir=/tmp

sourmash gather output/sketches/ERR11520707.sig.zip ../../Sketched-db/db.plant-entrez-ref.sig.zip --threshold-bp 0 -k 51 -o output/gather/ERR11520707.gather.csv
[Fri Aug  4 04:48:14 2023]
Finished job 69.
11 of 81 steps (14%) done
Select jobs to execute...

[Fri Aug  4 04:48:14 2023]
rule run_sourmash_sketch:
    input: input/ERR11520689_1.fastq.gz, input/ERR11520689_2.fastq.gz
    output: output/sketches/ERR11520689.sig.zip
    jobid: 2
    reason: Missing output files: output/sketches/ERR11520689.sig.zip
    wildcards: sample=ERR11520689
    resources: tmpdir=/tmp

sourmash sketch dna -p scaled=1000,k=21,k=31,k=51,abund input/ERR11520689_1.fastq.gz input/ERR11520689_2.fastq.gz --name 'ERR11520689' -o output/sketches/ERR11520689.sig.zip
[Fri Aug  4 04:48:21 2023]
Finished job 6.
12 of 81 steps (15%) done
Select jobs to execute...

[Fri Aug  4 04:48:21 2023]
rule run_sourmash_sketch:
    input: input/ERR11520714_1.fastq.gz, input/ERR11520714_2.fastq.gz
    output: output/sketches/ERR11520714.sig.zip
    jobid: 52
    reason: Missing output files: output/sketches/ERR11520714.sig.zip
    wildcards: sample=ERR11520714
    resources: tmpdir=/tmp

sourmash sketch dna -p scaled=1000,k=21,k=31,k=51,abund input/ERR11520714_1.fastq.gz input/ERR11520714_2.fastq.gz --name 'ERR11520714' -o output/sketches/ERR11520714.sig.zip
[Fri Aug  4 04:48:23 2023]
Finished job 20.
13 of 81 steps (16%) done
Select jobs to execute...

[Fri Aug  4 04:48:23 2023]
rule run_sourmash_sketch:
    input: input/ERR11520728_1.fastq.gz, input/ERR11520728_2.fastq.gz
    output: output/sketches/ERR11520728.sig.zip
    jobid: 80
    reason: Missing output files: output/sketches/ERR11520728.sig.zip
    wildcards: sample=ERR11520728
    resources: tmpdir=/tmp

sourmash sketch dna -p scaled=1000,k=21,k=31,k=51,abund input/ERR11520728_1.fastq.gz input/ERR11520728_2.fastq.gz --name 'ERR11520728' -o output/sketches/ERR11520728.sig.zip
[Fri Aug  4 04:48:23 2023]
Finished job 34.
14 of 81 steps (17%) done
Select jobs to execute...

[Fri Aug  4 04:48:23 2023]
rule run_sourmash_sketch:
    input: input/ERR11520700_1.fastq.gz, input/ERR11520700_2.fastq.gz
    output: output/sketches/ERR11520700.sig.zip
    jobid: 24
    reason: Missing output files: output/sketches/ERR11520700.sig.zip
    wildcards: sample=ERR11520700
    resources: tmpdir=/tmp

sourmash sketch dna -p scaled=1000,k=21,k=31,k=51,abund input/ERR11520700_1.fastq.gz input/ERR11520700_2.fastq.gz --name 'ERR11520700' -o output/sketches/ERR11520700.sig.zip
[Fri Aug  4 04:48:29 2023]
Finished job 2.
15 of 81 steps (19%) done
Select jobs to execute...

[Fri Aug  4 04:48:29 2023]
rule run_sourmash_sketch:
    input: input/ERR11520693_1.fastq.gz, input/ERR11520693_2.fastq.gz
    output: output/sketches/ERR11520693.sig.zip
    jobid: 10
    reason: Missing output files: output/sketches/ERR11520693.sig.zip
    wildcards: sample=ERR11520693
    resources: tmpdir=/tmp

sourmash sketch dna -p scaled=1000,k=21,k=31,k=51,abund input/ERR11520693_1.fastq.gz input/ERR11520693_2.fastq.gz --name 'ERR11520693' -o output/sketches/ERR11520693.sig.zip
[Fri Aug  4 04:48:29 2023]
Finished job 37.
16 of 81 steps (20%) done
Select jobs to execute...

[Fri Aug  4 04:48:29 2023]
rule run_sourmash_sketch:
    input: input/ERR11520703_1.fastq.gz, input/ERR11520703_2.fastq.gz
    output: output/sketches/ERR11520703.sig.zip
    jobid: 30
    reason: Missing output files: output/sketches/ERR11520703.sig.zip
    wildcards: sample=ERR11520703
    resources: tmpdir=/tmp

sourmash sketch dna -p scaled=1000,k=21,k=31,k=51,abund input/ERR11520703_1.fastq.gz input/ERR11520703_2.fastq.gz --name 'ERR11520703' -o output/sketches/ERR11520703.sig.zip
[Fri Aug  4 04:48:29 2023]
Finished job 52.
17 of 81 steps (21%) done
Select jobs to execute...

[Fri Aug  4 04:48:29 2023]
rule run_sourmash_sketch:
    input: input/ERR11520721_1.fastq.gz, input/ERR11520721_2.fastq.gz
    output: output/sketches/ERR11520721.sig.zip
    jobid: 66
    reason: Missing output files: output/sketches/ERR11520721.sig.zip
    wildcards: sample=ERR11520721
    resources: tmpdir=/tmp

sourmash sketch dna -p scaled=1000,k=21,k=31,k=51,abund input/ERR11520721_1.fastq.gz input/ERR11520721_2.fastq.gz --name 'ERR11520721' -o output/sketches/ERR11520721.sig.zip
[Fri Aug  4 04:48:30 2023]
Finished job 80.
18 of 81 steps (22%) done
Select jobs to execute...

[Fri Aug  4 04:48:31 2023]
rule run_sourmash_gather:
    input: output/sketches/ERR11520728.sig.zip
    output: output/gather/ERR11520728.gather.csv
    jobid: 79
    reason: Missing output files: output/gather/ERR11520728.gather.csv; Input files updated by another job: output/sketches/ERR11520728.sig.zip
    wildcards: sample=ERR11520728
    resources: tmpdir=/tmp

sourmash gather output/sketches/ERR11520728.sig.zip ../../Sketched-db/db.plant-entrez-ref.sig.zip --threshold-bp 0 -k 51 -o output/gather/ERR11520728.gather.csv
[Fri Aug  4 04:48:32 2023]
Finished job 28.
19 of 81 steps (23%) done
Select jobs to execute...

[Fri Aug  4 04:48:32 2023]
rule run_sourmash_sketch:
    input: input/ERR11520710_1.fastq.gz, input/ERR11520710_2.fastq.gz
    output: output/sketches/ERR11520710.sig.zip
    jobid: 44
    reason: Missing output files: output/sketches/ERR11520710.sig.zip
    wildcards: sample=ERR11520710
    resources: tmpdir=/tmp

sourmash sketch dna -p scaled=1000,k=21,k=31,k=51,abund input/ERR11520710_1.fastq.gz input/ERR11520710_2.fastq.gz --name 'ERR11520710' -o output/sketches/ERR11520710.sig.zip
[Fri Aug  4 04:48:35 2023]
Finished job 24.
20 of 81 steps (25%) done
Select jobs to execute...

[Fri Aug  4 04:48:35 2023]
rule run_sourmash_gather:
    input: output/sketches/ERR11520700.sig.zip
    output: output/gather/ERR11520700.gather.csv
    jobid: 23
    reason: Missing output files: output/gather/ERR11520700.gather.csv; Input files updated by another job: output/sketches/ERR11520700.sig.zip
    wildcards: sample=ERR11520700
    resources: tmpdir=/tmp

sourmash gather output/sketches/ERR11520700.sig.zip ../../Sketched-db/db.plant-entrez-ref.sig.zip --threshold-bp 0 -k 51 -o output/gather/ERR11520700.gather.csv
[Fri Aug  4 04:48:40 2023]
Finished job 10.
21 of 81 steps (26%) done
Select jobs to execute...

[Fri Aug  4 04:48:40 2023]
rule run_sourmash_gather:
    input: output/sketches/ERR11520693.sig.zip
    output: output/gather/ERR11520693.gather.csv
    jobid: 9
    reason: Missing output files: output/gather/ERR11520693.gather.csv; Input files updated by another job: output/sketches/ERR11520693.sig.zip
    wildcards: sample=ERR11520693
    resources: tmpdir=/tmp

sourmash gather output/sketches/ERR11520693.sig.zip ../../Sketched-db/db.plant-entrez-ref.sig.zip --threshold-bp 0 -k 51 -o output/gather/ERR11520693.gather.csv
[Fri Aug  4 04:48:41 2023]
Finished job 66.
22 of 81 steps (27%) done
Select jobs to execute...

[Fri Aug  4 04:48:41 2023]
rule run_sourmash_gather:
    input: output/sketches/ERR11520721.sig.zip
    output: output/gather/ERR11520721.gather.csv
    jobid: 65
    reason: Missing output files: output/gather/ERR11520721.gather.csv; Input files updated by another job: output/sketches/ERR11520721.sig.zip
    wildcards: sample=ERR11520721
    resources: tmpdir=/tmp

sourmash gather output/sketches/ERR11520721.sig.zip ../../Sketched-db/db.plant-entrez-ref.sig.zip --threshold-bp 0 -k 51 -o output/gather/ERR11520721.gather.csv
[Fri Aug  4 04:48:41 2023]
Finished job 79.
23 of 81 steps (28%) done
Select jobs to execute...

[Fri Aug  4 04:48:41 2023]
rule run_sourmash_sketch:
    input: input/ERR11520711_1.fastq.gz, input/ERR11520711_2.fastq.gz
    output: output/sketches/ERR11520711.sig.zip
    jobid: 46
    reason: Missing output files: output/sketches/ERR11520711.sig.zip
    wildcards: sample=ERR11520711
    resources: tmpdir=/tmp

sourmash sketch dna -p scaled=1000,k=21,k=31,k=51,abund input/ERR11520711_1.fastq.gz input/ERR11520711_2.fastq.gz --name 'ERR11520711' -o output/sketches/ERR11520711.sig.zip
[Fri Aug  4 04:48:42 2023]
Finished job 44.
24 of 81 steps (30%) done
Select jobs to execute...

[Fri Aug  4 04:48:42 2023]
rule run_sourmash_sketch:
    input: input/ERR11520704_1.fastq.gz, input/ERR11520704_2.fastq.gz
    output: output/sketches/ERR11520704.sig.zip
    jobid: 32
    reason: Missing output files: output/sketches/ERR11520704.sig.zip
    wildcards: sample=ERR11520704
    resources: tmpdir=/tmp

sourmash sketch dna -p scaled=1000,k=21,k=31,k=51,abund input/ERR11520704_1.fastq.gz input/ERR11520704_2.fastq.gz --name 'ERR11520704' -o output/sketches/ERR11520704.sig.zip
[Fri Aug  4 04:48:45 2023]
Finished job 23.
25 of 81 steps (31%) done
Select jobs to execute...

[Fri Aug  4 04:48:45 2023]
rule run_sourmash_sketch:
    input: input/ERR11520718_1.fastq.gz, input/ERR11520718_2.fastq.gz
    output: output/sketches/ERR11520718.sig.zip
    jobid: 60
    reason: Missing output files: output/sketches/ERR11520718.sig.zip
    wildcards: sample=ERR11520718
    resources: tmpdir=/tmp

sourmash sketch dna -p scaled=1000,k=21,k=31,k=51,abund input/ERR11520718_1.fastq.gz input/ERR11520718_2.fastq.gz --name 'ERR11520718' -o output/sketches/ERR11520718.sig.zip
[Fri Aug  4 04:48:45 2023]
Finished job 30.
26 of 81 steps (32%) done
Select jobs to execute...

[Fri Aug  4 04:48:46 2023]
rule run_sourmash_sketch:
    input: input/ERR11520690_1.fastq.gz, input/ERR11520690_2.fastq.gz
    output: output/sketches/ERR11520690.sig.zip
    jobid: 4
    reason: Missing output files: output/sketches/ERR11520690.sig.zip
    wildcards: sample=ERR11520690
    resources: tmpdir=/tmp

sourmash sketch dna -p scaled=1000,k=21,k=31,k=51,abund input/ERR11520690_1.fastq.gz input/ERR11520690_2.fastq.gz --name 'ERR11520690' -o output/sketches/ERR11520690.sig.zip
[Fri Aug  4 04:48:50 2023]
Finished job 9.
27 of 81 steps (33%) done
Select jobs to execute...

[Fri Aug  4 04:48:50 2023]
rule run_sourmash_gather:
    input: output/sketches/ERR11520714.sig.zip
    output: output/gather/ERR11520714.gather.csv
    jobid: 51
    reason: Missing output files: output/gather/ERR11520714.gather.csv; Input files updated by another job: output/sketches/ERR11520714.sig.zip
    wildcards: sample=ERR11520714
    resources: tmpdir=/tmp

sourmash gather output/sketches/ERR11520714.sig.zip ../../Sketched-db/db.plant-entrez-ref.sig.zip --threshold-bp 0 -k 51 -o output/gather/ERR11520714.gather.csv
[Fri Aug  4 04:48:51 2023]
Finished job 65.
28 of 81 steps (35%) done
Select jobs to execute...

[Fri Aug  4 04:48:51 2023]
rule run_sourmash_sketch:
    input: input/ERR11520725_1.fastq.gz, input/ERR11520725_2.fastq.gz
    output: output/sketches/ERR11520725.sig.zip
    jobid: 74
    reason: Missing output files: output/sketches/ERR11520725.sig.zip
    wildcards: sample=ERR11520725
    resources: tmpdir=/tmp

sourmash sketch dna -p scaled=1000,k=21,k=31,k=51,abund input/ERR11520725_1.fastq.gz input/ERR11520725_2.fastq.gz --name 'ERR11520725' -o output/sketches/ERR11520725.sig.zip
[Fri Aug  4 04:48:54 2023]
Finished job 60.
29 of 81 steps (36%) done
Select jobs to execute...

[Fri Aug  4 04:48:54 2023]
rule run_sourmash_gather:
    input: output/sketches/ERR11520718.sig.zip
    output: output/gather/ERR11520718.gather.csv
    jobid: 59
    reason: Missing output files: output/gather/ERR11520718.gather.csv; Input files updated by another job: output/sketches/ERR11520718.sig.zip
    wildcards: sample=ERR11520718
    resources: tmpdir=/tmp

sourmash gather output/sketches/ERR11520718.sig.zip ../../Sketched-db/db.plant-entrez-ref.sig.zip --threshold-bp 0 -k 51 -o output/gather/ERR11520718.gather.csv
[Fri Aug  4 04:48:54 2023]
Finished job 32.
30 of 81 steps (37%) done
Select jobs to execute...

[Fri Aug  4 04:48:54 2023]
rule run_sourmash_gather:
    input: output/sketches/ERR11520704.sig.zip
    output: output/gather/ERR11520704.gather.csv
    jobid: 31
    reason: Missing output files: output/gather/ERR11520704.gather.csv; Input files updated by another job: output/sketches/ERR11520704.sig.zip
    wildcards: sample=ERR11520704
    resources: tmpdir=/tmp

sourmash gather output/sketches/ERR11520704.sig.zip ../../Sketched-db/db.plant-entrez-ref.sig.zip --threshold-bp 0 -k 51 -o output/gather/ERR11520704.gather.csv
[Fri Aug  4 04:48:54 2023]
Finished job 46.
31 of 81 steps (38%) done
Select jobs to execute...

[Fri Aug  4 04:48:54 2023]
rule run_sourmash_gather:
    input: output/sketches/ERR11520711.sig.zip
    output: output/gather/ERR11520711.gather.csv
    jobid: 45
    reason: Missing output files: output/gather/ERR11520711.gather.csv; Input files updated by another job: output/sketches/ERR11520711.sig.zip
    wildcards: sample=ERR11520711
    resources: tmpdir=/tmp

sourmash gather output/sketches/ERR11520711.sig.zip ../../Sketched-db/db.plant-entrez-ref.sig.zip --threshold-bp 0 -k 51 -o output/gather/ERR11520711.gather.csv
[Fri Aug  4 04:49:01 2023]
Finished job 51.
32 of 81 steps (40%) done
Select jobs to execute...

[Fri Aug  4 04:49:01 2023]
rule run_sourmash_sketch:
    input: input/ERR11520697_1.fastq.gz, input/ERR11520697_2.fastq.gz
    output: output/sketches/ERR11520697.sig.zip
    jobid: 18
    reason: Missing output files: output/sketches/ERR11520697.sig.zip
    wildcards: sample=ERR11520697
    resources: tmpdir=/tmp

sourmash sketch dna -p scaled=1000,k=21,k=31,k=51,abund input/ERR11520697_1.fastq.gz input/ERR11520697_2.fastq.gz --name 'ERR11520697' -o output/sketches/ERR11520697.sig.zip
[Fri Aug  4 04:49:01 2023]
Finished job 4.
33 of 81 steps (41%) done
Select jobs to execute...

[Fri Aug  4 04:49:01 2023]
rule run_sourmash_sketch:
    input: input/ERR11520696_1.fastq.gz, input/ERR11520696_2.fastq.gz
    output: output/sketches/ERR11520696.sig.zip
    jobid: 16
    reason: Missing output files: output/sketches/ERR11520696.sig.zip
    wildcards: sample=ERR11520696
    resources: tmpdir=/tmp

sourmash sketch dna -p scaled=1000,k=21,k=31,k=51,abund input/ERR11520696_1.fastq.gz input/ERR11520696_2.fastq.gz --name 'ERR11520696' -o output/sketches/ERR11520696.sig.zip
[Fri Aug  4 04:49:03 2023]
Finished job 74.
34 of 81 steps (42%) done
Select jobs to execute...

[Fri Aug  4 04:49:03 2023]
rule run_sourmash_gather:
    input: output/sketches/ERR11520725.sig.zip
    output: output/gather/ERR11520725.gather.csv
    jobid: 73
    reason: Missing output files: output/gather/ERR11520725.gather.csv; Input files updated by another job: output/sketches/ERR11520725.sig.zip
    wildcards: sample=ERR11520725
    resources: tmpdir=/tmp

sourmash gather output/sketches/ERR11520725.sig.zip ../../Sketched-db/db.plant-entrez-ref.sig.zip --threshold-bp 0 -k 51 -o output/gather/ERR11520725.gather.csv
[Fri Aug  4 04:49:03 2023]
Finished job 31.
35 of 81 steps (43%) done
Select jobs to execute...

[Fri Aug  4 04:49:03 2023]
rule run_sourmash_gather:
    input: output/sketches/ERR11520698.sig.zip
    output: output/gather/ERR11520698.gather.csv
    jobid: 19
    reason: Missing output files: output/gather/ERR11520698.gather.csv; Input files updated by another job: output/sketches/ERR11520698.sig.zip
    wildcards: sample=ERR11520698
    resources: tmpdir=/tmp

sourmash gather output/sketches/ERR11520698.sig.zip ../../Sketched-db/db.plant-entrez-ref.sig.zip --threshold-bp 0 -k 51 -o output/gather/ERR11520698.gather.csv
[Fri Aug  4 04:49:04 2023]
Finished job 59.
36 of 81 steps (44%) done
Select jobs to execute...

[Fri Aug  4 04:49:04 2023]
rule run_sourmash_gather:
    input: output/sketches/ERR11520705.sig.zip
    output: output/gather/ERR11520705.gather.csv
    jobid: 33
    reason: Missing output files: output/gather/ERR11520705.gather.csv; Input files updated by another job: output/sketches/ERR11520705.sig.zip
    wildcards: sample=ERR11520705
    resources: tmpdir=/tmp

sourmash gather output/sketches/ERR11520705.sig.zip ../../Sketched-db/db.plant-entrez-ref.sig.zip --threshold-bp 0 -k 51 -o output/gather/ERR11520705.gather.csv
[Fri Aug  4 04:49:04 2023]
Finished job 45.
37 of 81 steps (46%) done
Select jobs to execute...

[Fri Aug  4 04:49:04 2023]
rule run_sourmash_gather:
    input: output/sketches/ERR11520691.sig.zip
    output: output/gather/ERR11520691.gather.csv
    jobid: 5
    reason: Missing output files: output/gather/ERR11520691.gather.csv; Input files updated by another job: output/sketches/ERR11520691.sig.zip
    wildcards: sample=ERR11520691
    resources: tmpdir=/tmp

sourmash gather output/sketches/ERR11520691.sig.zip ../../Sketched-db/db.plant-entrez-ref.sig.zip --threshold-bp 0 -k 51 -o output/gather/ERR11520691.gather.csv
[Fri Aug  4 04:49:08 2023]
Finished job 16.
38 of 81 steps (47%) done
Select jobs to execute...

[Fri Aug  4 04:49:08 2023]
rule run_sourmash_gather:
    input: output/sketches/ERR11520726.sig.zip
    output: output/gather/ERR11520726.gather.csv
    jobid: 75
    reason: Missing output files: output/gather/ERR11520726.gather.csv; Input files updated by another job: output/sketches/ERR11520726.sig.zip
    wildcards: sample=ERR11520726
    resources: tmpdir=/tmp

sourmash gather output/sketches/ERR11520726.sig.zip ../../Sketched-db/db.plant-entrez-ref.sig.zip --threshold-bp 0 -k 51 -o output/gather/ERR11520726.gather.csv
[Fri Aug  4 04:49:11 2023]
Finished job 18.
39 of 81 steps (48%) done
Select jobs to execute...

[Fri Aug  4 04:49:11 2023]
rule run_sourmash_gather:
    input: output/sketches/ERR11520697.sig.zip
    output: output/gather/ERR11520697.gather.csv
    jobid: 17
    reason: Missing output files: output/gather/ERR11520697.gather.csv; Input files updated by another job: output/sketches/ERR11520697.sig.zip
    wildcards: sample=ERR11520697
    resources: tmpdir=/tmp

sourmash gather output/sketches/ERR11520697.sig.zip ../../Sketched-db/db.plant-entrez-ref.sig.zip --threshold-bp 0 -k 51 -o output/gather/ERR11520697.gather.csv
[Fri Aug  4 04:49:12 2023]
Finished job 19.
40 of 81 steps (49%) done
Select jobs to execute...

[Fri Aug  4 04:49:12 2023]
rule run_sourmash_sketch:
    input: input/ERR11520715_1.fastq.gz, input/ERR11520715_2.fastq.gz
    output: output/sketches/ERR11520715.sig.zip
    jobid: 54
    reason: Missing output files: output/sketches/ERR11520715.sig.zip
    wildcards: sample=ERR11520715
    resources: tmpdir=/tmp

sourmash sketch dna -p scaled=1000,k=21,k=31,k=51,abund input/ERR11520715_1.fastq.gz input/ERR11520715_2.fastq.gz --name 'ERR11520715' -o output/sketches/ERR11520715.sig.zip
[Fri Aug  4 04:49:13 2023]
Finished job 5.
41 of 81 steps (51%) done
Select jobs to execute...

[Fri Aug  4 04:49:13 2023]
rule run_sourmash_sketch:
    input: input/ERR11520701_1.fastq.gz, input/ERR11520701_2.fastq.gz
    output: output/sketches/ERR11520701.sig.zip
    jobid: 26
    reason: Missing output files: output/sketches/ERR11520701.sig.zip
    wildcards: sample=ERR11520701
    resources: tmpdir=/tmp

sourmash sketch dna -p scaled=1000,k=21,k=31,k=51,abund input/ERR11520701_1.fastq.gz input/ERR11520701_2.fastq.gz --name 'ERR11520701' -o output/sketches/ERR11520701.sig.zip
[Fri Aug  4 04:49:14 2023]
Finished job 33.
42 of 81 steps (52%) done
Select jobs to execute...

[Fri Aug  4 04:49:14 2023]
rule run_sourmash_sketch:
    input: input/ERR11520708_1.fastq.gz, input/ERR11520708_2.fastq.gz
    output: output/sketches/ERR11520708.sig.zip
    jobid: 40
    reason: Missing output files: output/sketches/ERR11520708.sig.zip
    wildcards: sample=ERR11520708
    resources: tmpdir=/tmp

sourmash sketch dna -p scaled=1000,k=21,k=31,k=51,abund input/ERR11520708_1.fastq.gz input/ERR11520708_2.fastq.gz --name 'ERR11520708' -o output/sketches/ERR11520708.sig.zip
[Fri Aug  4 04:49:14 2023]
Finished job 73.
43 of 81 steps (53%) done
Select jobs to execute...

[Fri Aug  4 04:49:14 2023]
rule run_sourmash_sketch:
    input: input/ERR11520713_1.fastq.gz, input/ERR11520713_2.fastq.gz
    output: output/sketches/ERR11520713.sig.zip
    jobid: 50
    reason: Missing output files: output/sketches/ERR11520713.sig.zip
    wildcards: sample=ERR11520713
    resources: tmpdir=/tmp

sourmash sketch dna -p scaled=1000,k=21,k=31,k=51,abund input/ERR11520713_1.fastq.gz input/ERR11520713_2.fastq.gz --name 'ERR11520713' -o output/sketches/ERR11520713.sig.zip
[Fri Aug  4 04:49:19 2023]
Finished job 75.
44 of 81 steps (54%) done
Select jobs to execute...

[Fri Aug  4 04:49:19 2023]
rule run_sourmash_sketch:
    input: input/ERR11520720_1.fastq.gz, input/ERR11520720_2.fastq.gz
    output: output/sketches/ERR11520720.sig.zip
    jobid: 64
    reason: Missing output files: output/sketches/ERR11520720.sig.zip
    wildcards: sample=ERR11520720
    resources: tmpdir=/tmp

sourmash sketch dna -p scaled=1000,k=21,k=31,k=51,abund input/ERR11520720_1.fastq.gz input/ERR11520720_2.fastq.gz --name 'ERR11520720' -o output/sketches/ERR11520720.sig.zip
[Fri Aug  4 04:49:22 2023]
Finished job 17.
45 of 81 steps (56%) done
Select jobs to execute...

[Fri Aug  4 04:49:22 2023]
rule run_sourmash_sketch:
    input: input/ERR11520699_1.fastq.gz, input/ERR11520699_2.fastq.gz
    output: output/sketches/ERR11520699.sig.zip
    jobid: 22
    reason: Missing output files: output/sketches/ERR11520699.sig.zip
    wildcards: sample=ERR11520699
    resources: tmpdir=/tmp

sourmash sketch dna -p scaled=1000,k=21,k=31,k=51,abund input/ERR11520699_1.fastq.gz input/ERR11520699_2.fastq.gz --name 'ERR11520699' -o output/sketches/ERR11520699.sig.zip
[Fri Aug  4 04:49:23 2023]
Finished job 26.
46 of 81 steps (57%) done
Select jobs to execute...

[Fri Aug  4 04:49:23 2023]
rule run_sourmash_sketch:
    input: input/ERR11520727_1.fastq.gz, input/ERR11520727_2.fastq.gz
    output: output/sketches/ERR11520727.sig.zip
    jobid: 78
    reason: Missing output files: output/sketches/ERR11520727.sig.zip
    wildcards: sample=ERR11520727
    resources: tmpdir=/tmp

sourmash sketch dna -p scaled=1000,k=21,k=31,k=51,abund input/ERR11520727_1.fastq.gz input/ERR11520727_2.fastq.gz --name 'ERR11520727' -o output/sketches/ERR11520727.sig.zip
[Fri Aug  4 04:49:25 2023]
Finished job 50.
47 of 81 steps (58%) done
Select jobs to execute...

[Fri Aug  4 04:49:25 2023]
rule run_sourmash_sketch:
    input: input/ERR11520724_1.fastq.gz, input/ERR11520724_2.fastq.gz
    output: output/sketches/ERR11520724.sig.zip
    jobid: 72
    reason: Missing output files: output/sketches/ERR11520724.sig.zip
    wildcards: sample=ERR11520724
    resources: tmpdir=/tmp

sourmash sketch dna -p scaled=1000,k=21,k=31,k=51,abund input/ERR11520724_1.fastq.gz input/ERR11520724_2.fastq.gz --name 'ERR11520724' -o output/sketches/ERR11520724.sig.zip
[Fri Aug  4 04:49:26 2023]
Finished job 54.
48 of 81 steps (59%) done
Select jobs to execute...

[Fri Aug  4 04:49:26 2023]
rule run_sourmash_gather:
    input: output/sketches/ERR11520715.sig.zip
    output: output/gather/ERR11520715.gather.csv
    jobid: 53
    reason: Missing output files: output/gather/ERR11520715.gather.csv; Input files updated by another job: output/sketches/ERR11520715.sig.zip
    wildcards: sample=ERR11520715
    resources: tmpdir=/tmp

sourmash gather output/sketches/ERR11520715.sig.zip ../../Sketched-db/db.plant-entrez-ref.sig.zip --threshold-bp 0 -k 51 -o output/gather/ERR11520715.gather.csv
[Fri Aug  4 04:49:28 2023]
Finished job 64.
49 of 81 steps (60%) done
Select jobs to execute...

[Fri Aug  4 04:49:28 2023]
rule run_sourmash_gather:
    input: output/sketches/ERR11520701.sig.zip
    output: output/gather/ERR11520701.gather.csv
    jobid: 25
    reason: Missing output files: output/gather/ERR11520701.gather.csv; Input files updated by another job: output/sketches/ERR11520701.sig.zip
    wildcards: sample=ERR11520701
    resources: tmpdir=/tmp

sourmash gather output/sketches/ERR11520701.sig.zip ../../Sketched-db/db.plant-entrez-ref.sig.zip --threshold-bp 0 -k 51 -o output/gather/ERR11520701.gather.csv
[Fri Aug  4 04:49:28 2023]
Finished job 22.
50 of 81 steps (62%) done
Select jobs to execute...

[Fri Aug  4 04:49:29 2023]
rule run_sourmash_gather:
    input: output/sketches/ERR11520702.sig.zip
    output: output/gather/ERR11520702.gather.csv
    jobid: 27
    reason: Missing output files: output/gather/ERR11520702.gather.csv; Input files updated by another job: output/sketches/ERR11520702.sig.zip
    wildcards: sample=ERR11520702
    resources: tmpdir=/tmp

sourmash gather output/sketches/ERR11520702.sig.zip ../../Sketched-db/db.plant-entrez-ref.sig.zip --threshold-bp 0 -k 51 -o output/gather/ERR11520702.gather.csv
[Fri Aug  4 04:49:33 2023]
Finished job 78.
51 of 81 steps (63%) done
Select jobs to execute...

[Fri Aug  4 04:49:34 2023]
rule run_sourmash_gather:
    input: output/sketches/ERR11520717.sig.zip
    output: output/gather/ERR11520717.gather.csv
    jobid: 57
    reason: Missing output files: output/gather/ERR11520717.gather.csv; Input files updated by another job: output/sketches/ERR11520717.sig.zip
    wildcards: sample=ERR11520717
    resources: tmpdir=/tmp

sourmash gather output/sketches/ERR11520717.sig.zip ../../Sketched-db/db.plant-entrez-ref.sig.zip --threshold-bp 0 -k 51 -o output/gather/ERR11520717.gather.csv
[Fri Aug  4 04:49:34 2023]
Finished job 40.
52 of 81 steps (64%) done
Select jobs to execute...

[Fri Aug  4 04:49:34 2023]
rule run_sourmash_gather:
    input: output/sketches/ERR11520708.sig.zip
    output: output/gather/ERR11520708.gather.csv
    jobid: 39
    reason: Missing output files: output/gather/ERR11520708.gather.csv; Input files updated by another job: output/sketches/ERR11520708.sig.zip
    wildcards: sample=ERR11520708
    resources: tmpdir=/tmp

sourmash gather output/sketches/ERR11520708.sig.zip ../../Sketched-db/db.plant-entrez-ref.sig.zip --threshold-bp 0 -k 51 -o output/gather/ERR11520708.gather.csv
[Fri Aug  4 04:49:34 2023]
Finished job 72.
53 of 81 steps (65%) done
Select jobs to execute...

[Fri Aug  4 04:49:34 2023]
rule run_sourmash_gather:
    input: output/sketches/ERR11520689.sig.zip
    output: output/gather/ERR11520689.gather.csv
    jobid: 1
    reason: Missing output files: output/gather/ERR11520689.gather.csv; Input files updated by another job: output/sketches/ERR11520689.sig.zip
    wildcards: sample=ERR11520689
    resources: tmpdir=/tmp

sourmash gather output/sketches/ERR11520689.sig.zip ../../Sketched-db/db.plant-entrez-ref.sig.zip --threshold-bp 0 -k 51 -o output/gather/ERR11520689.gather.csv
[Fri Aug  4 04:49:36 2023]
Finished job 53.
54 of 81 steps (67%) done
Select jobs to execute...

[Fri Aug  4 04:49:36 2023]
rule run_sourmash_gather:
    input: output/sketches/ERR11520699.sig.zip
    output: output/gather/ERR11520699.gather.csv
    jobid: 21
    reason: Missing output files: output/gather/ERR11520699.gather.csv; Input files updated by another job: output/sketches/ERR11520699.sig.zip
    wildcards: sample=ERR11520699
    resources: tmpdir=/tmp

sourmash gather output/sketches/ERR11520699.sig.zip ../../Sketched-db/db.plant-entrez-ref.sig.zip --threshold-bp 0 -k 51 -o output/gather/ERR11520699.gather.csv
[Fri Aug  4 04:49:38 2023]
Finished job 25.
55 of 81 steps (68%) done
Select jobs to execute...

[Fri Aug  4 04:49:38 2023]
rule run_sourmash_gather:
    input: output/sketches/ERR11520727.sig.zip
    output: output/gather/ERR11520727.gather.csv
    jobid: 77
    reason: Missing output files: output/gather/ERR11520727.gather.csv; Input files updated by another job: output/sketches/ERR11520727.sig.zip
    wildcards: sample=ERR11520727
    resources: tmpdir=/tmp

sourmash gather output/sketches/ERR11520727.sig.zip ../../Sketched-db/db.plant-entrez-ref.sig.zip --threshold-bp 0 -k 51 -o output/gather/ERR11520727.gather.csv
[Fri Aug  4 04:49:39 2023]
Finished job 27.
56 of 81 steps (69%) done
Select jobs to execute...

[Fri Aug  4 04:49:39 2023]
rule run_sourmash_sketch:
    input: input/ERR11520722_1.fastq.gz, input/ERR11520722_2.fastq.gz
    output: output/sketches/ERR11520722.sig.zip
    jobid: 68
    reason: Missing output files: output/sketches/ERR11520722.sig.zip
    wildcards: sample=ERR11520722
    resources: tmpdir=/tmp

sourmash sketch dna -p scaled=1000,k=21,k=31,k=51,abund input/ERR11520722_1.fastq.gz input/ERR11520722_2.fastq.gz --name 'ERR11520722' -o output/sketches/ERR11520722.sig.zip
[Fri Aug  4 04:49:43 2023]
Finished job 1.
57 of 81 steps (70%) done
Select jobs to execute...

[Fri Aug  4 04:49:43 2023]
rule run_sourmash_sketch:
    input: input/ERR11520709_1.fastq.gz, input/ERR11520709_2.fastq.gz
    output: output/sketches/ERR11520709.sig.zip
    jobid: 42
    reason: Missing output files: output/sketches/ERR11520709.sig.zip
    wildcards: sample=ERR11520709
    resources: tmpdir=/tmp

sourmash sketch dna -p scaled=1000,k=21,k=31,k=51,abund input/ERR11520709_1.fastq.gz input/ERR11520709_2.fastq.gz --name 'ERR11520709' -o output/sketches/ERR11520709.sig.zip
[Fri Aug  4 04:49:44 2023]
Finished job 57.
58 of 81 steps (72%) done
Select jobs to execute...

[Fri Aug  4 04:49:44 2023]
rule run_sourmash_gather:
    input: output/sketches/ERR11520690.sig.zip
    output: output/gather/ERR11520690.gather.csv
    jobid: 3
    reason: Missing output files: output/gather/ERR11520690.gather.csv; Input files updated by another job: output/sketches/ERR11520690.sig.zip
    wildcards: sample=ERR11520690
    resources: tmpdir=/tmp

sourmash gather output/sketches/ERR11520690.sig.zip ../../Sketched-db/db.plant-entrez-ref.sig.zip --threshold-bp 0 -k 51 -o output/gather/ERR11520690.gather.csv
[Fri Aug  4 04:49:47 2023]
Finished job 39.
59 of 81 steps (73%) done
Select jobs to execute...

[Fri Aug  4 04:49:47 2023]
rule run_sourmash_sketch:
    input: input/ERR11520719_1.fastq.gz, input/ERR11520719_2.fastq.gz
    output: output/sketches/ERR11520719.sig.zip
    jobid: 62
    reason: Missing output files: output/sketches/ERR11520719.sig.zip
    wildcards: sample=ERR11520719
    resources: tmpdir=/tmp

sourmash sketch dna -p scaled=1000,k=21,k=31,k=51,abund input/ERR11520719_1.fastq.gz input/ERR11520719_2.fastq.gz --name 'ERR11520719' -o output/sketches/ERR11520719.sig.zip
[Fri Aug  4 04:49:47 2023]
Finished job 77.
60 of 81 steps (74%) done
Select jobs to execute...

[Fri Aug  4 04:49:47 2023]
rule run_sourmash_sketch:
    input: input/ERR11520712_1.fastq.gz, input/ERR11520712_2.fastq.gz
    output: output/sketches/ERR11520712.sig.zip
    jobid: 48
    reason: Missing output files: output/sketches/ERR11520712.sig.zip
    wildcards: sample=ERR11520712
    resources: tmpdir=/tmp

sourmash sketch dna -p scaled=1000,k=21,k=31,k=51,abund input/ERR11520712_1.fastq.gz input/ERR11520712_2.fastq.gz --name 'ERR11520712' -o output/sketches/ERR11520712.sig.zip
[Fri Aug  4 04:49:48 2023]
Finished job 21.
61 of 81 steps (75%) done
Select jobs to execute...

[Fri Aug  4 04:49:48 2023]
rule run_sourmash_sketch:
    input: input/ERR11520694_1.fastq.gz, input/ERR11520694_2.fastq.gz
    output: output/sketches/ERR11520694.sig.zip
    jobid: 12
    reason: Missing output files: output/sketches/ERR11520694.sig.zip
    wildcards: sample=ERR11520694
    resources: tmpdir=/tmp

sourmash sketch dna -p scaled=1000,k=21,k=31,k=51,abund input/ERR11520694_1.fastq.gz input/ERR11520694_2.fastq.gz --name 'ERR11520694' -o output/sketches/ERR11520694.sig.zip
[Fri Aug  4 04:49:48 2023]
Finished job 68.
62 of 81 steps (77%) done
Select jobs to execute...

[Fri Aug  4 04:49:49 2023]
rule run_sourmash_gather:
    input: output/sketches/ERR11520720.sig.zip
    output: output/gather/ERR11520720.gather.csv
    jobid: 63
    reason: Missing output files: output/gather/ERR11520720.gather.csv; Input files updated by another job: output/sketches/ERR11520720.sig.zip
    wildcards: sample=ERR11520720
    resources: tmpdir=/tmp

sourmash gather output/sketches/ERR11520720.sig.zip ../../Sketched-db/db.plant-entrez-ref.sig.zip --threshold-bp 0 -k 51 -o output/gather/ERR11520720.gather.csv
[Fri Aug  4 04:49:52 2023]
Finished job 42.
63 of 81 steps (78%) done
Select jobs to execute...

[Fri Aug  4 04:49:52 2023]
rule run_sourmash_gather:
    input: output/sketches/ERR11520713.sig.zip
    output: output/gather/ERR11520713.gather.csv
    jobid: 49
    reason: Missing output files: output/gather/ERR11520713.gather.csv; Input files updated by another job: output/sketches/ERR11520713.sig.zip
    wildcards: sample=ERR11520713
    resources: tmpdir=/tmp

sourmash gather output/sketches/ERR11520713.sig.zip ../../Sketched-db/db.plant-entrez-ref.sig.zip --threshold-bp 0 -k 51 -o output/gather/ERR11520713.gather.csv
[Fri Aug  4 04:49:55 2023]
Finished job 3.
64 of 81 steps (79%) done
Select jobs to execute...

[Fri Aug  4 04:49:55 2023]
rule run_sourmash_gather:
    input: output/sketches/ERR11520724.sig.zip
    output: output/gather/ERR11520724.gather.csv
    jobid: 71
    reason: Missing output files: output/gather/ERR11520724.gather.csv; Input files updated by another job: output/sketches/ERR11520724.sig.zip
    wildcards: sample=ERR11520724
    resources: tmpdir=/tmp

sourmash gather output/sketches/ERR11520724.sig.zip ../../Sketched-db/db.plant-entrez-ref.sig.zip --threshold-bp 0 -k 51 -o output/gather/ERR11520724.gather.csv
[Fri Aug  4 04:49:57 2023]
Finished job 12.
65 of 81 steps (80%) done
Select jobs to execute...

[Fri Aug  4 04:49:57 2023]
rule run_sourmash_gather:
    input: output/sketches/ERR11520696.sig.zip
    output: output/gather/ERR11520696.gather.csv
    jobid: 15
    reason: Missing output files: output/gather/ERR11520696.gather.csv; Input files updated by another job: output/sketches/ERR11520696.sig.zip
    wildcards: sample=ERR11520696
    resources: tmpdir=/tmp

sourmash gather output/sketches/ERR11520696.sig.zip ../../Sketched-db/db.plant-entrez-ref.sig.zip --threshold-bp 0 -k 51 -o output/gather/ERR11520696.gather.csv
[Fri Aug  4 04:49:58 2023]
Finished job 48.
66 of 81 steps (81%) done
Select jobs to execute...

[Fri Aug  4 04:49:58 2023]
rule run_sourmash_gather:
    input: output/sketches/ERR11520712.sig.zip
    output: output/gather/ERR11520712.gather.csv
    jobid: 47
    reason: Missing output files: output/gather/ERR11520712.gather.csv; Input files updated by another job: output/sketches/ERR11520712.sig.zip
    wildcards: sample=ERR11520712
    resources: tmpdir=/tmp

sourmash gather output/sketches/ERR11520712.sig.zip ../../Sketched-db/db.plant-entrez-ref.sig.zip --threshold-bp 0 -k 51 -o output/gather/ERR11520712.gather.csv
[Fri Aug  4 04:49:58 2023]
Finished job 62.
67 of 81 steps (83%) done
Select jobs to execute...

[Fri Aug  4 04:49:58 2023]
rule run_sourmash_gather:
    input: output/sketches/ERR11520719.sig.zip
    output: output/gather/ERR11520719.gather.csv
    jobid: 61
    reason: Missing output files: output/gather/ERR11520719.gather.csv; Input files updated by another job: output/sketches/ERR11520719.sig.zip
    wildcards: sample=ERR11520719
    resources: tmpdir=/tmp

sourmash gather output/sketches/ERR11520719.sig.zip ../../Sketched-db/db.plant-entrez-ref.sig.zip --threshold-bp 0 -k 51 -o output/gather/ERR11520719.gather.csv
[Fri Aug  4 04:49:58 2023]
Finished job 63.
68 of 81 steps (84%) done
Select jobs to execute...

[Fri Aug  4 04:49:59 2023]
rule run_sourmash_gather:
    input: output/sketches/ERR11520703.sig.zip
    output: output/gather/ERR11520703.gather.csv
    jobid: 29
    reason: Missing output files: output/gather/ERR11520703.gather.csv; Input files updated by another job: output/sketches/ERR11520703.sig.zip
    wildcards: sample=ERR11520703
    resources: tmpdir=/tmp

sourmash gather output/sketches/ERR11520703.sig.zip ../../Sketched-db/db.plant-entrez-ref.sig.zip --threshold-bp 0 -k 51 -o output/gather/ERR11520703.gather.csv
[Fri Aug  4 04:50:03 2023]
Finished job 49.
69 of 81 steps (85%) done
Select jobs to execute...

[Fri Aug  4 04:50:03 2023]
rule run_sourmash_gather:
    input: output/sketches/ERR11520710.sig.zip
    output: output/gather/ERR11520710.gather.csv
    jobid: 43
    reason: Missing output files: output/gather/ERR11520710.gather.csv; Input files updated by another job: output/sketches/ERR11520710.sig.zip
    wildcards: sample=ERR11520710
    resources: tmpdir=/tmp

sourmash gather output/sketches/ERR11520710.sig.zip ../../Sketched-db/db.plant-entrez-ref.sig.zip --threshold-bp 0 -k 51 -o output/gather/ERR11520710.gather.csv
[Fri Aug  4 04:50:05 2023]
Finished job 71.
70 of 81 steps (86%) done
Select jobs to execute...

[Fri Aug  4 04:50:05 2023]
rule run_sourmash_gather:
    input: output/sketches/ERR11520722.sig.zip
    output: output/gather/ERR11520722.gather.csv
    jobid: 67
    reason: Missing output files: output/gather/ERR11520722.gather.csv; Input files updated by another job: output/sketches/ERR11520722.sig.zip
    wildcards: sample=ERR11520722
    resources: tmpdir=/tmp

sourmash gather output/sketches/ERR11520722.sig.zip ../../Sketched-db/db.plant-entrez-ref.sig.zip --threshold-bp 0 -k 51 -o output/gather/ERR11520722.gather.csv
[Fri Aug  4 04:50:06 2023]
Finished job 47.
71 of 81 steps (88%) done
Select jobs to execute...

[Fri Aug  4 04:50:06 2023]
rule run_sourmash_gather:
    input: output/sketches/ERR11520694.sig.zip
    output: output/gather/ERR11520694.gather.csv
    jobid: 11
    reason: Missing output files: output/gather/ERR11520694.gather.csv; Input files updated by another job: output/sketches/ERR11520694.sig.zip
    wildcards: sample=ERR11520694
    resources: tmpdir=/tmp

sourmash gather output/sketches/ERR11520694.sig.zip ../../Sketched-db/db.plant-entrez-ref.sig.zip --threshold-bp 0 -k 51 -o output/gather/ERR11520694.gather.csv
[Fri Aug  4 04:50:07 2023]
Finished job 15.
72 of 81 steps (89%) done
Select jobs to execute...

[Fri Aug  4 04:50:07 2023]
rule run_sourmash_gather:
    input: output/sketches/ERR11520709.sig.zip
    output: output/gather/ERR11520709.gather.csv
    jobid: 41
    reason: Missing output files: output/gather/ERR11520709.gather.csv; Input files updated by another job: output/sketches/ERR11520709.sig.zip
    wildcards: sample=ERR11520709
    resources: tmpdir=/tmp

sourmash gather output/sketches/ERR11520709.sig.zip ../../Sketched-db/db.plant-entrez-ref.sig.zip --threshold-bp 0 -k 51 -o output/gather/ERR11520709.gather.csv
[Fri Aug  4 04:50:09 2023]
Finished job 61.
73 of 81 steps (90%) done
Select jobs to execute...

[Fri Aug  4 04:50:09 2023]
rule run_sourmash_sketch:
    input: input/ERR11520706_1.fastq.gz, input/ERR11520706_2.fastq.gz
    output: output/sketches/ERR11520706.sig.zip
    jobid: 36
    reason: Missing output files: output/sketches/ERR11520706.sig.zip
    wildcards: sample=ERR11520706
    resources: tmpdir=/tmp

sourmash sketch dna -p scaled=1000,k=21,k=31,k=51,abund input/ERR11520706_1.fastq.gz input/ERR11520706_2.fastq.gz --name 'ERR11520706' -o output/sketches/ERR11520706.sig.zip
[Fri Aug  4 04:50:10 2023]
Finished job 29.
74 of 81 steps (91%) done
[Fri Aug  4 04:50:14 2023]
Finished job 43.
75 of 81 steps (93%) done
[Fri Aug  4 04:50:14 2023]
Finished job 41.
76 of 81 steps (94%) done
[Fri Aug  4 04:50:15 2023]
Finished job 67.
77 of 81 steps (95%) done
[Fri Aug  4 04:50:16 2023]
Finished job 11.
78 of 81 steps (96%) done
[Fri Aug  4 04:50:17 2023]
Finished job 36.
79 of 81 steps (98%) done
Select jobs to execute...

[Fri Aug  4 04:50:17 2023]
rule run_sourmash_gather:
    input: output/sketches/ERR11520706.sig.zip
    output: output/gather/ERR11520706.gather.csv
    jobid: 35
    reason: Missing output files: output/gather/ERR11520706.gather.csv; Input files updated by another job: output/sketches/ERR11520706.sig.zip
    wildcards: sample=ERR11520706
    resources: tmpdir=/tmp

sourmash gather output/sketches/ERR11520706.sig.zip ../../Sketched-db/db.plant-entrez-ref.sig.zip --threshold-bp 0 -k 51 -o output/gather/ERR11520706.gather.csv
[Fri Aug  4 04:50:22 2023]
Finished job 35.
80 of 81 steps (99%) done
Select jobs to execute...

[Fri Aug  4 04:50:22 2023]
localrule all:
    input: output/gather/ERR11520689.gather.csv, output/gather/ERR11520690.gather.csv, output/gather/ERR11520691.gather.csv, output/gather/ERR11520692.gather.csv, output/gather/ERR11520693.gather.csv, output/gather/ERR11520694.gather.csv, output/gather/ERR11520695.gather.csv, output/gather/ERR11520696.gather.csv, output/gather/ERR11520697.gather.csv, output/gather/ERR11520698.gather.csv, output/gather/ERR11520699.gather.csv, output/gather/ERR11520700.gather.csv, output/gather/ERR11520701.gather.csv, output/gather/ERR11520702.gather.csv, output/gather/ERR11520703.gather.csv, output/gather/ERR11520704.gather.csv, output/gather/ERR11520705.gather.csv, output/gather/ERR11520706.gather.csv, output/gather/ERR11520707.gather.csv, output/gather/ERR11520708.gather.csv, output/gather/ERR11520709.gather.csv, output/gather/ERR11520710.gather.csv, output/gather/ERR11520711.gather.csv, output/gather/ERR11520712.gather.csv, output/gather/ERR11520713.gather.csv, output/gather/ERR11520714.gather.csv, output/gather/ERR11520715.gather.csv, output/gather/ERR11520716.gather.csv, output/gather/ERR11520717.gather.csv, output/gather/ERR11520718.gather.csv, output/gather/ERR11520719.gather.csv, output/gather/ERR11520720.gather.csv, output/gather/ERR11520721.gather.csv, output/gather/ERR11520722.gather.csv, output/gather/ERR11520723.gather.csv, output/gather/ERR11520724.gather.csv, output/gather/ERR11520725.gather.csv, output/gather/ERR11520726.gather.csv, output/gather/ERR11520727.gather.csv, output/gather/ERR11520728.gather.csv
    jobid: 0
    reason: Input files updated by another job: output/gather/ERR11520721.gather.csv, output/gather/ERR11520695.gather.csv, output/gather/ERR11520707.gather.csv, output/gather/ERR11520692.gather.csv, output/gather/ERR11520717.gather.csv, output/gather/ERR11520718.gather.csv, output/gather/ERR11520724.gather.csv, output/gather/ERR11520690.gather.csv, output/gather/ERR11520708.gather.csv, output/gather/ERR11520709.gather.csv, output/gather/ERR11520722.gather.csv, output/gather/ERR11520716.gather.csv, output/gather/ERR11520705.gather.csv, output/gather/ERR11520723.gather.csv, output/gather/ERR11520697.gather.csv, output/gather/ERR11520704.gather.csv, output/gather/ERR11520699.gather.csv, output/gather/ERR11520703.gather.csv, output/gather/ERR11520727.gather.csv, output/gather/ERR11520696.gather.csv, output/gather/ERR11520728.gather.csv, output/gather/ERR11520691.gather.csv, output/gather/ERR11520715.gather.csv, output/gather/ERR11520702.gather.csv, output/gather/ERR11520711.gather.csv, output/gather/ERR11520706.gather.csv, output/gather/ERR11520712.gather.csv, output/gather/ERR11520714.gather.csv, output/gather/ERR11520694.gather.csv, output/gather/ERR11520689.gather.csv, output/gather/ERR11520700.gather.csv, output/gather/ERR11520725.gather.csv, output/gather/ERR11520726.gather.csv, output/gather/ERR11520719.gather.csv, output/gather/ERR11520701.gather.csv, output/gather/ERR11520713.gather.csv, output/gather/ERR11520698.gather.csv, output/gather/ERR11520720.gather.csv, output/gather/ERR11520693.gather.csv, output/gather/ERR11520710.gather.csv
    resources: tmpdir=/tmp

[Fri Aug  4 04:50:22 2023]
Finished job 0.
81 of 81 steps (100%) done
Complete log: .snakemake/log/2023-08-04T044754.176774.snakemake.log
