Building DAG of jobs...
Using shell: /usr/bin/bash
Provided cores: 6
Rules claiming more threads will be scaled down.
Job stats:
job                    count    min threads    max threads
-------------------  -------  -------------  -------------
all                        1              1              1
perform_inner_join        40              1              1
run_sourmash_gather       40              1              1
run_sourmash_sketch       40              1              1
total                    121              1              1

Select jobs to execute...

[Mon Aug  7 17:46:13 2023]
rule run_sourmash_sketch:
    input: input/weight_loss/ERR11520717_1.fastq.gz, input/weight_loss/ERR11520717_2.fastq.gz
    output: output/weight_loss.51.genome/sketches/ERR11520717.sig.zip
    jobid: 15
    reason: Missing output files: output/weight_loss.51.genome/sketches/ERR11520717.sig.zip
    wildcards: sample=ERR11520717
    resources: tmpdir=/tmp

sourmash sketch dna -p scaled=1000,k=21,k=31,k=51,abund input/weight_loss/ERR11520717_1.fastq.gz input/weight_loss/ERR11520717_2.fastq.gz --name 'ERR11520717' -o output/weight_loss.51.genome/sketches/ERR11520717.sig.zip

[Mon Aug  7 17:46:13 2023]
rule run_sourmash_sketch:
    input: input/weight_loss/ERR11520696_1.fastq.gz, input/weight_loss/ERR11520696_2.fastq.gz
    output: output/weight_loss.51.genome/sketches/ERR11520696.sig.zip
    jobid: 45
    reason: Missing output files: output/weight_loss.51.genome/sketches/ERR11520696.sig.zip
    wildcards: sample=ERR11520696
    resources: tmpdir=/tmp

sourmash sketch dna -p scaled=1000,k=21,k=31,k=51,abund input/weight_loss/ERR11520696_1.fastq.gz input/weight_loss/ERR11520696_2.fastq.gz --name 'ERR11520696' -o output/weight_loss.51.genome/sketches/ERR11520696.sig.zip

[Mon Aug  7 17:46:13 2023]
rule run_sourmash_sketch:
    input: input/weight_loss/ERR11520710_1.fastq.gz, input/weight_loss/ERR11520710_2.fastq.gz
    output: output/weight_loss.51.genome/sketches/ERR11520710.sig.zip
    jobid: 21
    reason: Missing output files: output/weight_loss.51.genome/sketches/ERR11520710.sig.zip
    wildcards: sample=ERR11520710
    resources: tmpdir=/tmp

sourmash sketch dna -p scaled=1000,k=21,k=31,k=51,abund input/weight_loss/ERR11520710_1.fastq.gz input/weight_loss/ERR11520710_2.fastq.gz --name 'ERR11520710' -o output/weight_loss.51.genome/sketches/ERR11520710.sig.zip

[Mon Aug  7 17:46:13 2023]
rule run_sourmash_sketch:
    input: input/weight_loss/ERR11520699_1.fastq.gz, input/weight_loss/ERR11520699_2.fastq.gz
    output: output/weight_loss.51.genome/sketches/ERR11520699.sig.zip
    jobid: 105
    reason: Missing output files: output/weight_loss.51.genome/sketches/ERR11520699.sig.zip
    wildcards: sample=ERR11520699
    resources: tmpdir=/tmp

sourmash sketch dna -p scaled=1000,k=21,k=31,k=51,abund input/weight_loss/ERR11520699_1.fastq.gz input/weight_loss/ERR11520699_2.fastq.gz --name 'ERR11520699' -o output/weight_loss.51.genome/sketches/ERR11520699.sig.zip

[Mon Aug  7 17:46:13 2023]
rule run_sourmash_sketch:
    input: input/weight_loss/ERR11520723_1.fastq.gz, input/weight_loss/ERR11520723_2.fastq.gz
    output: output/weight_loss.51.genome/sketches/ERR11520723.sig.zip
    jobid: 63
    reason: Missing output files: output/weight_loss.51.genome/sketches/ERR11520723.sig.zip
    wildcards: sample=ERR11520723
    resources: tmpdir=/tmp

sourmash sketch dna -p scaled=1000,k=21,k=31,k=51,abund input/weight_loss/ERR11520723_1.fastq.gz input/weight_loss/ERR11520723_2.fastq.gz --name 'ERR11520723' -o output/weight_loss.51.genome/sketches/ERR11520723.sig.zip

[Mon Aug  7 17:46:13 2023]
rule run_sourmash_sketch:
    input: input/weight_loss/ERR11520703_1.fastq.gz, input/weight_loss/ERR11520703_2.fastq.gz
    output: output/weight_loss.51.genome/sketches/ERR11520703.sig.zip
    jobid: 42
    reason: Missing output files: output/weight_loss.51.genome/sketches/ERR11520703.sig.zip
    wildcards: sample=ERR11520703
    resources: tmpdir=/tmp

sourmash sketch dna -p scaled=1000,k=21,k=31,k=51,abund input/weight_loss/ERR11520703_1.fastq.gz input/weight_loss/ERR11520703_2.fastq.gz --name 'ERR11520703' -o output/weight_loss.51.genome/sketches/ERR11520703.sig.zip
[Mon Aug  7 17:46:17 2023]
Finished job 105.
1 of 121 steps (1%) done
Select jobs to execute...

[Mon Aug  7 17:46:17 2023]
rule run_sourmash_gather:
    input: output/weight_loss.51.genome/sketches/ERR11520699.sig.zip
    output: output/weight_loss.51.genome/gather/ERR11520699.gather.csv
    jobid: 104
    reason: Missing output files: output/weight_loss.51.genome/gather/ERR11520699.gather.csv; Input files updated by another job: output/weight_loss.51.genome/sketches/ERR11520699.sig.zip
    wildcards: sample=ERR11520699
    resources: tmpdir=/tmp

sourmash gather output/weight_loss.51.genome/sketches/ERR11520699.sig.zip ../db/Sketched-db/db.plant-entrez-ref.sig.zip --threshold-bp 0 -k 51 -o output/weight_loss.51.genome/gather/ERR11520699.gather.csv
[Mon Aug  7 17:46:18 2023]
Finished job 45.
2 of 121 steps (2%) done
Select jobs to execute...

[Mon Aug  7 17:46:18 2023]
rule run_sourmash_sketch:
    input: input/weight_loss/ERR11520714_1.fastq.gz, input/weight_loss/ERR11520714_2.fastq.gz
    output: output/weight_loss.51.genome/sketches/ERR11520714.sig.zip
    jobid: 90
    reason: Missing output files: output/weight_loss.51.genome/sketches/ERR11520714.sig.zip
    wildcards: sample=ERR11520714
    resources: tmpdir=/tmp

sourmash sketch dna -p scaled=1000,k=21,k=31,k=51,abund input/weight_loss/ERR11520714_1.fastq.gz input/weight_loss/ERR11520714_2.fastq.gz --name 'ERR11520714' -o output/weight_loss.51.genome/sketches/ERR11520714.sig.zip
[Mon Aug  7 17:46:19 2023]
Finished job 15.
3 of 121 steps (2%) done
Select jobs to execute...

[Mon Aug  7 17:46:19 2023]
rule run_sourmash_sketch:
    input: input/weight_loss/ERR11520721_1.fastq.gz, input/weight_loss/ERR11520721_2.fastq.gz
    output: output/weight_loss.51.genome/sketches/ERR11520721.sig.zip
    jobid: 27
    reason: Missing output files: output/weight_loss.51.genome/sketches/ERR11520721.sig.zip
    wildcards: sample=ERR11520721
    resources: tmpdir=/tmp

sourmash sketch dna -p scaled=1000,k=21,k=31,k=51,abund input/weight_loss/ERR11520721_1.fastq.gz input/weight_loss/ERR11520721_2.fastq.gz --name 'ERR11520721' -o output/weight_loss.51.genome/sketches/ERR11520721.sig.zip
[Mon Aug  7 17:46:23 2023]
Finished job 21.
4 of 121 steps (3%) done
Select jobs to execute...

[Mon Aug  7 17:46:23 2023]
rule run_sourmash_gather:
    input: output/weight_loss.51.genome/sketches/ERR11520710.sig.zip
    output: output/weight_loss.51.genome/gather/ERR11520710.gather.csv
    jobid: 20
    reason: Missing output files: output/weight_loss.51.genome/gather/ERR11520710.gather.csv; Input files updated by another job: output/weight_loss.51.genome/sketches/ERR11520710.sig.zip
    wildcards: sample=ERR11520710
    resources: tmpdir=/tmp

sourmash gather output/weight_loss.51.genome/sketches/ERR11520710.sig.zip ../db/Sketched-db/db.plant-entrez-ref.sig.zip --threshold-bp 0 -k 51 -o output/weight_loss.51.genome/gather/ERR11520710.gather.csv
[Mon Aug  7 17:46:27 2023]
Finished job 104.
5 of 121 steps (4%) done
Select jobs to execute...

[Mon Aug  7 17:46:27 2023]
rule run_sourmash_sketch:
    input: input/weight_loss/ERR11520689_1.fastq.gz, input/weight_loss/ERR11520689_2.fastq.gz
    output: output/weight_loss.51.genome/sketches/ERR11520689.sig.zip
    jobid: 6
    reason: Missing output files: output/weight_loss.51.genome/sketches/ERR11520689.sig.zip
    wildcards: sample=ERR11520689
    resources: tmpdir=/tmp

sourmash sketch dna -p scaled=1000,k=21,k=31,k=51,abund input/weight_loss/ERR11520689_1.fastq.gz input/weight_loss/ERR11520689_2.fastq.gz --name 'ERR11520689' -o output/weight_loss.51.genome/sketches/ERR11520689.sig.zip
[Mon Aug  7 17:46:28 2023]
Finished job 63.
6 of 121 steps (5%) done
Select jobs to execute...

[Mon Aug  7 17:46:28 2023]
rule run_sourmash_gather:
    input: output/weight_loss.51.genome/sketches/ERR11520723.sig.zip
    output: output/weight_loss.51.genome/gather/ERR11520723.gather.csv
    jobid: 62
    reason: Missing output files: output/weight_loss.51.genome/gather/ERR11520723.gather.csv; Input files updated by another job: output/weight_loss.51.genome/sketches/ERR11520723.sig.zip
    wildcards: sample=ERR11520723
    resources: tmpdir=/tmp

sourmash gather output/weight_loss.51.genome/sketches/ERR11520723.sig.zip ../db/Sketched-db/db.plant-entrez-ref.sig.zip --threshold-bp 0 -k 51 -o output/weight_loss.51.genome/gather/ERR11520723.gather.csv
[Mon Aug  7 17:46:28 2023]
Finished job 90.
7 of 121 steps (6%) done
Select jobs to execute...

[Mon Aug  7 17:46:28 2023]
rule run_sourmash_sketch:
    input: input/weight_loss/ERR11520728_1.fastq.gz, input/weight_loss/ERR11520728_2.fastq.gz
    output: output/weight_loss.51.genome/sketches/ERR11520728.sig.zip
    jobid: 48
    reason: Missing output files: output/weight_loss.51.genome/sketches/ERR11520728.sig.zip
    wildcards: sample=ERR11520728
    resources: tmpdir=/tmp

sourmash sketch dna -p scaled=1000,k=21,k=31,k=51,abund input/weight_loss/ERR11520728_1.fastq.gz input/weight_loss/ERR11520728_2.fastq.gz --name 'ERR11520728' -o output/weight_loss.51.genome/sketches/ERR11520728.sig.zip
[Mon Aug  7 17:46:29 2023]
Finished job 27.
8 of 121 steps (7%) done
Select jobs to execute...

[Mon Aug  7 17:46:29 2023]
rule run_sourmash_gather:
    input: output/weight_loss.51.genome/sketches/ERR11520721.sig.zip
    output: output/weight_loss.51.genome/gather/ERR11520721.gather.csv
    jobid: 26
    reason: Missing output files: output/weight_loss.51.genome/gather/ERR11520721.gather.csv; Input files updated by another job: output/weight_loss.51.genome/sketches/ERR11520721.sig.zip
    wildcards: sample=ERR11520721
    resources: tmpdir=/tmp

sourmash gather output/weight_loss.51.genome/sketches/ERR11520721.sig.zip ../db/Sketched-db/db.plant-entrez-ref.sig.zip --threshold-bp 0 -k 51 -o output/weight_loss.51.genome/gather/ERR11520721.gather.csv
[Mon Aug  7 17:46:33 2023]
Finished job 20.
9 of 121 steps (7%) done
Select jobs to execute...

[Mon Aug  7 17:46:33 2023]
rule run_sourmash_sketch:
    input: input/weight_loss/ERR11520711_1.fastq.gz, input/weight_loss/ERR11520711_2.fastq.gz
    output: output/weight_loss.51.genome/sketches/ERR11520711.sig.zip
    jobid: 96
    reason: Missing output files: output/weight_loss.51.genome/sketches/ERR11520711.sig.zip
    wildcards: sample=ERR11520711
    resources: tmpdir=/tmp

sourmash sketch dna -p scaled=1000,k=21,k=31,k=51,abund input/weight_loss/ERR11520711_1.fastq.gz input/weight_loss/ERR11520711_2.fastq.gz --name 'ERR11520711' -o output/weight_loss.51.genome/sketches/ERR11520711.sig.zip
[Mon Aug  7 17:46:34 2023]
Finished job 42.
10 of 121 steps (8%) done
Select jobs to execute...

[Mon Aug  7 17:46:34 2023]
rule run_sourmash_sketch:
    input: input/weight_loss/ERR11520727_1.fastq.gz, input/weight_loss/ERR11520727_2.fastq.gz
    output: output/weight_loss.51.genome/sketches/ERR11520727.sig.zip
    jobid: 111
    reason: Missing output files: output/weight_loss.51.genome/sketches/ERR11520727.sig.zip
    wildcards: sample=ERR11520727
    resources: tmpdir=/tmp

sourmash sketch dna -p scaled=1000,k=21,k=31,k=51,abund input/weight_loss/ERR11520727_1.fastq.gz input/weight_loss/ERR11520727_2.fastq.gz --name 'ERR11520727' -o output/weight_loss.51.genome/sketches/ERR11520727.sig.zip
[Mon Aug  7 17:46:36 2023]
Finished job 48.
11 of 121 steps (9%) done
Select jobs to execute...

[Mon Aug  7 17:46:36 2023]
rule run_sourmash_sketch:
    input: input/weight_loss/ERR11520712_1.fastq.gz, input/weight_loss/ERR11520712_2.fastq.gz
    output: output/weight_loss.51.genome/sketches/ERR11520712.sig.zip
    jobid: 54
    reason: Missing output files: output/weight_loss.51.genome/sketches/ERR11520712.sig.zip
    wildcards: sample=ERR11520712
    resources: tmpdir=/tmp

sourmash sketch dna -p scaled=1000,k=21,k=31,k=51,abund input/weight_loss/ERR11520712_1.fastq.gz input/weight_loss/ERR11520712_2.fastq.gz --name 'ERR11520712' -o output/weight_loss.51.genome/sketches/ERR11520712.sig.zip
[Mon Aug  7 17:46:37 2023]
Finished job 62.
12 of 121 steps (10%) done
Select jobs to execute...

[Mon Aug  7 17:46:38 2023]
rule run_sourmash_sketch:
    input: input/weight_loss/ERR11520701_1.fastq.gz, input/weight_loss/ERR11520701_2.fastq.gz
    output: output/weight_loss.51.genome/sketches/ERR11520701.sig.zip
    jobid: 12
    reason: Missing output files: output/weight_loss.51.genome/sketches/ERR11520701.sig.zip
    wildcards: sample=ERR11520701
    resources: tmpdir=/tmp

sourmash sketch dna -p scaled=1000,k=21,k=31,k=51,abund input/weight_loss/ERR11520701_1.fastq.gz input/weight_loss/ERR11520701_2.fastq.gz --name 'ERR11520701' -o output/weight_loss.51.genome/sketches/ERR11520701.sig.zip
[Mon Aug  7 17:46:38 2023]
Finished job 26.
13 of 121 steps (11%) done
Select jobs to execute...

[Mon Aug  7 17:46:38 2023]
rule perform_inner_join:
    input: output/weight_loss.51.genome/gather/ERR11520723.gather.csv
    output: output/weight_loss.51.genome/cmon_name_annot/ERR11520723.annot.gather.csv
    jobid: 61
    reason: Missing output files: output/weight_loss.51.genome/cmon_name_annot/ERR11520723.annot.gather.csv; Input files updated by another job: output/weight_loss.51.genome/gather/ERR11520723.gather.csv
    wildcards: sample=ERR11520723
    resources: tmpdir=/tmp

python join_common_name_dbs.py output/weight_loss.51.genome/gather/ERR11520723.gather.csv output/weight_loss.51.genome/cmon_name_annot/ERR11520723.annot.gather.csv
[Mon Aug  7 17:46:39 2023]
Finished job 61.
14 of 121 steps (12%) done
Select jobs to execute...

[Mon Aug  7 17:46:39 2023]
rule run_sourmash_gather:
    input: output/weight_loss.51.genome/sketches/ERR11520728.sig.zip
    output: output/weight_loss.51.genome/gather/ERR11520728.gather.csv
    jobid: 47
    reason: Missing output files: output/weight_loss.51.genome/gather/ERR11520728.gather.csv; Input files updated by another job: output/weight_loss.51.genome/sketches/ERR11520728.sig.zip
    wildcards: sample=ERR11520728
    resources: tmpdir=/tmp

sourmash gather output/weight_loss.51.genome/sketches/ERR11520728.sig.zip ../db/Sketched-db/db.plant-entrez-ref.sig.zip --threshold-bp 0 -k 51 -o output/weight_loss.51.genome/gather/ERR11520728.gather.csv
[Mon Aug  7 17:46:41 2023]
Finished job 6.
15 of 121 steps (12%) done
Select jobs to execute...

[Mon Aug  7 17:46:41 2023]
rule run_sourmash_gather:
    input: output/weight_loss.51.genome/sketches/ERR11520689.sig.zip
    output: output/weight_loss.51.genome/gather/ERR11520689.gather.csv
    jobid: 5
    reason: Missing output files: output/weight_loss.51.genome/gather/ERR11520689.gather.csv; Input files updated by another job: output/weight_loss.51.genome/sketches/ERR11520689.sig.zip
    wildcards: sample=ERR11520689
    resources: tmpdir=/tmp

sourmash gather output/weight_loss.51.genome/sketches/ERR11520689.sig.zip ../db/Sketched-db/db.plant-entrez-ref.sig.zip --threshold-bp 0 -k 51 -o output/weight_loss.51.genome/gather/ERR11520689.gather.csv
[Mon Aug  7 17:46:44 2023]
Finished job 111.
16 of 121 steps (13%) done
Select jobs to execute...

[Mon Aug  7 17:46:44 2023]
rule run_sourmash_gather:
    input: output/weight_loss.51.genome/sketches/ERR11520727.sig.zip
    output: output/weight_loss.51.genome/gather/ERR11520727.gather.csv
    jobid: 110
    reason: Missing output files: output/weight_loss.51.genome/gather/ERR11520727.gather.csv; Input files updated by another job: output/weight_loss.51.genome/sketches/ERR11520727.sig.zip
    wildcards: sample=ERR11520727
    resources: tmpdir=/tmp

sourmash gather output/weight_loss.51.genome/sketches/ERR11520727.sig.zip ../db/Sketched-db/db.plant-entrez-ref.sig.zip --threshold-bp 0 -k 51 -o output/weight_loss.51.genome/gather/ERR11520727.gather.csv
[Mon Aug  7 17:46:46 2023]
Finished job 96.
17 of 121 steps (14%) done
Select jobs to execute...

[Mon Aug  7 17:46:46 2023]
rule perform_inner_join:
    input: output/weight_loss.51.genome/gather/ERR11520710.gather.csv
    output: output/weight_loss.51.genome/cmon_name_annot/ERR11520710.annot.gather.csv
    jobid: 19
    reason: Missing output files: output/weight_loss.51.genome/cmon_name_annot/ERR11520710.annot.gather.csv; Input files updated by another job: output/weight_loss.51.genome/gather/ERR11520710.gather.csv
    wildcards: sample=ERR11520710
    resources: tmpdir=/tmp

python join_common_name_dbs.py output/weight_loss.51.genome/gather/ERR11520710.gather.csv output/weight_loss.51.genome/cmon_name_annot/ERR11520710.annot.gather.csv
[Mon Aug  7 17:46:47 2023]
Finished job 12.
18 of 121 steps (15%) done
Select jobs to execute...

[Mon Aug  7 17:46:47 2023]
rule run_sourmash_gather:
    input: output/weight_loss.51.genome/sketches/ERR11520714.sig.zip
    output: output/weight_loss.51.genome/gather/ERR11520714.gather.csv
    jobid: 89
    reason: Missing output files: output/weight_loss.51.genome/gather/ERR11520714.gather.csv; Input files updated by another job: output/weight_loss.51.genome/sketches/ERR11520714.sig.zip
    wildcards: sample=ERR11520714
    resources: tmpdir=/tmp

sourmash gather output/weight_loss.51.genome/sketches/ERR11520714.sig.zip ../db/Sketched-db/db.plant-entrez-ref.sig.zip --threshold-bp 0 -k 51 -o output/weight_loss.51.genome/gather/ERR11520714.gather.csv
[Mon Aug  7 17:46:47 2023]
Finished job 54.
19 of 121 steps (16%) done
Select jobs to execute...

[Mon Aug  7 17:46:47 2023]
rule perform_inner_join:
    input: output/weight_loss.51.genome/gather/ERR11520699.gather.csv
    output: output/weight_loss.51.genome/cmon_name_annot/ERR11520699.annot.gather.csv
    jobid: 103
    reason: Missing output files: output/weight_loss.51.genome/cmon_name_annot/ERR11520699.annot.gather.csv; Input files updated by another job: output/weight_loss.51.genome/gather/ERR11520699.gather.csv
    wildcards: sample=ERR11520699
    resources: tmpdir=/tmp

python join_common_name_dbs.py output/weight_loss.51.genome/gather/ERR11520699.gather.csv output/weight_loss.51.genome/cmon_name_annot/ERR11520699.annot.gather.csv
[Mon Aug  7 17:46:47 2023]
Finished job 19.
20 of 121 steps (17%) done
Select jobs to execute...

[Mon Aug  7 17:46:47 2023]
rule run_sourmash_sketch:
    input: input/weight_loss/ERR11520705_1.fastq.gz, input/weight_loss/ERR11520705_2.fastq.gz
    output: output/weight_loss.51.genome/sketches/ERR11520705.sig.zip
    jobid: 69
    reason: Missing output files: output/weight_loss.51.genome/sketches/ERR11520705.sig.zip
    wildcards: sample=ERR11520705
    resources: tmpdir=/tmp

sourmash sketch dna -p scaled=1000,k=21,k=31,k=51,abund input/weight_loss/ERR11520705_1.fastq.gz input/weight_loss/ERR11520705_2.fastq.gz --name 'ERR11520705' -o output/weight_loss.51.genome/sketches/ERR11520705.sig.zip
[Mon Aug  7 17:46:48 2023]
Finished job 103.
21 of 121 steps (17%) done
Select jobs to execute...

[Mon Aug  7 17:46:48 2023]
rule run_sourmash_sketch:
    input: input/weight_loss/ERR11520704_1.fastq.gz, input/weight_loss/ERR11520704_2.fastq.gz
    output: output/weight_loss.51.genome/sketches/ERR11520704.sig.zip
    jobid: 51
    reason: Missing output files: output/weight_loss.51.genome/sketches/ERR11520704.sig.zip
    wildcards: sample=ERR11520704
    resources: tmpdir=/tmp

sourmash sketch dna -p scaled=1000,k=21,k=31,k=51,abund input/weight_loss/ERR11520704_1.fastq.gz input/weight_loss/ERR11520704_2.fastq.gz --name 'ERR11520704' -o output/weight_loss.51.genome/sketches/ERR11520704.sig.zip
[Mon Aug  7 17:46:49 2023]
Finished job 47.
22 of 121 steps (18%) done
Select jobs to execute...

[Mon Aug  7 17:46:49 2023]
rule run_sourmash_sketch:
    input: input/weight_loss/ERR11520702_1.fastq.gz, input/weight_loss/ERR11520702_2.fastq.gz
    output: output/weight_loss.51.genome/sketches/ERR11520702.sig.zip
    jobid: 93
    reason: Missing output files: output/weight_loss.51.genome/sketches/ERR11520702.sig.zip
    wildcards: sample=ERR11520702
    resources: tmpdir=/tmp

sourmash sketch dna -p scaled=1000,k=21,k=31,k=51,abund input/weight_loss/ERR11520702_1.fastq.gz input/weight_loss/ERR11520702_2.fastq.gz --name 'ERR11520702' -o output/weight_loss.51.genome/sketches/ERR11520702.sig.zip
[Mon Aug  7 17:46:51 2023]
Finished job 5.
23 of 121 steps (19%) done
Select jobs to execute...

[Mon Aug  7 17:46:51 2023]
rule run_sourmash_sketch:
    input: input/weight_loss/ERR11520726_1.fastq.gz, input/weight_loss/ERR11520726_2.fastq.gz
    output: output/weight_loss.51.genome/sketches/ERR11520726.sig.zip
    jobid: 3
    reason: Missing output files: output/weight_loss.51.genome/sketches/ERR11520726.sig.zip
    wildcards: sample=ERR11520726
    resources: tmpdir=/tmp

sourmash sketch dna -p scaled=1000,k=21,k=31,k=51,abund input/weight_loss/ERR11520726_1.fastq.gz input/weight_loss/ERR11520726_2.fastq.gz --name 'ERR11520726' -o output/weight_loss.51.genome/sketches/ERR11520726.sig.zip
[Mon Aug  7 17:46:54 2023]
Finished job 110.
24 of 121 steps (20%) done
Select jobs to execute...

[Mon Aug  7 17:46:54 2023]
rule run_sourmash_sketch:
    input: input/weight_loss/ERR11520697_1.fastq.gz, input/weight_loss/ERR11520697_2.fastq.gz
    output: output/weight_loss.51.genome/sketches/ERR11520697.sig.zip
    jobid: 87
    reason: Missing output files: output/weight_loss.51.genome/sketches/ERR11520697.sig.zip
    wildcards: sample=ERR11520697
    resources: tmpdir=/tmp

sourmash sketch dna -p scaled=1000,k=21,k=31,k=51,abund input/weight_loss/ERR11520697_1.fastq.gz input/weight_loss/ERR11520697_2.fastq.gz --name 'ERR11520697' -o output/weight_loss.51.genome/sketches/ERR11520697.sig.zip
[Mon Aug  7 17:46:56 2023]
Finished job 89.
25 of 121 steps (21%) done
Select jobs to execute...

[Mon Aug  7 17:46:56 2023]
rule run_sourmash_sketch:
    input: input/weight_loss/ERR11520690_1.fastq.gz, input/weight_loss/ERR11520690_2.fastq.gz
    output: output/weight_loss.51.genome/sketches/ERR11520690.sig.zip
    jobid: 66
    reason: Missing output files: output/weight_loss.51.genome/sketches/ERR11520690.sig.zip
    wildcards: sample=ERR11520690
    resources: tmpdir=/tmp

sourmash sketch dna -p scaled=1000,k=21,k=31,k=51,abund input/weight_loss/ERR11520690_1.fastq.gz input/weight_loss/ERR11520690_2.fastq.gz --name 'ERR11520690' -o output/weight_loss.51.genome/sketches/ERR11520690.sig.zip
[Mon Aug  7 17:46:59 2023]
Finished job 69.
26 of 121 steps (21%) done
Select jobs to execute...

[Mon Aug  7 17:46:59 2023]
rule run_sourmash_sketch:
    input: input/weight_loss/ERR11520706_1.fastq.gz, input/weight_loss/ERR11520706_2.fastq.gz
    output: output/weight_loss.51.genome/sketches/ERR11520706.sig.zip
    jobid: 24
    reason: Missing output files: output/weight_loss.51.genome/sketches/ERR11520706.sig.zip
    wildcards: sample=ERR11520706
    resources: tmpdir=/tmp

sourmash sketch dna -p scaled=1000,k=21,k=31,k=51,abund input/weight_loss/ERR11520706_1.fastq.gz input/weight_loss/ERR11520706_2.fastq.gz --name 'ERR11520706' -o output/weight_loss.51.genome/sketches/ERR11520706.sig.zip
[Mon Aug  7 17:47:01 2023]
Finished job 3.
27 of 121 steps (22%) done
Select jobs to execute...

[Mon Aug  7 17:47:01 2023]
rule run_sourmash_sketch:
    input: input/weight_loss/ERR11520720_1.fastq.gz, input/weight_loss/ERR11520720_2.fastq.gz
    output: output/weight_loss.51.genome/sketches/ERR11520720.sig.zip
    jobid: 108
    reason: Missing output files: output/weight_loss.51.genome/sketches/ERR11520720.sig.zip
    wildcards: sample=ERR11520720
    resources: tmpdir=/tmp

sourmash sketch dna -p scaled=1000,k=21,k=31,k=51,abund input/weight_loss/ERR11520720_1.fastq.gz input/weight_loss/ERR11520720_2.fastq.gz --name 'ERR11520720' -o output/weight_loss.51.genome/sketches/ERR11520720.sig.zip
[Mon Aug  7 17:47:03 2023]
Finished job 51.
28 of 121 steps (23%) done
Select jobs to execute...

[Mon Aug  7 17:47:03 2023]
rule run_sourmash_sketch:
    input: input/weight_loss/ERR11520700_1.fastq.gz, input/weight_loss/ERR11520700_2.fastq.gz
    output: output/weight_loss.51.genome/sketches/ERR11520700.sig.zip
    jobid: 114
    reason: Missing output files: output/weight_loss.51.genome/sketches/ERR11520700.sig.zip
    wildcards: sample=ERR11520700
    resources: tmpdir=/tmp

sourmash sketch dna -p scaled=1000,k=21,k=31,k=51,abund input/weight_loss/ERR11520700_1.fastq.gz input/weight_loss/ERR11520700_2.fastq.gz --name 'ERR11520700' -o output/weight_loss.51.genome/sketches/ERR11520700.sig.zip
[Mon Aug  7 17:47:04 2023]
Finished job 87.
29 of 121 steps (24%) done
Select jobs to execute...

[Mon Aug  7 17:47:04 2023]
rule perform_inner_join:
    input: output/weight_loss.51.genome/gather/ERR11520714.gather.csv
    output: output/weight_loss.51.genome/cmon_name_annot/ERR11520714.annot.gather.csv
    jobid: 88
    reason: Missing output files: output/weight_loss.51.genome/cmon_name_annot/ERR11520714.annot.gather.csv; Input files updated by another job: output/weight_loss.51.genome/gather/ERR11520714.gather.csv
    wildcards: sample=ERR11520714
    resources: tmpdir=/tmp

python join_common_name_dbs.py output/weight_loss.51.genome/gather/ERR11520714.gather.csv output/weight_loss.51.genome/cmon_name_annot/ERR11520714.annot.gather.csv
[Mon Aug  7 17:47:04 2023]
Finished job 93.
30 of 121 steps (25%) done
Select jobs to execute...

[Mon Aug  7 17:47:04 2023]
rule run_sourmash_sketch:
    input: input/weight_loss/ERR11520693_1.fastq.gz, input/weight_loss/ERR11520693_2.fastq.gz
    output: output/weight_loss.51.genome/sketches/ERR11520693.sig.zip
    jobid: 18
    reason: Missing output files: output/weight_loss.51.genome/sketches/ERR11520693.sig.zip
    wildcards: sample=ERR11520693
    resources: tmpdir=/tmp

sourmash sketch dna -p scaled=1000,k=21,k=31,k=51,abund input/weight_loss/ERR11520693_1.fastq.gz input/weight_loss/ERR11520693_2.fastq.gz --name 'ERR11520693' -o output/weight_loss.51.genome/sketches/ERR11520693.sig.zip
[Mon Aug  7 17:47:05 2023]
Finished job 88.
31 of 121 steps (26%) done
Select jobs to execute...

[Mon Aug  7 17:47:05 2023]
rule run_sourmash_sketch:
    input: input/weight_loss/ERR11520692_1.fastq.gz, input/weight_loss/ERR11520692_2.fastq.gz
    output: output/weight_loss.51.genome/sketches/ERR11520692.sig.zip
    jobid: 102
    reason: Missing output files: output/weight_loss.51.genome/sketches/ERR11520692.sig.zip
    wildcards: sample=ERR11520692
    resources: tmpdir=/tmp

sourmash sketch dna -p scaled=1000,k=21,k=31,k=51,abund input/weight_loss/ERR11520692_1.fastq.gz input/weight_loss/ERR11520692_2.fastq.gz --name 'ERR11520692' -o output/weight_loss.51.genome/sketches/ERR11520692.sig.zip
[Mon Aug  7 17:47:08 2023]
Finished job 24.
32 of 121 steps (26%) done
Select jobs to execute...

[Mon Aug  7 17:47:08 2023]
rule run_sourmash_gather:
    input: output/weight_loss.51.genome/sketches/ERR11520706.sig.zip
    output: output/weight_loss.51.genome/gather/ERR11520706.gather.csv
    jobid: 23
    reason: Missing output files: output/weight_loss.51.genome/gather/ERR11520706.gather.csv; Input files updated by another job: output/weight_loss.51.genome/sketches/ERR11520706.sig.zip
    wildcards: sample=ERR11520706
    resources: tmpdir=/tmp

sourmash gather output/weight_loss.51.genome/sketches/ERR11520706.sig.zip ../db/Sketched-db/db.plant-entrez-ref.sig.zip --threshold-bp 0 -k 51 -o output/weight_loss.51.genome/gather/ERR11520706.gather.csv
[Mon Aug  7 17:47:09 2023]
Finished job 108.
33 of 121 steps (27%) done
Select jobs to execute...

[Mon Aug  7 17:47:09 2023]
rule run_sourmash_gather:
    input: output/weight_loss.51.genome/sketches/ERR11520720.sig.zip
    output: output/weight_loss.51.genome/gather/ERR11520720.gather.csv
    jobid: 107
    reason: Missing output files: output/weight_loss.51.genome/gather/ERR11520720.gather.csv; Input files updated by another job: output/weight_loss.51.genome/sketches/ERR11520720.sig.zip
    wildcards: sample=ERR11520720
    resources: tmpdir=/tmp

sourmash gather output/weight_loss.51.genome/sketches/ERR11520720.sig.zip ../db/Sketched-db/db.plant-entrez-ref.sig.zip --threshold-bp 0 -k 51 -o output/weight_loss.51.genome/gather/ERR11520720.gather.csv
[Mon Aug  7 17:47:11 2023]
Finished job 66.
34 of 121 steps (28%) done
Select jobs to execute...

[Mon Aug  7 17:47:11 2023]
rule run_sourmash_gather:
    input: output/weight_loss.51.genome/sketches/ERR11520690.sig.zip
    output: output/weight_loss.51.genome/gather/ERR11520690.gather.csv
    jobid: 65
    reason: Missing output files: output/weight_loss.51.genome/gather/ERR11520690.gather.csv; Input files updated by another job: output/weight_loss.51.genome/sketches/ERR11520690.sig.zip
    wildcards: sample=ERR11520690
    resources: tmpdir=/tmp

sourmash gather output/weight_loss.51.genome/sketches/ERR11520690.sig.zip ../db/Sketched-db/db.plant-entrez-ref.sig.zip --threshold-bp 0 -k 51 -o output/weight_loss.51.genome/gather/ERR11520690.gather.csv
[Mon Aug  7 17:47:14 2023]
Finished job 102.
35 of 121 steps (29%) done
Select jobs to execute...

[Mon Aug  7 17:47:14 2023]
rule run_sourmash_gather:
    input: output/weight_loss.51.genome/sketches/ERR11520692.sig.zip
    output: output/weight_loss.51.genome/gather/ERR11520692.gather.csv
    jobid: 101
    reason: Missing output files: output/weight_loss.51.genome/gather/ERR11520692.gather.csv; Input files updated by another job: output/weight_loss.51.genome/sketches/ERR11520692.sig.zip
    wildcards: sample=ERR11520692
    resources: tmpdir=/tmp

sourmash gather output/weight_loss.51.genome/sketches/ERR11520692.sig.zip ../db/Sketched-db/db.plant-entrez-ref.sig.zip --threshold-bp 0 -k 51 -o output/weight_loss.51.genome/gather/ERR11520692.gather.csv
[Mon Aug  7 17:47:14 2023]
Finished job 114.
36 of 121 steps (30%) done
Select jobs to execute...

[Mon Aug  7 17:47:14 2023]
rule run_sourmash_sketch:
    input: input/weight_loss/ERR11520719_1.fastq.gz, input/weight_loss/ERR11520719_2.fastq.gz
    output: output/weight_loss.51.genome/sketches/ERR11520719.sig.zip
    jobid: 60
    reason: Missing output files: output/weight_loss.51.genome/sketches/ERR11520719.sig.zip
    wildcards: sample=ERR11520719
    resources: tmpdir=/tmp

sourmash sketch dna -p scaled=1000,k=21,k=31,k=51,abund input/weight_loss/ERR11520719_1.fastq.gz input/weight_loss/ERR11520719_2.fastq.gz --name 'ERR11520719' -o output/weight_loss.51.genome/sketches/ERR11520719.sig.zip
[Mon Aug  7 17:47:17 2023]
Finished job 18.
37 of 121 steps (31%) done
Select jobs to execute...

[Mon Aug  7 17:47:17 2023]
rule run_sourmash_gather:
    input: output/weight_loss.51.genome/sketches/ERR11520693.sig.zip
    output: output/weight_loss.51.genome/gather/ERR11520693.gather.csv
    jobid: 17
    reason: Missing output files: output/weight_loss.51.genome/gather/ERR11520693.gather.csv; Input files updated by another job: output/weight_loss.51.genome/sketches/ERR11520693.sig.zip
    wildcards: sample=ERR11520693
    resources: tmpdir=/tmp

sourmash gather output/weight_loss.51.genome/sketches/ERR11520693.sig.zip ../db/Sketched-db/db.plant-entrez-ref.sig.zip --threshold-bp 0 -k 51 -o output/weight_loss.51.genome/gather/ERR11520693.gather.csv
[Mon Aug  7 17:47:18 2023]
Finished job 23.
38 of 121 steps (31%) done
Select jobs to execute...

[Mon Aug  7 17:47:18 2023]
rule perform_inner_join:
    input: output/weight_loss.51.genome/gather/ERR11520728.gather.csv
    output: output/weight_loss.51.genome/cmon_name_annot/ERR11520728.annot.gather.csv
    jobid: 46
    reason: Missing output files: output/weight_loss.51.genome/cmon_name_annot/ERR11520728.annot.gather.csv; Input files updated by another job: output/weight_loss.51.genome/gather/ERR11520728.gather.csv
    wildcards: sample=ERR11520728
    resources: tmpdir=/tmp

python join_common_name_dbs.py output/weight_loss.51.genome/gather/ERR11520728.gather.csv output/weight_loss.51.genome/cmon_name_annot/ERR11520728.annot.gather.csv
[Mon Aug  7 17:47:19 2023]
Finished job 46.
39 of 121 steps (32%) done
Select jobs to execute...

[Mon Aug  7 17:47:19 2023]
rule perform_inner_join:
    input: output/weight_loss.51.genome/gather/ERR11520689.gather.csv
    output: output/weight_loss.51.genome/cmon_name_annot/ERR11520689.annot.gather.csv
    jobid: 4
    reason: Missing output files: output/weight_loss.51.genome/cmon_name_annot/ERR11520689.annot.gather.csv; Input files updated by another job: output/weight_loss.51.genome/gather/ERR11520689.gather.csv
    wildcards: sample=ERR11520689
    resources: tmpdir=/tmp

python join_common_name_dbs.py output/weight_loss.51.genome/gather/ERR11520689.gather.csv output/weight_loss.51.genome/cmon_name_annot/ERR11520689.annot.gather.csv
[Mon Aug  7 17:47:19 2023]
Finished job 107.
40 of 121 steps (33%) done
Select jobs to execute...

[Mon Aug  7 17:47:19 2023]
rule run_sourmash_sketch:
    input: input/weight_loss/ERR11520713_1.fastq.gz, input/weight_loss/ERR11520713_2.fastq.gz
    output: output/weight_loss.51.genome/sketches/ERR11520713.sig.zip
    jobid: 72
    reason: Missing output files: output/weight_loss.51.genome/sketches/ERR11520713.sig.zip
    wildcards: sample=ERR11520713
    resources: tmpdir=/tmp

sourmash sketch dna -p scaled=1000,k=21,k=31,k=51,abund input/weight_loss/ERR11520713_1.fastq.gz input/weight_loss/ERR11520713_2.fastq.gz --name 'ERR11520713' -o output/weight_loss.51.genome/sketches/ERR11520713.sig.zip
[Mon Aug  7 17:47:19 2023]
Finished job 4.
41 of 121 steps (34%) done
Select jobs to execute...

[Mon Aug  7 17:47:20 2023]
rule run_sourmash_gather:
    input: output/weight_loss.51.genome/sketches/ERR11520697.sig.zip
    output: output/weight_loss.51.genome/gather/ERR11520697.gather.csv
    jobid: 86
    reason: Missing output files: output/weight_loss.51.genome/gather/ERR11520697.gather.csv; Input files updated by another job: output/weight_loss.51.genome/sketches/ERR11520697.sig.zip
    wildcards: sample=ERR11520697
    resources: tmpdir=/tmp

sourmash gather output/weight_loss.51.genome/sketches/ERR11520697.sig.zip ../db/Sketched-db/db.plant-entrez-ref.sig.zip --threshold-bp 0 -k 51 -o output/weight_loss.51.genome/gather/ERR11520697.gather.csv
[Mon Aug  7 17:47:21 2023]
Finished job 65.
42 of 121 steps (35%) done
Select jobs to execute...

[Mon Aug  7 17:47:21 2023]
rule run_sourmash_sketch:
    input: input/weight_loss/ERR11520725_1.fastq.gz, input/weight_loss/ERR11520725_2.fastq.gz
    output: output/weight_loss.51.genome/sketches/ERR11520725.sig.zip
    jobid: 81
    reason: Missing output files: output/weight_loss.51.genome/sketches/ERR11520725.sig.zip
    wildcards: sample=ERR11520725
    resources: tmpdir=/tmp

sourmash sketch dna -p scaled=1000,k=21,k=31,k=51,abund input/weight_loss/ERR11520725_1.fastq.gz input/weight_loss/ERR11520725_2.fastq.gz --name 'ERR11520725' -o output/weight_loss.51.genome/sketches/ERR11520725.sig.zip
[Mon Aug  7 17:47:24 2023]
Finished job 101.
43 of 121 steps (36%) done
Select jobs to execute...

[Mon Aug  7 17:47:24 2023]
rule perform_inner_join:
    input: output/weight_loss.51.genome/gather/ERR11520692.gather.csv
    output: output/weight_loss.51.genome/cmon_name_annot/ERR11520692.annot.gather.csv
    jobid: 100
    reason: Missing output files: output/weight_loss.51.genome/cmon_name_annot/ERR11520692.annot.gather.csv; Input files updated by another job: output/weight_loss.51.genome/gather/ERR11520692.gather.csv
    wildcards: sample=ERR11520692
    resources: tmpdir=/tmp

python join_common_name_dbs.py output/weight_loss.51.genome/gather/ERR11520692.gather.csv output/weight_loss.51.genome/cmon_name_annot/ERR11520692.annot.gather.csv
[Mon Aug  7 17:47:25 2023]
Finished job 100.
44 of 121 steps (36%) done
Select jobs to execute...

[Mon Aug  7 17:47:25 2023]
rule perform_inner_join:
    input: output/weight_loss.51.genome/gather/ERR11520721.gather.csv
    output: output/weight_loss.51.genome/cmon_name_annot/ERR11520721.annot.gather.csv
    jobid: 25
    reason: Missing output files: output/weight_loss.51.genome/cmon_name_annot/ERR11520721.annot.gather.csv; Input files updated by another job: output/weight_loss.51.genome/gather/ERR11520721.gather.csv
    wildcards: sample=ERR11520721
    resources: tmpdir=/tmp

python join_common_name_dbs.py output/weight_loss.51.genome/gather/ERR11520721.gather.csv output/weight_loss.51.genome/cmon_name_annot/ERR11520721.annot.gather.csv
[Mon Aug  7 17:47:25 2023]
Finished job 60.
45 of 121 steps (37%) done
Select jobs to execute...

[Mon Aug  7 17:47:25 2023]
rule run_sourmash_gather:
    input: output/weight_loss.51.genome/sketches/ERR11520719.sig.zip
    output: output/weight_loss.51.genome/gather/ERR11520719.gather.csv
    jobid: 59
    reason: Missing output files: output/weight_loss.51.genome/gather/ERR11520719.gather.csv; Input files updated by another job: output/weight_loss.51.genome/sketches/ERR11520719.sig.zip
    wildcards: sample=ERR11520719
    resources: tmpdir=/tmp

sourmash gather output/weight_loss.51.genome/sketches/ERR11520719.sig.zip ../db/Sketched-db/db.plant-entrez-ref.sig.zip --threshold-bp 0 -k 51 -o output/weight_loss.51.genome/gather/ERR11520719.gather.csv
[Mon Aug  7 17:47:26 2023]
Finished job 25.
46 of 121 steps (38%) done
Select jobs to execute...

[Mon Aug  7 17:47:26 2023]
rule run_sourmash_gather:
    input: output/weight_loss.51.genome/sketches/ERR11520711.sig.zip
    output: output/weight_loss.51.genome/gather/ERR11520711.gather.csv
    jobid: 95
    reason: Missing output files: output/weight_loss.51.genome/gather/ERR11520711.gather.csv; Input files updated by another job: output/weight_loss.51.genome/sketches/ERR11520711.sig.zip
    wildcards: sample=ERR11520711
    resources: tmpdir=/tmp

sourmash gather output/weight_loss.51.genome/sketches/ERR11520711.sig.zip ../db/Sketched-db/db.plant-entrez-ref.sig.zip --threshold-bp 0 -k 51 -o output/weight_loss.51.genome/gather/ERR11520711.gather.csv
[Mon Aug  7 17:47:27 2023]
Finished job 17.
47 of 121 steps (39%) done
Select jobs to execute...

[Mon Aug  7 17:47:27 2023]
rule run_sourmash_gather:
    input: output/weight_loss.51.genome/sketches/ERR11520701.sig.zip
    output: output/weight_loss.51.genome/gather/ERR11520701.gather.csv
    jobid: 11
    reason: Missing output files: output/weight_loss.51.genome/gather/ERR11520701.gather.csv; Input files updated by another job: output/weight_loss.51.genome/sketches/ERR11520701.sig.zip
    wildcards: sample=ERR11520701
    resources: tmpdir=/tmp

sourmash gather output/weight_loss.51.genome/sketches/ERR11520701.sig.zip ../db/Sketched-db/db.plant-entrez-ref.sig.zip --threshold-bp 0 -k 51 -o output/weight_loss.51.genome/gather/ERR11520701.gather.csv
[Mon Aug  7 17:47:29 2023]
Finished job 86.
48 of 121 steps (40%) done
Select jobs to execute...

[Mon Aug  7 17:47:29 2023]
rule run_sourmash_gather:
    input: output/weight_loss.51.genome/sketches/ERR11520712.sig.zip
    output: output/weight_loss.51.genome/gather/ERR11520712.gather.csv
    jobid: 53
    reason: Missing output files: output/weight_loss.51.genome/gather/ERR11520712.gather.csv; Input files updated by another job: output/weight_loss.51.genome/sketches/ERR11520712.sig.zip
    wildcards: sample=ERR11520712
    resources: tmpdir=/tmp

sourmash gather output/weight_loss.51.genome/sketches/ERR11520712.sig.zip ../db/Sketched-db/db.plant-entrez-ref.sig.zip --threshold-bp 0 -k 51 -o output/weight_loss.51.genome/gather/ERR11520712.gather.csv
[Mon Aug  7 17:47:32 2023]
Finished job 81.
49 of 121 steps (40%) done
Select jobs to execute...

[Mon Aug  7 17:47:32 2023]
rule run_sourmash_gather:
    input: output/weight_loss.51.genome/sketches/ERR11520725.sig.zip
    output: output/weight_loss.51.genome/gather/ERR11520725.gather.csv
    jobid: 80
    reason: Missing output files: output/weight_loss.51.genome/gather/ERR11520725.gather.csv; Input files updated by another job: output/weight_loss.51.genome/sketches/ERR11520725.sig.zip
    wildcards: sample=ERR11520725
    resources: tmpdir=/tmp

sourmash gather output/weight_loss.51.genome/sketches/ERR11520725.sig.zip ../db/Sketched-db/db.plant-entrez-ref.sig.zip --threshold-bp 0 -k 51 -o output/weight_loss.51.genome/gather/ERR11520725.gather.csv
[Mon Aug  7 17:47:33 2023]
Finished job 72.
50 of 121 steps (41%) done
Select jobs to execute...

[Mon Aug  7 17:47:33 2023]
rule perform_inner_join:
    input: output/weight_loss.51.genome/gather/ERR11520727.gather.csv
    output: output/weight_loss.51.genome/cmon_name_annot/ERR11520727.annot.gather.csv
    jobid: 109
    reason: Missing output files: output/weight_loss.51.genome/cmon_name_annot/ERR11520727.annot.gather.csv; Input files updated by another job: output/weight_loss.51.genome/gather/ERR11520727.gather.csv
    wildcards: sample=ERR11520727
    resources: tmpdir=/tmp

python join_common_name_dbs.py output/weight_loss.51.genome/gather/ERR11520727.gather.csv output/weight_loss.51.genome/cmon_name_annot/ERR11520727.annot.gather.csv
[Mon Aug  7 17:47:34 2023]
Finished job 109.
51 of 121 steps (42%) done
Select jobs to execute...

[Mon Aug  7 17:47:34 2023]
rule run_sourmash_sketch:
    input: input/weight_loss/ERR11520715_1.fastq.gz, input/weight_loss/ERR11520715_2.fastq.gz
    output: output/weight_loss.51.genome/sketches/ERR11520715.sig.zip
    jobid: 39
    reason: Missing output files: output/weight_loss.51.genome/sketches/ERR11520715.sig.zip
    wildcards: sample=ERR11520715
    resources: tmpdir=/tmp

sourmash sketch dna -p scaled=1000,k=21,k=31,k=51,abund input/weight_loss/ERR11520715_1.fastq.gz input/weight_loss/ERR11520715_2.fastq.gz --name 'ERR11520715' -o output/weight_loss.51.genome/sketches/ERR11520715.sig.zip
[Mon Aug  7 17:47:35 2023]
Finished job 59.
52 of 121 steps (43%) done
Select jobs to execute...

[Mon Aug  7 17:47:35 2023]
rule perform_inner_join:
    input: output/weight_loss.51.genome/gather/ERR11520693.gather.csv
    output: output/weight_loss.51.genome/cmon_name_annot/ERR11520693.annot.gather.csv
    jobid: 16
    reason: Missing output files: output/weight_loss.51.genome/cmon_name_annot/ERR11520693.annot.gather.csv; Input files updated by another job: output/weight_loss.51.genome/gather/ERR11520693.gather.csv
    wildcards: sample=ERR11520693
    resources: tmpdir=/tmp

python join_common_name_dbs.py output/weight_loss.51.genome/gather/ERR11520693.gather.csv output/weight_loss.51.genome/cmon_name_annot/ERR11520693.annot.gather.csv
[Mon Aug  7 17:47:36 2023]
Finished job 95.
53 of 121 steps (44%) done
Select jobs to execute...

[Mon Aug  7 17:47:36 2023]
rule perform_inner_join:
    input: output/weight_loss.51.genome/gather/ERR11520711.gather.csv
    output: output/weight_loss.51.genome/cmon_name_annot/ERR11520711.annot.gather.csv
    jobid: 94
    reason: Missing output files: output/weight_loss.51.genome/cmon_name_annot/ERR11520711.annot.gather.csv; Input files updated by another job: output/weight_loss.51.genome/gather/ERR11520711.gather.csv
    wildcards: sample=ERR11520711
    resources: tmpdir=/tmp

python join_common_name_dbs.py output/weight_loss.51.genome/gather/ERR11520711.gather.csv output/weight_loss.51.genome/cmon_name_annot/ERR11520711.annot.gather.csv
[Mon Aug  7 17:47:36 2023]
Finished job 16.
54 of 121 steps (45%) done
Select jobs to execute...

[Mon Aug  7 17:47:36 2023]
rule perform_inner_join:
    input: output/weight_loss.51.genome/gather/ERR11520719.gather.csv
    output: output/weight_loss.51.genome/cmon_name_annot/ERR11520719.annot.gather.csv
    jobid: 58
    reason: Missing output files: output/weight_loss.51.genome/cmon_name_annot/ERR11520719.annot.gather.csv; Input files updated by another job: output/weight_loss.51.genome/gather/ERR11520719.gather.csv
    wildcards: sample=ERR11520719
    resources: tmpdir=/tmp

python join_common_name_dbs.py output/weight_loss.51.genome/gather/ERR11520719.gather.csv output/weight_loss.51.genome/cmon_name_annot/ERR11520719.annot.gather.csv
[Mon Aug  7 17:47:36 2023]
Finished job 94.
55 of 121 steps (45%) done
Select jobs to execute...

[Mon Aug  7 17:47:36 2023]
rule run_sourmash_gather:
    input: output/weight_loss.51.genome/sketches/ERR11520696.sig.zip
    output: output/weight_loss.51.genome/gather/ERR11520696.gather.csv
    jobid: 44
    reason: Missing output files: output/weight_loss.51.genome/gather/ERR11520696.gather.csv; Input files updated by another job: output/weight_loss.51.genome/sketches/ERR11520696.sig.zip
    wildcards: sample=ERR11520696
    resources: tmpdir=/tmp

sourmash gather output/weight_loss.51.genome/sketches/ERR11520696.sig.zip ../db/Sketched-db/db.plant-entrez-ref.sig.zip --threshold-bp 0 -k 51 -o output/weight_loss.51.genome/gather/ERR11520696.gather.csv
[Mon Aug  7 17:47:37 2023]
Finished job 11.
56 of 121 steps (46%) done
Select jobs to execute...

[Mon Aug  7 17:47:37 2023]
rule perform_inner_join:
    input: output/weight_loss.51.genome/gather/ERR11520701.gather.csv
    output: output/weight_loss.51.genome/cmon_name_annot/ERR11520701.annot.gather.csv
    jobid: 10
    reason: Missing output files: output/weight_loss.51.genome/cmon_name_annot/ERR11520701.annot.gather.csv; Input files updated by another job: output/weight_loss.51.genome/gather/ERR11520701.gather.csv
    wildcards: sample=ERR11520701
    resources: tmpdir=/tmp

python join_common_name_dbs.py output/weight_loss.51.genome/gather/ERR11520701.gather.csv output/weight_loss.51.genome/cmon_name_annot/ERR11520701.annot.gather.csv
[Mon Aug  7 17:47:37 2023]
Finished job 58.
57 of 121 steps (47%) done
Select jobs to execute...

[Mon Aug  7 17:47:37 2023]
rule run_sourmash_sketch:
    input: input/weight_loss/ERR11520716_1.fastq.gz, input/weight_loss/ERR11520716_2.fastq.gz
    output: output/weight_loss.51.genome/sketches/ERR11520716.sig.zip
    jobid: 117
    reason: Missing output files: output/weight_loss.51.genome/sketches/ERR11520716.sig.zip
    wildcards: sample=ERR11520716
    resources: tmpdir=/tmp

sourmash sketch dna -p scaled=1000,k=21,k=31,k=51,abund input/weight_loss/ERR11520716_1.fastq.gz input/weight_loss/ERR11520716_2.fastq.gz --name 'ERR11520716' -o output/weight_loss.51.genome/sketches/ERR11520716.sig.zip
[Mon Aug  7 17:47:38 2023]
Finished job 10.
58 of 121 steps (48%) done
Select jobs to execute...

[Mon Aug  7 17:47:38 2023]
rule run_sourmash_sketch:
    input: input/weight_loss/ERR11520722_1.fastq.gz, input/weight_loss/ERR11520722_2.fastq.gz
    output: output/weight_loss.51.genome/sketches/ERR11520722.sig.zip
    jobid: 75
    reason: Missing output files: output/weight_loss.51.genome/sketches/ERR11520722.sig.zip
    wildcards: sample=ERR11520722
    resources: tmpdir=/tmp

sourmash sketch dna -p scaled=1000,k=21,k=31,k=51,abund input/weight_loss/ERR11520722_1.fastq.gz input/weight_loss/ERR11520722_2.fastq.gz --name 'ERR11520722' -o output/weight_loss.51.genome/sketches/ERR11520722.sig.zip
[Mon Aug  7 17:47:39 2023]
Finished job 53.
59 of 121 steps (49%) done
Select jobs to execute...

[Mon Aug  7 17:47:39 2023]
rule perform_inner_join:
    input: output/weight_loss.51.genome/gather/ERR11520712.gather.csv
    output: output/weight_loss.51.genome/cmon_name_annot/ERR11520712.annot.gather.csv
    jobid: 52
    reason: Missing output files: output/weight_loss.51.genome/cmon_name_annot/ERR11520712.annot.gather.csv; Input files updated by another job: output/weight_loss.51.genome/gather/ERR11520712.gather.csv
    wildcards: sample=ERR11520712
    resources: tmpdir=/tmp

python join_common_name_dbs.py output/weight_loss.51.genome/gather/ERR11520712.gather.csv output/weight_loss.51.genome/cmon_name_annot/ERR11520712.annot.gather.csv
[Mon Aug  7 17:47:40 2023]
Finished job 52.
60 of 121 steps (50%) done
Select jobs to execute...

[Mon Aug  7 17:47:40 2023]
rule run_sourmash_sketch:
    input: input/weight_loss/ERR11520708_1.fastq.gz, input/weight_loss/ERR11520708_2.fastq.gz
    output: output/weight_loss.51.genome/sketches/ERR11520708.sig.zip
    jobid: 33
    reason: Missing output files: output/weight_loss.51.genome/sketches/ERR11520708.sig.zip
    wildcards: sample=ERR11520708
    resources: tmpdir=/tmp

sourmash sketch dna -p scaled=1000,k=21,k=31,k=51,abund input/weight_loss/ERR11520708_1.fastq.gz input/weight_loss/ERR11520708_2.fastq.gz --name 'ERR11520708' -o output/weight_loss.51.genome/sketches/ERR11520708.sig.zip
[Mon Aug  7 17:47:42 2023]
Finished job 80.
61 of 121 steps (50%) done
Select jobs to execute...

[Mon Aug  7 17:47:42 2023]
rule perform_inner_join:
    input: output/weight_loss.51.genome/gather/ERR11520725.gather.csv
    output: output/weight_loss.51.genome/cmon_name_annot/ERR11520725.annot.gather.csv
    jobid: 79
    reason: Missing output files: output/weight_loss.51.genome/cmon_name_annot/ERR11520725.annot.gather.csv; Input files updated by another job: output/weight_loss.51.genome/gather/ERR11520725.gather.csv
    wildcards: sample=ERR11520725
    resources: tmpdir=/tmp

python join_common_name_dbs.py output/weight_loss.51.genome/gather/ERR11520725.gather.csv output/weight_loss.51.genome/cmon_name_annot/ERR11520725.annot.gather.csv
[Mon Aug  7 17:47:43 2023]
Finished job 79.
62 of 121 steps (51%) done
Select jobs to execute...

[Mon Aug  7 17:47:43 2023]
rule run_sourmash_gather:
    input: output/weight_loss.51.genome/sketches/ERR11520705.sig.zip
    output: output/weight_loss.51.genome/gather/ERR11520705.gather.csv
    jobid: 68
    reason: Missing output files: output/weight_loss.51.genome/gather/ERR11520705.gather.csv; Input files updated by another job: output/weight_loss.51.genome/sketches/ERR11520705.sig.zip
    wildcards: sample=ERR11520705
    resources: tmpdir=/tmp

sourmash gather output/weight_loss.51.genome/sketches/ERR11520705.sig.zip ../db/Sketched-db/db.plant-entrez-ref.sig.zip --threshold-bp 0 -k 51 -o output/weight_loss.51.genome/gather/ERR11520705.gather.csv
[Mon Aug  7 17:47:46 2023]
Finished job 44.
63 of 121 steps (52%) done
Select jobs to execute...

[Mon Aug  7 17:47:46 2023]
rule run_sourmash_gather:
    input: output/weight_loss.51.genome/sketches/ERR11520703.sig.zip
    output: output/weight_loss.51.genome/gather/ERR11520703.gather.csv
    jobid: 41
    reason: Missing output files: output/weight_loss.51.genome/gather/ERR11520703.gather.csv; Input files updated by another job: output/weight_loss.51.genome/sketches/ERR11520703.sig.zip
    wildcards: sample=ERR11520703
    resources: tmpdir=/tmp

sourmash gather output/weight_loss.51.genome/sketches/ERR11520703.sig.zip ../db/Sketched-db/db.plant-entrez-ref.sig.zip --threshold-bp 0 -k 51 -o output/weight_loss.51.genome/gather/ERR11520703.gather.csv
[Mon Aug  7 17:47:47 2023]
Finished job 39.
64 of 121 steps (53%) done
Select jobs to execute...

[Mon Aug  7 17:47:47 2023]
rule run_sourmash_gather:
    input: output/weight_loss.51.genome/sketches/ERR11520715.sig.zip
    output: output/weight_loss.51.genome/gather/ERR11520715.gather.csv
    jobid: 38
    reason: Missing output files: output/weight_loss.51.genome/gather/ERR11520715.gather.csv; Input files updated by another job: output/weight_loss.51.genome/sketches/ERR11520715.sig.zip
    wildcards: sample=ERR11520715
    resources: tmpdir=/tmp

sourmash gather output/weight_loss.51.genome/sketches/ERR11520715.sig.zip ../db/Sketched-db/db.plant-entrez-ref.sig.zip --threshold-bp 0 -k 51 -o output/weight_loss.51.genome/gather/ERR11520715.gather.csv
[Mon Aug  7 17:47:47 2023]
Finished job 117.
65 of 121 steps (54%) done
Select jobs to execute...

[Mon Aug  7 17:47:47 2023]
rule run_sourmash_gather:
    input: output/weight_loss.51.genome/sketches/ERR11520716.sig.zip
    output: output/weight_loss.51.genome/gather/ERR11520716.gather.csv
    jobid: 116
    reason: Missing output files: output/weight_loss.51.genome/gather/ERR11520716.gather.csv; Input files updated by another job: output/weight_loss.51.genome/sketches/ERR11520716.sig.zip
    wildcards: sample=ERR11520716
    resources: tmpdir=/tmp

sourmash gather output/weight_loss.51.genome/sketches/ERR11520716.sig.zip ../db/Sketched-db/db.plant-entrez-ref.sig.zip --threshold-bp 0 -k 51 -o output/weight_loss.51.genome/gather/ERR11520716.gather.csv
[Mon Aug  7 17:47:49 2023]
Finished job 75.
66 of 121 steps (55%) done
Select jobs to execute...

[Mon Aug  7 17:47:49 2023]
rule run_sourmash_gather:
    input: output/weight_loss.51.genome/sketches/ERR11520722.sig.zip
    output: output/weight_loss.51.genome/gather/ERR11520722.gather.csv
    jobid: 74
    reason: Missing output files: output/weight_loss.51.genome/gather/ERR11520722.gather.csv; Input files updated by another job: output/weight_loss.51.genome/sketches/ERR11520722.sig.zip
    wildcards: sample=ERR11520722
    resources: tmpdir=/tmp

sourmash gather output/weight_loss.51.genome/sketches/ERR11520722.sig.zip ../db/Sketched-db/db.plant-entrez-ref.sig.zip --threshold-bp 0 -k 51 -o output/weight_loss.51.genome/gather/ERR11520722.gather.csv
[Mon Aug  7 17:47:53 2023]
Finished job 68.
67 of 121 steps (55%) done
Select jobs to execute...

[Mon Aug  7 17:47:53 2023]
rule perform_inner_join:
    input: output/weight_loss.51.genome/gather/ERR11520705.gather.csv
    output: output/weight_loss.51.genome/cmon_name_annot/ERR11520705.annot.gather.csv
    jobid: 67
    reason: Missing output files: output/weight_loss.51.genome/cmon_name_annot/ERR11520705.annot.gather.csv; Input files updated by another job: output/weight_loss.51.genome/gather/ERR11520705.gather.csv
    wildcards: sample=ERR11520705
    resources: tmpdir=/tmp

python join_common_name_dbs.py output/weight_loss.51.genome/gather/ERR11520705.gather.csv output/weight_loss.51.genome/cmon_name_annot/ERR11520705.annot.gather.csv
[Mon Aug  7 17:47:54 2023]
Finished job 67.
68 of 121 steps (56%) done
Select jobs to execute...

[Mon Aug  7 17:47:54 2023]
rule run_sourmash_sketch:
    input: input/weight_loss/ERR11520709_1.fastq.gz, input/weight_loss/ERR11520709_2.fastq.gz
    output: output/weight_loss.51.genome/sketches/ERR11520709.sig.zip
    jobid: 84
    reason: Missing output files: output/weight_loss.51.genome/sketches/ERR11520709.sig.zip
    wildcards: sample=ERR11520709
    resources: tmpdir=/tmp

sourmash sketch dna -p scaled=1000,k=21,k=31,k=51,abund input/weight_loss/ERR11520709_1.fastq.gz input/weight_loss/ERR11520709_2.fastq.gz --name 'ERR11520709' -o output/weight_loss.51.genome/sketches/ERR11520709.sig.zip
[Mon Aug  7 17:47:56 2023]
Finished job 41.
69 of 121 steps (57%) done
Select jobs to execute...

[Mon Aug  7 17:47:56 2023]
rule perform_inner_join:
    input: output/weight_loss.51.genome/gather/ERR11520703.gather.csv
    output: output/weight_loss.51.genome/cmon_name_annot/ERR11520703.annot.gather.csv
    jobid: 40
    reason: Missing output files: output/weight_loss.51.genome/cmon_name_annot/ERR11520703.annot.gather.csv; Input files updated by another job: output/weight_loss.51.genome/gather/ERR11520703.gather.csv
    wildcards: sample=ERR11520703
    resources: tmpdir=/tmp

python join_common_name_dbs.py output/weight_loss.51.genome/gather/ERR11520703.gather.csv output/weight_loss.51.genome/cmon_name_annot/ERR11520703.annot.gather.csv
[Mon Aug  7 17:47:57 2023]
Finished job 38.
70 of 121 steps (58%) done
Select jobs to execute...

[Mon Aug  7 17:47:57 2023]
rule perform_inner_join:
    input: output/weight_loss.51.genome/gather/ERR11520715.gather.csv
    output: output/weight_loss.51.genome/cmon_name_annot/ERR11520715.annot.gather.csv
    jobid: 37
    reason: Missing output files: output/weight_loss.51.genome/cmon_name_annot/ERR11520715.annot.gather.csv; Input files updated by another job: output/weight_loss.51.genome/gather/ERR11520715.gather.csv
    wildcards: sample=ERR11520715
    resources: tmpdir=/tmp

python join_common_name_dbs.py output/weight_loss.51.genome/gather/ERR11520715.gather.csv output/weight_loss.51.genome/cmon_name_annot/ERR11520715.annot.gather.csv
[Mon Aug  7 17:47:57 2023]
Finished job 116.
71 of 121 steps (59%) done
Select jobs to execute...

[Mon Aug  7 17:47:57 2023]
rule perform_inner_join:
    input: output/weight_loss.51.genome/gather/ERR11520716.gather.csv
    output: output/weight_loss.51.genome/cmon_name_annot/ERR11520716.annot.gather.csv
    jobid: 115
    reason: Missing output files: output/weight_loss.51.genome/cmon_name_annot/ERR11520716.annot.gather.csv; Input files updated by another job: output/weight_loss.51.genome/gather/ERR11520716.gather.csv
    wildcards: sample=ERR11520716
    resources: tmpdir=/tmp

python join_common_name_dbs.py output/weight_loss.51.genome/gather/ERR11520716.gather.csv output/weight_loss.51.genome/cmon_name_annot/ERR11520716.annot.gather.csv
[Mon Aug  7 17:47:57 2023]
Finished job 40.
72 of 121 steps (60%) done
Select jobs to execute...

[Mon Aug  7 17:47:57 2023]
rule run_sourmash_sketch:
    input: input/weight_loss/ERR11520724_1.fastq.gz, input/weight_loss/ERR11520724_2.fastq.gz
    output: output/weight_loss.51.genome/sketches/ERR11520724.sig.zip
    jobid: 36
    reason: Missing output files: output/weight_loss.51.genome/sketches/ERR11520724.sig.zip
    wildcards: sample=ERR11520724
    resources: tmpdir=/tmp

sourmash sketch dna -p scaled=1000,k=21,k=31,k=51,abund input/weight_loss/ERR11520724_1.fastq.gz input/weight_loss/ERR11520724_2.fastq.gz --name 'ERR11520724' -o output/weight_loss.51.genome/sketches/ERR11520724.sig.zip
[Mon Aug  7 17:47:58 2023]
Finished job 37.
73 of 121 steps (60%) done
Select jobs to execute...

[Mon Aug  7 17:47:58 2023]
rule run_sourmash_sketch:
    input: input/weight_loss/ERR11520695_1.fastq.gz, input/weight_loss/ERR11520695_2.fastq.gz
    output: output/weight_loss.51.genome/sketches/ERR11520695.sig.zip
    jobid: 120
    reason: Missing output files: output/weight_loss.51.genome/sketches/ERR11520695.sig.zip
    wildcards: sample=ERR11520695
    resources: tmpdir=/tmp

sourmash sketch dna -p scaled=1000,k=21,k=31,k=51,abund input/weight_loss/ERR11520695_1.fastq.gz input/weight_loss/ERR11520695_2.fastq.gz --name 'ERR11520695' -o output/weight_loss.51.genome/sketches/ERR11520695.sig.zip
[Mon Aug  7 17:47:58 2023]
Finished job 115.
74 of 121 steps (61%) done
Select jobs to execute...

[Mon Aug  7 17:47:58 2023]
rule run_sourmash_sketch:
    input: input/weight_loss/ERR11520718_1.fastq.gz, input/weight_loss/ERR11520718_2.fastq.gz
    output: output/weight_loss.51.genome/sketches/ERR11520718.sig.zip
    jobid: 78
    reason: Missing output files: output/weight_loss.51.genome/sketches/ERR11520718.sig.zip
    wildcards: sample=ERR11520718
    resources: tmpdir=/tmp

sourmash sketch dna -p scaled=1000,k=21,k=31,k=51,abund input/weight_loss/ERR11520718_1.fastq.gz input/weight_loss/ERR11520718_2.fastq.gz --name 'ERR11520718' -o output/weight_loss.51.genome/sketches/ERR11520718.sig.zip
[Mon Aug  7 17:47:59 2023]
Finished job 74.
75 of 121 steps (62%) done
Select jobs to execute...

[Mon Aug  7 17:47:59 2023]
rule run_sourmash_gather:
    input: output/weight_loss.51.genome/sketches/ERR11520702.sig.zip
    output: output/weight_loss.51.genome/gather/ERR11520702.gather.csv
    jobid: 92
    reason: Missing output files: output/weight_loss.51.genome/gather/ERR11520702.gather.csv; Input files updated by another job: output/weight_loss.51.genome/sketches/ERR11520702.sig.zip
    wildcards: sample=ERR11520702
    resources: tmpdir=/tmp

sourmash gather output/weight_loss.51.genome/sketches/ERR11520702.sig.zip ../db/Sketched-db/db.plant-entrez-ref.sig.zip --threshold-bp 0 -k 51 -o output/weight_loss.51.genome/gather/ERR11520702.gather.csv
[Mon Aug  7 17:48:00 2023]
Finished job 33.
76 of 121 steps (63%) done
Select jobs to execute...

[Mon Aug  7 17:48:00 2023]
rule perform_inner_join:
    input: output/weight_loss.51.genome/gather/ERR11520706.gather.csv
    output: output/weight_loss.51.genome/cmon_name_annot/ERR11520706.annot.gather.csv
    jobid: 22
    reason: Missing output files: output/weight_loss.51.genome/cmon_name_annot/ERR11520706.annot.gather.csv; Input files updated by another job: output/weight_loss.51.genome/gather/ERR11520706.gather.csv
    wildcards: sample=ERR11520706
    resources: tmpdir=/tmp

python join_common_name_dbs.py output/weight_loss.51.genome/gather/ERR11520706.gather.csv output/weight_loss.51.genome/cmon_name_annot/ERR11520706.annot.gather.csv
[Mon Aug  7 17:48:01 2023]
Finished job 84.
77 of 121 steps (64%) done
Select jobs to execute...

[Mon Aug  7 17:48:01 2023]
rule perform_inner_join:
    input: output/weight_loss.51.genome/gather/ERR11520720.gather.csv
    output: output/weight_loss.51.genome/cmon_name_annot/ERR11520720.annot.gather.csv
    jobid: 106
    reason: Missing output files: output/weight_loss.51.genome/cmon_name_annot/ERR11520720.annot.gather.csv; Input files updated by another job: output/weight_loss.51.genome/gather/ERR11520720.gather.csv
    wildcards: sample=ERR11520720
    resources: tmpdir=/tmp

python join_common_name_dbs.py output/weight_loss.51.genome/gather/ERR11520720.gather.csv output/weight_loss.51.genome/cmon_name_annot/ERR11520720.annot.gather.csv
[Mon Aug  7 17:48:01 2023]
Finished job 22.
78 of 121 steps (64%) done
Select jobs to execute...

[Mon Aug  7 17:48:01 2023]
rule perform_inner_join:
    input: output/weight_loss.51.genome/gather/ERR11520697.gather.csv
    output: output/weight_loss.51.genome/cmon_name_annot/ERR11520697.annot.gather.csv
    jobid: 85
    reason: Missing output files: output/weight_loss.51.genome/cmon_name_annot/ERR11520697.annot.gather.csv; Input files updated by another job: output/weight_loss.51.genome/gather/ERR11520697.gather.csv
    wildcards: sample=ERR11520697
    resources: tmpdir=/tmp

python join_common_name_dbs.py output/weight_loss.51.genome/gather/ERR11520697.gather.csv output/weight_loss.51.genome/cmon_name_annot/ERR11520697.annot.gather.csv
[Mon Aug  7 17:48:02 2023]
Finished job 106.
79 of 121 steps (65%) done
Select jobs to execute...

[Mon Aug  7 17:48:02 2023]
rule run_sourmash_gather:
    input: output/weight_loss.51.genome/sketches/ERR11520713.sig.zip
    output: output/weight_loss.51.genome/gather/ERR11520713.gather.csv
    jobid: 71
    reason: Missing output files: output/weight_loss.51.genome/gather/ERR11520713.gather.csv; Input files updated by another job: output/weight_loss.51.genome/sketches/ERR11520713.sig.zip
    wildcards: sample=ERR11520713
    resources: tmpdir=/tmp

sourmash gather output/weight_loss.51.genome/sketches/ERR11520713.sig.zip ../db/Sketched-db/db.plant-entrez-ref.sig.zip --threshold-bp 0 -k 51 -o output/weight_loss.51.genome/gather/ERR11520713.gather.csv
[Mon Aug  7 17:48:02 2023]
Finished job 85.
80 of 121 steps (66%) done
Select jobs to execute...

[Mon Aug  7 17:48:02 2023]
rule perform_inner_join:
    input: output/weight_loss.51.genome/gather/ERR11520696.gather.csv
    output: output/weight_loss.51.genome/cmon_name_annot/ERR11520696.annot.gather.csv
    jobid: 43
    reason: Missing output files: output/weight_loss.51.genome/cmon_name_annot/ERR11520696.annot.gather.csv; Input files updated by another job: output/weight_loss.51.genome/gather/ERR11520696.gather.csv
    wildcards: sample=ERR11520696
    resources: tmpdir=/tmp

python join_common_name_dbs.py output/weight_loss.51.genome/gather/ERR11520696.gather.csv output/weight_loss.51.genome/cmon_name_annot/ERR11520696.annot.gather.csv
[Mon Aug  7 17:48:03 2023]
Finished job 43.
81 of 121 steps (67%) done
Select jobs to execute...

[Mon Aug  7 17:48:03 2023]
rule run_sourmash_gather:
    input: output/weight_loss.51.genome/sketches/ERR11520717.sig.zip
    output: output/weight_loss.51.genome/gather/ERR11520717.gather.csv
    jobid: 14
    reason: Missing output files: output/weight_loss.51.genome/gather/ERR11520717.gather.csv; Input files updated by another job: output/weight_loss.51.genome/sketches/ERR11520717.sig.zip
    wildcards: sample=ERR11520717
    resources: tmpdir=/tmp

sourmash gather output/weight_loss.51.genome/sketches/ERR11520717.sig.zip ../db/Sketched-db/db.plant-entrez-ref.sig.zip --threshold-bp 0 -k 51 -o output/weight_loss.51.genome/gather/ERR11520717.gather.csv
[Mon Aug  7 17:48:06 2023]
Finished job 78.
82 of 121 steps (68%) done
Select jobs to execute...

[Mon Aug  7 17:48:06 2023]
rule run_sourmash_gather:
    input: output/weight_loss.51.genome/sketches/ERR11520718.sig.zip
    output: output/weight_loss.51.genome/gather/ERR11520718.gather.csv
    jobid: 77
    reason: Missing output files: output/weight_loss.51.genome/gather/ERR11520718.gather.csv; Input files updated by another job: output/weight_loss.51.genome/sketches/ERR11520718.sig.zip
    wildcards: sample=ERR11520718
    resources: tmpdir=/tmp

sourmash gather output/weight_loss.51.genome/sketches/ERR11520718.sig.zip ../db/Sketched-db/db.plant-entrez-ref.sig.zip --threshold-bp 0 -k 51 -o output/weight_loss.51.genome/gather/ERR11520718.gather.csv
[Mon Aug  7 17:48:08 2023]
Finished job 120.
83 of 121 steps (69%) done
Select jobs to execute...

[Mon Aug  7 17:48:08 2023]
rule run_sourmash_gather:
    input: output/weight_loss.51.genome/sketches/ERR11520695.sig.zip
    output: output/weight_loss.51.genome/gather/ERR11520695.gather.csv
    jobid: 119
    reason: Missing output files: output/weight_loss.51.genome/gather/ERR11520695.gather.csv; Input files updated by another job: output/weight_loss.51.genome/sketches/ERR11520695.sig.zip
    wildcards: sample=ERR11520695
    resources: tmpdir=/tmp

sourmash gather output/weight_loss.51.genome/sketches/ERR11520695.sig.zip ../db/Sketched-db/db.plant-entrez-ref.sig.zip --threshold-bp 0 -k 51 -o output/weight_loss.51.genome/gather/ERR11520695.gather.csv
[Mon Aug  7 17:48:08 2023]
Finished job 36.
84 of 121 steps (69%) done
Select jobs to execute...

[Mon Aug  7 17:48:08 2023]
rule run_sourmash_gather:
    input: output/weight_loss.51.genome/sketches/ERR11520724.sig.zip
    output: output/weight_loss.51.genome/gather/ERR11520724.gather.csv
    jobid: 35
    reason: Missing output files: output/weight_loss.51.genome/gather/ERR11520724.gather.csv; Input files updated by another job: output/weight_loss.51.genome/sketches/ERR11520724.sig.zip
    wildcards: sample=ERR11520724
    resources: tmpdir=/tmp

sourmash gather output/weight_loss.51.genome/sketches/ERR11520724.sig.zip ../db/Sketched-db/db.plant-entrez-ref.sig.zip --threshold-bp 0 -k 51 -o output/weight_loss.51.genome/gather/ERR11520724.gather.csv
[Mon Aug  7 17:48:09 2023]
Finished job 92.
85 of 121 steps (70%) done
Select jobs to execute...

[Mon Aug  7 17:48:09 2023]
rule perform_inner_join:
    input: output/weight_loss.51.genome/gather/ERR11520702.gather.csv
    output: output/weight_loss.51.genome/cmon_name_annot/ERR11520702.annot.gather.csv
    jobid: 91
    reason: Missing output files: output/weight_loss.51.genome/cmon_name_annot/ERR11520702.annot.gather.csv; Input files updated by another job: output/weight_loss.51.genome/gather/ERR11520702.gather.csv
    wildcards: sample=ERR11520702
    resources: tmpdir=/tmp

python join_common_name_dbs.py output/weight_loss.51.genome/gather/ERR11520702.gather.csv output/weight_loss.51.genome/cmon_name_annot/ERR11520702.annot.gather.csv
[Mon Aug  7 17:48:10 2023]
Finished job 91.
86 of 121 steps (71%) done
Select jobs to execute...

[Mon Aug  7 17:48:10 2023]
rule run_sourmash_sketch:
    input: input/weight_loss/ERR11520698_1.fastq.gz, input/weight_loss/ERR11520698_2.fastq.gz
    output: output/weight_loss.51.genome/sketches/ERR11520698.sig.zip
    jobid: 30
    reason: Missing output files: output/weight_loss.51.genome/sketches/ERR11520698.sig.zip
    wildcards: sample=ERR11520698
    resources: tmpdir=/tmp

sourmash sketch dna -p scaled=1000,k=21,k=31,k=51,abund input/weight_loss/ERR11520698_1.fastq.gz input/weight_loss/ERR11520698_2.fastq.gz --name 'ERR11520698' -o output/weight_loss.51.genome/sketches/ERR11520698.sig.zip
[Mon Aug  7 17:48:12 2023]
Finished job 71.
87 of 121 steps (72%) done
Select jobs to execute...

[Mon Aug  7 17:48:12 2023]
rule perform_inner_join:
    input: output/weight_loss.51.genome/gather/ERR11520713.gather.csv
    output: output/weight_loss.51.genome/cmon_name_annot/ERR11520713.annot.gather.csv
    jobid: 70
    reason: Missing output files: output/weight_loss.51.genome/cmon_name_annot/ERR11520713.annot.gather.csv; Input files updated by another job: output/weight_loss.51.genome/gather/ERR11520713.gather.csv
    wildcards: sample=ERR11520713
    resources: tmpdir=/tmp

python join_common_name_dbs.py output/weight_loss.51.genome/gather/ERR11520713.gather.csv output/weight_loss.51.genome/cmon_name_annot/ERR11520713.annot.gather.csv
[Mon Aug  7 17:48:12 2023]
Finished job 70.
88 of 121 steps (73%) done
Select jobs to execute...

[Mon Aug  7 17:48:12 2023]
rule run_sourmash_gather:
    input: output/weight_loss.51.genome/sketches/ERR11520708.sig.zip
    output: output/weight_loss.51.genome/gather/ERR11520708.gather.csv
    jobid: 32
    reason: Missing output files: output/weight_loss.51.genome/gather/ERR11520708.gather.csv; Input files updated by another job: output/weight_loss.51.genome/sketches/ERR11520708.sig.zip
    wildcards: sample=ERR11520708
    resources: tmpdir=/tmp

sourmash gather output/weight_loss.51.genome/sketches/ERR11520708.sig.zip ../db/Sketched-db/db.plant-entrez-ref.sig.zip --threshold-bp 0 -k 51 -o output/weight_loss.51.genome/gather/ERR11520708.gather.csv
[Mon Aug  7 17:48:13 2023]
Finished job 14.
89 of 121 steps (74%) done
Select jobs to execute...

[Mon Aug  7 17:48:13 2023]
rule run_sourmash_gather:
    input: output/weight_loss.51.genome/sketches/ERR11520700.sig.zip
    output: output/weight_loss.51.genome/gather/ERR11520700.gather.csv
    jobid: 113
    reason: Missing output files: output/weight_loss.51.genome/gather/ERR11520700.gather.csv; Input files updated by another job: output/weight_loss.51.genome/sketches/ERR11520700.sig.zip
    wildcards: sample=ERR11520700
    resources: tmpdir=/tmp

sourmash gather output/weight_loss.51.genome/sketches/ERR11520700.sig.zip ../db/Sketched-db/db.plant-entrez-ref.sig.zip --threshold-bp 0 -k 51 -o output/weight_loss.51.genome/gather/ERR11520700.gather.csv
[Mon Aug  7 17:48:16 2023]
Finished job 77.
90 of 121 steps (74%) done
Select jobs to execute...

[Mon Aug  7 17:48:16 2023]
rule perform_inner_join:
    input: output/weight_loss.51.genome/gather/ERR11520718.gather.csv
    output: output/weight_loss.51.genome/cmon_name_annot/ERR11520718.annot.gather.csv
    jobid: 76
    reason: Missing output files: output/weight_loss.51.genome/cmon_name_annot/ERR11520718.annot.gather.csv; Input files updated by another job: output/weight_loss.51.genome/gather/ERR11520718.gather.csv
    wildcards: sample=ERR11520718
    resources: tmpdir=/tmp

python join_common_name_dbs.py output/weight_loss.51.genome/gather/ERR11520718.gather.csv output/weight_loss.51.genome/cmon_name_annot/ERR11520718.annot.gather.csv
[Mon Aug  7 17:48:17 2023]
Finished job 76.
91 of 121 steps (75%) done
Select jobs to execute...

[Mon Aug  7 17:48:17 2023]
rule run_sourmash_gather:
    input: output/weight_loss.51.genome/sketches/ERR11520726.sig.zip
    output: output/weight_loss.51.genome/gather/ERR11520726.gather.csv
    jobid: 2
    reason: Missing output files: output/weight_loss.51.genome/gather/ERR11520726.gather.csv; Input files updated by another job: output/weight_loss.51.genome/sketches/ERR11520726.sig.zip
    wildcards: sample=ERR11520726
    resources: tmpdir=/tmp

sourmash gather output/weight_loss.51.genome/sketches/ERR11520726.sig.zip ../db/Sketched-db/db.plant-entrez-ref.sig.zip --threshold-bp 0 -k 51 -o output/weight_loss.51.genome/gather/ERR11520726.gather.csv
[Mon Aug  7 17:48:18 2023]
Finished job 119.
92 of 121 steps (76%) done
Select jobs to execute...

[Mon Aug  7 17:48:18 2023]
rule perform_inner_join:
    input: output/weight_loss.51.genome/gather/ERR11520695.gather.csv
    output: output/weight_loss.51.genome/cmon_name_annot/ERR11520695.annot.gather.csv
    jobid: 118
    reason: Missing output files: output/weight_loss.51.genome/cmon_name_annot/ERR11520695.annot.gather.csv; Input files updated by another job: output/weight_loss.51.genome/gather/ERR11520695.gather.csv
    wildcards: sample=ERR11520695
    resources: tmpdir=/tmp

python join_common_name_dbs.py output/weight_loss.51.genome/gather/ERR11520695.gather.csv output/weight_loss.51.genome/cmon_name_annot/ERR11520695.annot.gather.csv
[Mon Aug  7 17:48:18 2023]
Finished job 35.
93 of 121 steps (77%) done
Select jobs to execute...

[Mon Aug  7 17:48:18 2023]
rule perform_inner_join:
    input: output/weight_loss.51.genome/gather/ERR11520724.gather.csv
    output: output/weight_loss.51.genome/cmon_name_annot/ERR11520724.annot.gather.csv
    jobid: 34
    reason: Missing output files: output/weight_loss.51.genome/cmon_name_annot/ERR11520724.annot.gather.csv; Input files updated by another job: output/weight_loss.51.genome/gather/ERR11520724.gather.csv
    wildcards: sample=ERR11520724
    resources: tmpdir=/tmp

python join_common_name_dbs.py output/weight_loss.51.genome/gather/ERR11520724.gather.csv output/weight_loss.51.genome/cmon_name_annot/ERR11520724.annot.gather.csv
[Mon Aug  7 17:48:19 2023]
Finished job 118.
94 of 121 steps (78%) done
Select jobs to execute...

[Mon Aug  7 17:48:19 2023]
rule perform_inner_join:
    input: output/weight_loss.51.genome/gather/ERR11520722.gather.csv
    output: output/weight_loss.51.genome/cmon_name_annot/ERR11520722.annot.gather.csv
    jobid: 73
    reason: Missing output files: output/weight_loss.51.genome/cmon_name_annot/ERR11520722.annot.gather.csv; Input files updated by another job: output/weight_loss.51.genome/gather/ERR11520722.gather.csv
    wildcards: sample=ERR11520722
    resources: tmpdir=/tmp

python join_common_name_dbs.py output/weight_loss.51.genome/gather/ERR11520722.gather.csv output/weight_loss.51.genome/cmon_name_annot/ERR11520722.annot.gather.csv
[Mon Aug  7 17:48:19 2023]
Finished job 34.
95 of 121 steps (79%) done
Select jobs to execute...

[Mon Aug  7 17:48:19 2023]
rule run_sourmash_sketch:
    input: input/weight_loss/ERR11520707_1.fastq.gz, input/weight_loss/ERR11520707_2.fastq.gz
    output: output/weight_loss.51.genome/sketches/ERR11520707.sig.zip
    jobid: 99
    reason: Missing output files: output/weight_loss.51.genome/sketches/ERR11520707.sig.zip
    wildcards: sample=ERR11520707
    resources: tmpdir=/tmp

sourmash sketch dna -p scaled=1000,k=21,k=31,k=51,abund input/weight_loss/ERR11520707_1.fastq.gz input/weight_loss/ERR11520707_2.fastq.gz --name 'ERR11520707' -o output/weight_loss.51.genome/sketches/ERR11520707.sig.zip
[Mon Aug  7 17:48:20 2023]
Finished job 73.
96 of 121 steps (79%) done
Select jobs to execute...

[Mon Aug  7 17:48:20 2023]
rule run_sourmash_sketch:
    input: input/weight_loss/ERR11520691_1.fastq.gz, input/weight_loss/ERR11520691_2.fastq.gz
    output: output/weight_loss.51.genome/sketches/ERR11520691.sig.zip
    jobid: 57
    reason: Missing output files: output/weight_loss.51.genome/sketches/ERR11520691.sig.zip
    wildcards: sample=ERR11520691
    resources: tmpdir=/tmp

sourmash sketch dna -p scaled=1000,k=21,k=31,k=51,abund input/weight_loss/ERR11520691_1.fastq.gz input/weight_loss/ERR11520691_2.fastq.gz --name 'ERR11520691' -o output/weight_loss.51.genome/sketches/ERR11520691.sig.zip
[Mon Aug  7 17:48:23 2023]
Finished job 113.
97 of 121 steps (80%) done
Select jobs to execute...

[Mon Aug  7 17:48:23 2023]
rule perform_inner_join:
    input: output/weight_loss.51.genome/gather/ERR11520700.gather.csv
    output: output/weight_loss.51.genome/cmon_name_annot/ERR11520700.annot.gather.csv
    jobid: 112
    reason: Missing output files: output/weight_loss.51.genome/cmon_name_annot/ERR11520700.annot.gather.csv; Input files updated by another job: output/weight_loss.51.genome/gather/ERR11520700.gather.csv
    wildcards: sample=ERR11520700
    resources: tmpdir=/tmp

python join_common_name_dbs.py output/weight_loss.51.genome/gather/ERR11520700.gather.csv output/weight_loss.51.genome/cmon_name_annot/ERR11520700.annot.gather.csv
[Mon Aug  7 17:48:23 2023]
Finished job 32.
98 of 121 steps (81%) done
Select jobs to execute...

[Mon Aug  7 17:48:23 2023]
rule perform_inner_join:
    input: output/weight_loss.51.genome/gather/ERR11520708.gather.csv
    output: output/weight_loss.51.genome/cmon_name_annot/ERR11520708.annot.gather.csv
    jobid: 31
    reason: Missing output files: output/weight_loss.51.genome/cmon_name_annot/ERR11520708.annot.gather.csv; Input files updated by another job: output/weight_loss.51.genome/gather/ERR11520708.gather.csv
    wildcards: sample=ERR11520708
    resources: tmpdir=/tmp

python join_common_name_dbs.py output/weight_loss.51.genome/gather/ERR11520708.gather.csv output/weight_loss.51.genome/cmon_name_annot/ERR11520708.annot.gather.csv
[Mon Aug  7 17:48:24 2023]
Finished job 112.
99 of 121 steps (82%) done
Select jobs to execute...

[Mon Aug  7 17:48:24 2023]
rule perform_inner_join:
    input: output/weight_loss.51.genome/gather/ERR11520717.gather.csv
    output: output/weight_loss.51.genome/cmon_name_annot/ERR11520717.annot.gather.csv
    jobid: 13
    reason: Missing output files: output/weight_loss.51.genome/cmon_name_annot/ERR11520717.annot.gather.csv; Input files updated by another job: output/weight_loss.51.genome/gather/ERR11520717.gather.csv
    wildcards: sample=ERR11520717
    resources: tmpdir=/tmp

python join_common_name_dbs.py output/weight_loss.51.genome/gather/ERR11520717.gather.csv output/weight_loss.51.genome/cmon_name_annot/ERR11520717.annot.gather.csv
[Mon Aug  7 17:48:24 2023]
Finished job 31.
100 of 121 steps (83%) done
Select jobs to execute...

[Mon Aug  7 17:48:24 2023]
rule perform_inner_join:
    input: output/weight_loss.51.genome/gather/ERR11520690.gather.csv
    output: output/weight_loss.51.genome/cmon_name_annot/ERR11520690.annot.gather.csv
    jobid: 64
    reason: Missing output files: output/weight_loss.51.genome/cmon_name_annot/ERR11520690.annot.gather.csv; Input files updated by another job: output/weight_loss.51.genome/gather/ERR11520690.gather.csv
    wildcards: sample=ERR11520690
    resources: tmpdir=/tmp

python join_common_name_dbs.py output/weight_loss.51.genome/gather/ERR11520690.gather.csv output/weight_loss.51.genome/cmon_name_annot/ERR11520690.annot.gather.csv
[Mon Aug  7 17:48:24 2023]
Finished job 30.
101 of 121 steps (83%) done
Select jobs to execute...

[Mon Aug  7 17:48:24 2023]
rule run_sourmash_sketch:
    input: input/weight_loss/ERR11520694_1.fastq.gz, input/weight_loss/ERR11520694_2.fastq.gz
    output: output/weight_loss.51.genome/sketches/ERR11520694.sig.zip
    jobid: 9
    reason: Missing output files: output/weight_loss.51.genome/sketches/ERR11520694.sig.zip
    wildcards: sample=ERR11520694
    resources: tmpdir=/tmp

sourmash sketch dna -p scaled=1000,k=21,k=31,k=51,abund input/weight_loss/ERR11520694_1.fastq.gz input/weight_loss/ERR11520694_2.fastq.gz --name 'ERR11520694' -o output/weight_loss.51.genome/sketches/ERR11520694.sig.zip
[Mon Aug  7 17:48:24 2023]
Finished job 13.
102 of 121 steps (84%) done
Select jobs to execute...

[Mon Aug  7 17:48:25 2023]
rule run_sourmash_gather:
    input: output/weight_loss.51.genome/sketches/ERR11520698.sig.zip
    output: output/weight_loss.51.genome/gather/ERR11520698.gather.csv
    jobid: 29
    reason: Missing output files: output/weight_loss.51.genome/gather/ERR11520698.gather.csv; Input files updated by another job: output/weight_loss.51.genome/sketches/ERR11520698.sig.zip
    wildcards: sample=ERR11520698
    resources: tmpdir=/tmp

sourmash gather output/weight_loss.51.genome/sketches/ERR11520698.sig.zip ../db/Sketched-db/db.plant-entrez-ref.sig.zip --threshold-bp 0 -k 51 -o output/weight_loss.51.genome/gather/ERR11520698.gather.csv
[Mon Aug  7 17:48:25 2023]
Finished job 64.
103 of 121 steps (85%) done
Select jobs to execute...

[Mon Aug  7 17:48:25 2023]
rule run_sourmash_gather:
    input: output/weight_loss.51.genome/sketches/ERR11520709.sig.zip
    output: output/weight_loss.51.genome/gather/ERR11520709.gather.csv
    jobid: 83
    reason: Missing output files: output/weight_loss.51.genome/gather/ERR11520709.gather.csv; Input files updated by another job: output/weight_loss.51.genome/sketches/ERR11520709.sig.zip
    wildcards: sample=ERR11520709
    resources: tmpdir=/tmp

sourmash gather output/weight_loss.51.genome/sketches/ERR11520709.sig.zip ../db/Sketched-db/db.plant-entrez-ref.sig.zip --threshold-bp 0 -k 51 -o output/weight_loss.51.genome/gather/ERR11520709.gather.csv
[Mon Aug  7 17:48:27 2023]
Finished job 2.
104 of 121 steps (86%) done
Select jobs to execute...

[Mon Aug  7 17:48:27 2023]
rule run_sourmash_gather:
    input: output/weight_loss.51.genome/sketches/ERR11520704.sig.zip
    output: output/weight_loss.51.genome/gather/ERR11520704.gather.csv
    jobid: 50
    reason: Missing output files: output/weight_loss.51.genome/gather/ERR11520704.gather.csv; Input files updated by another job: output/weight_loss.51.genome/sketches/ERR11520704.sig.zip
    wildcards: sample=ERR11520704
    resources: tmpdir=/tmp

sourmash gather output/weight_loss.51.genome/sketches/ERR11520704.sig.zip ../db/Sketched-db/db.plant-entrez-ref.sig.zip --threshold-bp 0 -k 51 -o output/weight_loss.51.genome/gather/ERR11520704.gather.csv
[Mon Aug  7 17:48:33 2023]
Finished job 99.
105 of 121 steps (87%) done
Select jobs to execute...

[Mon Aug  7 17:48:33 2023]
rule run_sourmash_gather:
    input: output/weight_loss.51.genome/sketches/ERR11520707.sig.zip
    output: output/weight_loss.51.genome/gather/ERR11520707.gather.csv
    jobid: 98
    reason: Missing output files: output/weight_loss.51.genome/gather/ERR11520707.gather.csv; Input files updated by another job: output/weight_loss.51.genome/sketches/ERR11520707.sig.zip
    wildcards: sample=ERR11520707
    resources: tmpdir=/tmp

sourmash gather output/weight_loss.51.genome/sketches/ERR11520707.sig.zip ../db/Sketched-db/db.plant-entrez-ref.sig.zip --threshold-bp 0 -k 51 -o output/weight_loss.51.genome/gather/ERR11520707.gather.csv
[Mon Aug  7 17:48:34 2023]
Finished job 57.
106 of 121 steps (88%) done
Select jobs to execute...

[Mon Aug  7 17:48:34 2023]
rule run_sourmash_gather:
    input: output/weight_loss.51.genome/sketches/ERR11520691.sig.zip
    output: output/weight_loss.51.genome/gather/ERR11520691.gather.csv
    jobid: 56
    reason: Missing output files: output/weight_loss.51.genome/gather/ERR11520691.gather.csv; Input files updated by another job: output/weight_loss.51.genome/sketches/ERR11520691.sig.zip
    wildcards: sample=ERR11520691
    resources: tmpdir=/tmp

sourmash gather output/weight_loss.51.genome/sketches/ERR11520691.sig.zip ../db/Sketched-db/db.plant-entrez-ref.sig.zip --threshold-bp 0 -k 51 -o output/weight_loss.51.genome/gather/ERR11520691.gather.csv
[Mon Aug  7 17:48:34 2023]
Finished job 83.
107 of 121 steps (88%) done
Select jobs to execute...

[Mon Aug  7 17:48:34 2023]
rule perform_inner_join:
    input: output/weight_loss.51.genome/gather/ERR11520726.gather.csv
    output: output/weight_loss.51.genome/cmon_name_annot/ERR11520726.annot.gather.csv
    jobid: 1
    reason: Missing output files: output/weight_loss.51.genome/cmon_name_annot/ERR11520726.annot.gather.csv; Input files updated by another job: output/weight_loss.51.genome/gather/ERR11520726.gather.csv
    wildcards: sample=ERR11520726
    resources: tmpdir=/tmp

python join_common_name_dbs.py output/weight_loss.51.genome/gather/ERR11520726.gather.csv output/weight_loss.51.genome/cmon_name_annot/ERR11520726.annot.gather.csv
[Mon Aug  7 17:48:34 2023]
Finished job 29.
108 of 121 steps (89%) done
Select jobs to execute...

[Mon Aug  7 17:48:34 2023]
rule perform_inner_join:
    input: output/weight_loss.51.genome/gather/ERR11520698.gather.csv
    output: output/weight_loss.51.genome/cmon_name_annot/ERR11520698.annot.gather.csv
    jobid: 28
    reason: Missing output files: output/weight_loss.51.genome/cmon_name_annot/ERR11520698.annot.gather.csv; Input files updated by another job: output/weight_loss.51.genome/gather/ERR11520698.gather.csv
    wildcards: sample=ERR11520698
    resources: tmpdir=/tmp

python join_common_name_dbs.py output/weight_loss.51.genome/gather/ERR11520698.gather.csv output/weight_loss.51.genome/cmon_name_annot/ERR11520698.annot.gather.csv
[Mon Aug  7 17:48:35 2023]
Finished job 9.
109 of 121 steps (90%) done
Select jobs to execute...

[Mon Aug  7 17:48:35 2023]
rule run_sourmash_gather:
    input: output/weight_loss.51.genome/sketches/ERR11520694.sig.zip
    output: output/weight_loss.51.genome/gather/ERR11520694.gather.csv
    jobid: 8
    reason: Missing output files: output/weight_loss.51.genome/gather/ERR11520694.gather.csv; Input files updated by another job: output/weight_loss.51.genome/sketches/ERR11520694.sig.zip
    wildcards: sample=ERR11520694
    resources: tmpdir=/tmp

sourmash gather output/weight_loss.51.genome/sketches/ERR11520694.sig.zip ../db/Sketched-db/db.plant-entrez-ref.sig.zip --threshold-bp 0 -k 51 -o output/weight_loss.51.genome/gather/ERR11520694.gather.csv
[Mon Aug  7 17:48:35 2023]
Finished job 1.
110 of 121 steps (91%) done
Select jobs to execute...

[Mon Aug  7 17:48:35 2023]
rule perform_inner_join:
    input: output/weight_loss.51.genome/gather/ERR11520709.gather.csv
    output: output/weight_loss.51.genome/cmon_name_annot/ERR11520709.annot.gather.csv
    jobid: 82
    reason: Missing output files: output/weight_loss.51.genome/cmon_name_annot/ERR11520709.annot.gather.csv; Input files updated by another job: output/weight_loss.51.genome/gather/ERR11520709.gather.csv
    wildcards: sample=ERR11520709
    resources: tmpdir=/tmp

python join_common_name_dbs.py output/weight_loss.51.genome/gather/ERR11520709.gather.csv output/weight_loss.51.genome/cmon_name_annot/ERR11520709.annot.gather.csv
[Mon Aug  7 17:48:35 2023]
Finished job 28.
111 of 121 steps (92%) done
[Mon Aug  7 17:48:36 2023]
Finished job 82.
112 of 121 steps (93%) done
[Mon Aug  7 17:48:37 2023]
Finished job 50.
113 of 121 steps (93%) done
Select jobs to execute...

[Mon Aug  7 17:48:37 2023]
rule perform_inner_join:
    input: output/weight_loss.51.genome/gather/ERR11520704.gather.csv
    output: output/weight_loss.51.genome/cmon_name_annot/ERR11520704.annot.gather.csv
    jobid: 49
    reason: Missing output files: output/weight_loss.51.genome/cmon_name_annot/ERR11520704.annot.gather.csv; Input files updated by another job: output/weight_loss.51.genome/gather/ERR11520704.gather.csv
    wildcards: sample=ERR11520704
    resources: tmpdir=/tmp

python join_common_name_dbs.py output/weight_loss.51.genome/gather/ERR11520704.gather.csv output/weight_loss.51.genome/cmon_name_annot/ERR11520704.annot.gather.csv
[Mon Aug  7 17:48:38 2023]
Finished job 49.
114 of 121 steps (94%) done
[Mon Aug  7 17:48:41 2023]
Finished job 56.
115 of 121 steps (95%) done
Select jobs to execute...

[Mon Aug  7 17:48:41 2023]
rule perform_inner_join:
    input: output/weight_loss.51.genome/gather/ERR11520691.gather.csv
    output: output/weight_loss.51.genome/cmon_name_annot/ERR11520691.annot.gather.csv
    jobid: 55
    reason: Missing output files: output/weight_loss.51.genome/cmon_name_annot/ERR11520691.annot.gather.csv; Input files updated by another job: output/weight_loss.51.genome/gather/ERR11520691.gather.csv
    wildcards: sample=ERR11520691
    resources: tmpdir=/tmp

python join_common_name_dbs.py output/weight_loss.51.genome/gather/ERR11520691.gather.csv output/weight_loss.51.genome/cmon_name_annot/ERR11520691.annot.gather.csv
[Mon Aug  7 17:48:41 2023]
Finished job 98.
116 of 121 steps (96%) done
Select jobs to execute...

[Mon Aug  7 17:48:41 2023]
rule perform_inner_join:
    input: output/weight_loss.51.genome/gather/ERR11520707.gather.csv
    output: output/weight_loss.51.genome/cmon_name_annot/ERR11520707.annot.gather.csv
    jobid: 97
    reason: Missing output files: output/weight_loss.51.genome/cmon_name_annot/ERR11520707.annot.gather.csv; Input files updated by another job: output/weight_loss.51.genome/gather/ERR11520707.gather.csv
    wildcards: sample=ERR11520707
    resources: tmpdir=/tmp

python join_common_name_dbs.py output/weight_loss.51.genome/gather/ERR11520707.gather.csv output/weight_loss.51.genome/cmon_name_annot/ERR11520707.annot.gather.csv
[Mon Aug  7 17:48:42 2023]
Finished job 8.
117 of 121 steps (97%) done
Select jobs to execute...

[Mon Aug  7 17:48:42 2023]
rule perform_inner_join:
    input: output/weight_loss.51.genome/gather/ERR11520694.gather.csv
    output: output/weight_loss.51.genome/cmon_name_annot/ERR11520694.annot.gather.csv
    jobid: 7
    reason: Missing output files: output/weight_loss.51.genome/cmon_name_annot/ERR11520694.annot.gather.csv; Input files updated by another job: output/weight_loss.51.genome/gather/ERR11520694.gather.csv
    wildcards: sample=ERR11520694
    resources: tmpdir=/tmp

python join_common_name_dbs.py output/weight_loss.51.genome/gather/ERR11520694.gather.csv output/weight_loss.51.genome/cmon_name_annot/ERR11520694.annot.gather.csv
[Mon Aug  7 17:48:42 2023]
Finished job 55.
118 of 121 steps (98%) done
[Mon Aug  7 17:48:42 2023]
Finished job 97.
119 of 121 steps (98%) done
[Mon Aug  7 17:48:42 2023]
Finished job 7.
120 of 121 steps (99%) done
Select jobs to execute...

[Mon Aug  7 17:48:42 2023]
localrule all:
    input: output/weight_loss.51.genome/cmon_name_annot/ERR11520726.annot.gather.csv, output/weight_loss.51.genome/cmon_name_annot/ERR11520689.annot.gather.csv, output/weight_loss.51.genome/cmon_name_annot/ERR11520694.annot.gather.csv, output/weight_loss.51.genome/cmon_name_annot/ERR11520701.annot.gather.csv, output/weight_loss.51.genome/cmon_name_annot/ERR11520717.annot.gather.csv, output/weight_loss.51.genome/cmon_name_annot/ERR11520693.annot.gather.csv, output/weight_loss.51.genome/cmon_name_annot/ERR11520710.annot.gather.csv, output/weight_loss.51.genome/cmon_name_annot/ERR11520706.annot.gather.csv, output/weight_loss.51.genome/cmon_name_annot/ERR11520721.annot.gather.csv, output/weight_loss.51.genome/cmon_name_annot/ERR11520698.annot.gather.csv, output/weight_loss.51.genome/cmon_name_annot/ERR11520708.annot.gather.csv, output/weight_loss.51.genome/cmon_name_annot/ERR11520724.annot.gather.csv, output/weight_loss.51.genome/cmon_name_annot/ERR11520715.annot.gather.csv, output/weight_loss.51.genome/cmon_name_annot/ERR11520703.annot.gather.csv, output/weight_loss.51.genome/cmon_name_annot/ERR11520696.annot.gather.csv, output/weight_loss.51.genome/cmon_name_annot/ERR11520728.annot.gather.csv, output/weight_loss.51.genome/cmon_name_annot/ERR11520704.annot.gather.csv, output/weight_loss.51.genome/cmon_name_annot/ERR11520712.annot.gather.csv, output/weight_loss.51.genome/cmon_name_annot/ERR11520691.annot.gather.csv, output/weight_loss.51.genome/cmon_name_annot/ERR11520719.annot.gather.csv, output/weight_loss.51.genome/cmon_name_annot/ERR11520723.annot.gather.csv, output/weight_loss.51.genome/cmon_name_annot/ERR11520690.annot.gather.csv, output/weight_loss.51.genome/cmon_name_annot/ERR11520705.annot.gather.csv, output/weight_loss.51.genome/cmon_name_annot/ERR11520713.annot.gather.csv, output/weight_loss.51.genome/cmon_name_annot/ERR11520722.annot.gather.csv, output/weight_loss.51.genome/cmon_name_annot/ERR11520718.annot.gather.csv, output/weight_loss.51.genome/cmon_name_annot/ERR11520725.annot.gather.csv, output/weight_loss.51.genome/cmon_name_annot/ERR11520709.annot.gather.csv, output/weight_loss.51.genome/cmon_name_annot/ERR11520697.annot.gather.csv, output/weight_loss.51.genome/cmon_name_annot/ERR11520714.annot.gather.csv, output/weight_loss.51.genome/cmon_name_annot/ERR11520702.annot.gather.csv, output/weight_loss.51.genome/cmon_name_annot/ERR11520711.annot.gather.csv, output/weight_loss.51.genome/cmon_name_annot/ERR11520707.annot.gather.csv, output/weight_loss.51.genome/cmon_name_annot/ERR11520692.annot.gather.csv, output/weight_loss.51.genome/cmon_name_annot/ERR11520699.annot.gather.csv, output/weight_loss.51.genome/cmon_name_annot/ERR11520720.annot.gather.csv, output/weight_loss.51.genome/cmon_name_annot/ERR11520727.annot.gather.csv, output/weight_loss.51.genome/cmon_name_annot/ERR11520700.annot.gather.csv, output/weight_loss.51.genome/cmon_name_annot/ERR11520716.annot.gather.csv, output/weight_loss.51.genome/cmon_name_annot/ERR11520695.annot.gather.csv
    jobid: 0
    reason: Input files updated by another job: output/weight_loss.51.genome/cmon_name_annot/ERR11520703.annot.gather.csv, output/weight_loss.51.genome/cmon_name_annot/ERR11520714.annot.gather.csv, output/weight_loss.51.genome/cmon_name_annot/ERR11520720.annot.gather.csv, output/weight_loss.51.genome/cmon_name_annot/ERR11520694.annot.gather.csv, output/weight_loss.51.genome/cmon_name_annot/ERR11520715.annot.gather.csv, output/weight_loss.51.genome/cmon_name_annot/ERR11520721.annot.gather.csv, output/weight_loss.51.genome/cmon_name_annot/ERR11520691.annot.gather.csv, output/weight_loss.51.genome/cmon_name_annot/ERR11520693.annot.gather.csv, output/weight_loss.51.genome/cmon_name_annot/ERR11520698.annot.gather.csv, output/weight_loss.51.genome/cmon_name_annot/ERR11520707.annot.gather.csv, output/weight_loss.51.genome/cmon_name_annot/ERR11520706.annot.gather.csv, output/weight_loss.51.genome/cmon_name_annot/ERR11520718.annot.gather.csv, output/weight_loss.51.genome/cmon_name_annot/ERR11520717.annot.gather.csv, output/weight_loss.51.genome/cmon_name_annot/ERR11520690.annot.gather.csv, output/weight_loss.51.genome/cmon_name_annot/ERR11520697.annot.gather.csv, output/weight_loss.51.genome/cmon_name_annot/ERR11520713.annot.gather.csv, output/weight_loss.51.genome/cmon_name_annot/ERR11520724.annot.gather.csv, output/weight_loss.51.genome/cmon_name_annot/ERR11520689.annot.gather.csv, output/weight_loss.51.genome/cmon_name_annot/ERR11520710.annot.gather.csv, output/weight_loss.51.genome/cmon_name_annot/ERR11520712.annot.gather.csv, output/weight_loss.51.genome/cmon_name_annot/ERR11520711.annot.gather.csv, output/weight_loss.51.genome/cmon_name_annot/ERR11520696.annot.gather.csv, output/weight_loss.51.genome/cmon_name_annot/ERR11520702.annot.gather.csv, output/weight_loss.51.genome/cmon_name_annot/ERR11520719.annot.gather.csv, output/weight_loss.51.genome/cmon_name_annot/ERR11520725.annot.gather.csv, output/weight_loss.51.genome/cmon_name_annot/ERR11520709.annot.gather.csv, output/weight_loss.51.genome/cmon_name_annot/ERR11520728.annot.gather.csv, output/weight_loss.51.genome/cmon_name_annot/ERR11520704.annot.gather.csv, output/weight_loss.51.genome/cmon_name_annot/ERR11520695.annot.gather.csv, output/weight_loss.51.genome/cmon_name_annot/ERR11520722.annot.gather.csv, output/weight_loss.51.genome/cmon_name_annot/ERR11520716.annot.gather.csv, output/weight_loss.51.genome/cmon_name_annot/ERR11520700.annot.gather.csv, output/weight_loss.51.genome/cmon_name_annot/ERR11520699.annot.gather.csv, output/weight_loss.51.genome/cmon_name_annot/ERR11520726.annot.gather.csv, output/weight_loss.51.genome/cmon_name_annot/ERR11520708.annot.gather.csv, output/weight_loss.51.genome/cmon_name_annot/ERR11520705.annot.gather.csv, output/weight_loss.51.genome/cmon_name_annot/ERR11520727.annot.gather.csv, output/weight_loss.51.genome/cmon_name_annot/ERR11520723.annot.gather.csv, output/weight_loss.51.genome/cmon_name_annot/ERR11520692.annot.gather.csv, output/weight_loss.51.genome/cmon_name_annot/ERR11520701.annot.gather.csv
    resources: tmpdir=/tmp

[Mon Aug  7 17:48:42 2023]
Finished job 0.
121 of 121 steps (100%) done
Complete log: .snakemake/log/2023-08-07T174613.328557.snakemake.log
