Building DAG of jobs...
Using shell: /usr/bin/bash
Provided cores: 1 (use --cores to define parallelism)
Rules claiming more threads will be scaled down.
Job stats:
job      count    min threads    max threads
-----  -------  -------------  -------------
test         1              1              1
total        1              1              1

Select jobs to execute...

[Mon Aug  7 15:40:13 2023]
rule test:
    output: results
    jobid: 0
    reason: Missing output files: results
    resources: tmpdir=/tmp

RuleException in rule test  in line 36 of /home/sjnair/2023-dietary-plants/snakemake-workflow/Snakefile:
AttributeError: 'Wildcards' object has no attribute 'dir_name', when formatting the following:

        echo "hello"
        echo "The directory name is: {wildcards.dir_name}"
        echo "The sample name is: {wildcards.sampletest}"
        
