Building DAG of jobs...
Using shell: /usr/bin/bash
Provided cores: 6
Rules claiming more threads will be scaled down.
Job stats:
job                    count    min threads    max threads
-------------------  -------  -------------  -------------
all                        1              1              1
perform_inner_join        40              1              1
run_sourmash_gather       40              1              1
run_sourmash_sketch       40              1              1
total                    121              1              1

Select jobs to execute...

[Mon Aug  7 17:33:19 2023]
rule run_sourmash_sketch:
    input: input/weight_loss/ERR11520724_1.fastq.gz, input/weight_loss/ERR11520724_2.fastq.gz
    output: output/weight_loss.51.genome/sketches/ERR11520724.sig.zip
    jobid: 36
    reason: Missing output files: output/weight_loss.51.genome/sketches/ERR11520724.sig.zip
    wildcards: sample=ERR11520724
    resources: tmpdir=/tmp

sourmash sketch dna -p scaled=1000,k=21,k=31,k=51,abund input/weight_loss/ERR11520724_1.fastq.gz input/weight_loss/ERR11520724_2.fastq.gz --name 'ERR11520724' -o output/weight_loss.51.genome/sketches/ERR11520724.sig.zip

[Mon Aug  7 17:33:19 2023]
rule run_sourmash_sketch:
    input: input/weight_loss/ERR11520709_1.fastq.gz, input/weight_loss/ERR11520709_2.fastq.gz
    output: output/weight_loss.51.genome/sketches/ERR11520709.sig.zip
    jobid: 84
    reason: Missing output files: output/weight_loss.51.genome/sketches/ERR11520709.sig.zip
    wildcards: sample=ERR11520709
    resources: tmpdir=/tmp

sourmash sketch dna -p scaled=1000,k=21,k=31,k=51,abund input/weight_loss/ERR11520709_1.fastq.gz input/weight_loss/ERR11520709_2.fastq.gz --name 'ERR11520709' -o output/weight_loss.51.genome/sketches/ERR11520709.sig.zip

[Mon Aug  7 17:33:19 2023]
rule run_sourmash_sketch:
    input: input/weight_loss/ERR11520707_1.fastq.gz, input/weight_loss/ERR11520707_2.fastq.gz
    output: output/weight_loss.51.genome/sketches/ERR11520707.sig.zip
    jobid: 99
    reason: Missing output files: output/weight_loss.51.genome/sketches/ERR11520707.sig.zip
    wildcards: sample=ERR11520707
    resources: tmpdir=/tmp

sourmash sketch dna -p scaled=1000,k=21,k=31,k=51,abund input/weight_loss/ERR11520707_1.fastq.gz input/weight_loss/ERR11520707_2.fastq.gz --name 'ERR11520707' -o output/weight_loss.51.genome/sketches/ERR11520707.sig.zip

[Mon Aug  7 17:33:19 2023]
rule run_sourmash_sketch:
    input: input/weight_loss/ERR11520696_1.fastq.gz, input/weight_loss/ERR11520696_2.fastq.gz
    output: output/weight_loss.51.genome/sketches/ERR11520696.sig.zip
    jobid: 45
    reason: Missing output files: output/weight_loss.51.genome/sketches/ERR11520696.sig.zip
    wildcards: sample=ERR11520696
    resources: tmpdir=/tmp

sourmash sketch dna -p scaled=1000,k=21,k=31,k=51,abund input/weight_loss/ERR11520696_1.fastq.gz input/weight_loss/ERR11520696_2.fastq.gz --name 'ERR11520696' -o output/weight_loss.51.genome/sketches/ERR11520696.sig.zip

[Mon Aug  7 17:33:19 2023]
rule run_sourmash_sketch:
    input: input/weight_loss/ERR11520699_1.fastq.gz, input/weight_loss/ERR11520699_2.fastq.gz
    output: output/weight_loss.51.genome/sketches/ERR11520699.sig.zip
    jobid: 105
    reason: Missing output files: output/weight_loss.51.genome/sketches/ERR11520699.sig.zip
    wildcards: sample=ERR11520699
    resources: tmpdir=/tmp

sourmash sketch dna -p scaled=1000,k=21,k=31,k=51,abund input/weight_loss/ERR11520699_1.fastq.gz input/weight_loss/ERR11520699_2.fastq.gz --name 'ERR11520699' -o output/weight_loss.51.genome/sketches/ERR11520699.sig.zip

[Mon Aug  7 17:33:19 2023]
rule run_sourmash_sketch:
    input: input/weight_loss/ERR11520703_1.fastq.gz, input/weight_loss/ERR11520703_2.fastq.gz
    output: output/weight_loss.51.genome/sketches/ERR11520703.sig.zip
    jobid: 42
    reason: Missing output files: output/weight_loss.51.genome/sketches/ERR11520703.sig.zip
    wildcards: sample=ERR11520703
    resources: tmpdir=/tmp

sourmash sketch dna -p scaled=1000,k=21,k=31,k=51,abund input/weight_loss/ERR11520703_1.fastq.gz input/weight_loss/ERR11520703_2.fastq.gz --name 'ERR11520703' -o output/weight_loss.51.genome/sketches/ERR11520703.sig.zip
[Mon Aug  7 17:33:35 2023]
Finished job 105.
1 of 121 steps (1%) done
Select jobs to execute...

[Mon Aug  7 17:33:35 2023]
rule run_sourmash_sketch:
    input: input/weight_loss/ERR11520727_1.fastq.gz, input/weight_loss/ERR11520727_2.fastq.gz
    output: output/weight_loss.51.genome/sketches/ERR11520727.sig.zip
    jobid: 111
    reason: Missing output files: output/weight_loss.51.genome/sketches/ERR11520727.sig.zip
    wildcards: sample=ERR11520727
    resources: tmpdir=/tmp

sourmash sketch dna -p scaled=1000,k=21,k=31,k=51,abund input/weight_loss/ERR11520727_1.fastq.gz input/weight_loss/ERR11520727_2.fastq.gz --name 'ERR11520727' -o output/weight_loss.51.genome/sketches/ERR11520727.sig.zip
[Mon Aug  7 17:33:36 2023]
Finished job 45.
2 of 121 steps (2%) done
Select jobs to execute...

[Mon Aug  7 17:33:36 2023]
rule run_sourmash_sketch:
    input: input/weight_loss/ERR11520705_1.fastq.gz, input/weight_loss/ERR11520705_2.fastq.gz
    output: output/weight_loss.51.genome/sketches/ERR11520705.sig.zip
    jobid: 69
    reason: Missing output files: output/weight_loss.51.genome/sketches/ERR11520705.sig.zip
    wildcards: sample=ERR11520705
    resources: tmpdir=/tmp

sourmash sketch dna -p scaled=1000,k=21,k=31,k=51,abund input/weight_loss/ERR11520705_1.fastq.gz input/weight_loss/ERR11520705_2.fastq.gz --name 'ERR11520705' -o output/weight_loss.51.genome/sketches/ERR11520705.sig.zip
[Mon Aug  7 17:33:37 2023]
Finished job 84.
3 of 121 steps (2%) done
Select jobs to execute...

[Mon Aug  7 17:33:37 2023]
rule run_sourmash_gather:
    input: output/weight_loss.51.genome/sketches/ERR11520709.sig.zip
    output: output/weight_loss.51.genome/gather/ERR11520709.gather.csv
    jobid: 83
    reason: Missing output files: output/weight_loss.51.genome/gather/ERR11520709.gather.csv; Input files updated by another job: output/weight_loss.51.genome/sketches/ERR11520709.sig.zip
    wildcards: sample=ERR11520709
    resources: tmpdir=/tmp

sourmash gather output/weight_loss.51.genome/sketches/ERR11520709.sig.zip ../../Sketched-db/db.plant-entrez-ref.sig.zip --threshold-bp 0 -k 51 -o output/weight_loss.51.genome/gather/ERR11520709.gather.csv
[Mon Aug  7 17:33:38 2023]
Error in rule run_sourmash_gather:
    jobid: 83
    input: output/weight_loss.51.genome/sketches/ERR11520709.sig.zip
    output: output/weight_loss.51.genome/gather/ERR11520709.gather.csv
    shell:
        sourmash gather output/weight_loss.51.genome/sketches/ERR11520709.sig.zip ../../Sketched-db/db.plant-entrez-ref.sig.zip --threshold-bp 0 -k 51 -o output/weight_loss.51.genome/gather/ERR11520709.gather.csv
        (one of the commands exited with non-zero exit code; note that snakemake uses bash strict mode!)

[Mon Aug  7 17:33:40 2023]
Finished job 36.
4 of 121 steps (3%) done
[Mon Aug  7 17:33:43 2023]
Finished job 42.
5 of 121 steps (4%) done
[Mon Aug  7 17:33:43 2023]
Finished job 99.
6 of 121 steps (5%) done
[Mon Aug  7 17:33:44 2023]
Finished job 111.
7 of 121 steps (6%) done
[Mon Aug  7 17:33:46 2023]
Finished job 69.
8 of 121 steps (7%) done
Shutting down, this might take some time.
Exiting because a job execution failed. Look above for error message
Complete log: .snakemake/log/2023-08-07T173318.669458.snakemake.log
