Building DAG of jobs...
Using shell: /usr/bin/bash
Provided cores: 1 (use --cores to define parallelism)
Rules claiming more threads will be scaled down.
Job stats:
job      count    min threads    max threads
-----  -------  -------------  -------------
test         1              1              1
total        1              1              1

Select jobs to execute...

[Mon Aug  7 15:45:28 2023]
rule test:
    output: results
    jobid: 0
    reason: Missing output files: results
    resources: tmpdir=/tmp

Waiting at most 5 seconds for missing files.
MissingOutputException in rule test  in line 36 of /home/sjnair/2023-dietary-plants/snakemake-workflow/Snakefile:
Job Missing files after 5 seconds. This might be due to filesystem latency. If that is the case, consider to increase the wait time with --latency-wait:
results completed successfully, but some output files are missing. 0
Shutting down, this might take some time.
Exiting because a job execution failed. Look above for error message
Complete log: .snakemake/log/2023-08-07T154527.908805.snakemake.log
