Building DAG of jobs...
Using shell: /usr/bin/bash
Provided cores: 32
Rules claiming more threads will be scaled down.
Conda environments: ignored
Job stats:
job                    count    min threads    max threads
-------------------  -------  -------------  -------------
all                        1              1              1
perform_inner_join       600              1              1
run_sourmash_gather      600              1              1
run_sourmash_sketch       40              1              1
total                   1241              1              1

Select jobs to execute...

[Wed Aug  9 01:26:11 2023]
rule run_sourmash_sketch:
    input: input/weight_loss/ERR11520689_1.fastq.gz, input/weight_loss/ERR11520689_2.fastq.gz
    output: output/weight_loss/sketches/ERR11520689.sig.zip
    jobid: 143
    reason: Missing output files: output/weight_loss/sketches/ERR11520689.sig.zip
    wildcards: sample=ERR11520689
    resources: tmpdir=/tmp


[Wed Aug  9 01:26:11 2023]
rule run_sourmash_sketch:
    input: input/weight_loss/ERR11520694_1.fastq.gz, input/weight_loss/ERR11520694_2.fastq.gz
    output: output/weight_loss/sketches/ERR11520694.sig.zip
    jobid: 150
    reason: Missing output files: output/weight_loss/sketches/ERR11520694.sig.zip
    wildcards: sample=ERR11520694
    resources: tmpdir=/tmp


[Wed Aug  9 01:26:11 2023]
rule run_sourmash_sketch:
    input: input/weight_loss/ERR11520719_1.fastq.gz, input/weight_loss/ERR11520719_2.fastq.gz
    output: output/weight_loss/sketches/ERR11520719.sig.zip
    jobid: 276
    reason: Missing output files: output/weight_loss/sketches/ERR11520719.sig.zip
    wildcards: sample=ERR11520719
    resources: tmpdir=/tmp


[Wed Aug  9 01:26:11 2023]
rule run_sourmash_sketch:
    input: input/weight_loss/ERR11520716_1.fastq.gz, input/weight_loss/ERR11520716_2.fastq.gz
    output: output/weight_loss/sketches/ERR11520716.sig.zip
    jobid: 122
    reason: Missing output files: output/weight_loss/sketches/ERR11520716.sig.zip
    wildcards: sample=ERR11520716
    resources: tmpdir=/tmp


[Wed Aug  9 01:26:11 2023]
rule run_sourmash_sketch:
    input: input/weight_loss/ERR11520712_1.fastq.gz, input/weight_loss/ERR11520712_2.fastq.gz
    output: output/weight_loss/sketches/ERR11520712.sig.zip
    jobid: 248
    reason: Missing output files: output/weight_loss/sketches/ERR11520712.sig.zip
    wildcards: sample=ERR11520712
    resources: tmpdir=/tmp


[Wed Aug  9 01:26:11 2023]
rule run_sourmash_sketch:
    input: input/weight_loss/ERR11520717_1.fastq.gz, input/weight_loss/ERR11520717_2.fastq.gz
    output: output/weight_loss/sketches/ERR11520717.sig.zip
    jobid: 164
    reason: Missing output files: output/weight_loss/sketches/ERR11520717.sig.zip
    wildcards: sample=ERR11520717
    resources: tmpdir=/tmp


[Wed Aug  9 01:26:11 2023]
rule run_sourmash_sketch:
    input: input/weight_loss/ERR11520710_1.fastq.gz, input/weight_loss/ERR11520710_2.fastq.gz
    output: output/weight_loss/sketches/ERR11520710.sig.zip
    jobid: 178
    reason: Missing output files: output/weight_loss/sketches/ERR11520710.sig.zip
    wildcards: sample=ERR11520710
    resources: tmpdir=/tmp


[Wed Aug  9 01:26:11 2023]
rule run_sourmash_sketch:
    input: input/weight_loss/ERR11520705_1.fastq.gz, input/weight_loss/ERR11520705_2.fastq.gz
    output: output/weight_loss/sketches/ERR11520705.sig.zip
    jobid: 10
    reason: Missing output files: output/weight_loss/sketches/ERR11520705.sig.zip
    wildcards: sample=ERR11520705
    resources: tmpdir=/tmp


[Wed Aug  9 01:26:11 2023]
rule run_sourmash_sketch:
    input: input/weight_loss/ERR11520721_1.fastq.gz, input/weight_loss/ERR11520721_2.fastq.gz
    output: output/weight_loss/sketches/ERR11520721.sig.zip
    jobid: 192
    reason: Missing output files: output/weight_loss/sketches/ERR11520721.sig.zip
    wildcards: sample=ERR11520721
    resources: tmpdir=/tmp


[Wed Aug  9 01:26:11 2023]
rule run_sourmash_sketch:
    input: input/weight_loss/ERR11520724_1.fastq.gz, input/weight_loss/ERR11520724_2.fastq.gz
    output: output/weight_loss/sketches/ERR11520724.sig.zip
    jobid: 206
    reason: Missing output files: output/weight_loss/sketches/ERR11520724.sig.zip
    wildcards: sample=ERR11520724
    resources: tmpdir=/tmp


[Wed Aug  9 01:26:11 2023]
rule run_sourmash_sketch:
    input: input/weight_loss/ERR11520727_1.fastq.gz, input/weight_loss/ERR11520727_2.fastq.gz
    output: output/weight_loss/sketches/ERR11520727.sig.zip
    jobid: 108
    reason: Missing output files: output/weight_loss/sketches/ERR11520727.sig.zip
    wildcards: sample=ERR11520727
    resources: tmpdir=/tmp


[Wed Aug  9 01:26:11 2023]
rule run_sourmash_sketch:
    input: input/weight_loss/ERR11520691_1.fastq.gz, input/weight_loss/ERR11520691_2.fastq.gz
    output: output/weight_loss/sketches/ERR11520691.sig.zip
    jobid: 262
    reason: Missing output files: output/weight_loss/sketches/ERR11520691.sig.zip
    wildcards: sample=ERR11520691
    resources: tmpdir=/tmp


[Wed Aug  9 01:26:11 2023]
rule run_sourmash_sketch:
    input: input/weight_loss/ERR11520707_1.fastq.gz, input/weight_loss/ERR11520707_2.fastq.gz
    output: output/weight_loss/sketches/ERR11520707.sig.zip
    jobid: 80
    reason: Missing output files: output/weight_loss/sketches/ERR11520707.sig.zip
    wildcards: sample=ERR11520707
    resources: tmpdir=/tmp


[Wed Aug  9 01:26:11 2023]
rule run_sourmash_sketch:
    input: input/weight_loss/ERR11520713_1.fastq.gz, input/weight_loss/ERR11520713_2.fastq.gz
    output: output/weight_loss/sketches/ERR11520713.sig.zip
    jobid: 17
    reason: Missing output files: output/weight_loss/sketches/ERR11520713.sig.zip
    wildcards: sample=ERR11520713
    resources: tmpdir=/tmp

[Wed Aug  9 01:26:11 2023]
Error in rule run_sourmash_sketch:
    jobid: 150
    input: input/weight_loss/ERR11520694_1.fastq.gz, input/weight_loss/ERR11520694_2.fastq.gz
    output: output/weight_loss/sketches/ERR11520694.sig.zip
    conda-env: /home/sjnair/2023-dietary-plants/snakemake-workflow/.snakemake/conda/8fa7e1bef6bd331f48d9f8258343a6df_
    shell:
        sourmash sketch dna -p scaled=1000,k=21,k=31,k=51,abund input/weight_loss/ERR11520694_1.fastq.gz input/weight_loss/ERR11520694_2.fastq.gz --name 'ERR11520694' -o output/weight_loss/sketches/ERR11520694.sig.zip
        (one of the commands exited with non-zero exit code; note that snakemake uses bash strict mode!)

[Wed Aug  9 01:26:11 2023]
Error in rule run_sourmash_sketch:
    jobid: 276
    input: input/weight_loss/ERR11520719_1.fastq.gz, input/weight_loss/ERR11520719_2.fastq.gz
    output: output/weight_loss/sketches/ERR11520719.sig.zip
    conda-env: /home/sjnair/2023-dietary-plants/snakemake-workflow/.snakemake/conda/8fa7e1bef6bd331f48d9f8258343a6df_
    shell:
        sourmash sketch dna -p scaled=1000,k=21,k=31,k=51,abund input/weight_loss/ERR11520719_1.fastq.gz input/weight_loss/ERR11520719_2.fastq.gz --name 'ERR11520719' -o output/weight_loss/sketches/ERR11520719.sig.zip
        (one of the commands exited with non-zero exit code; note that snakemake uses bash strict mode!)

[Wed Aug  9 01:26:11 2023]
Error in rule run_sourmash_sketch:
    jobid: 143
    input: input/weight_loss/ERR11520689_1.fastq.gz, input/weight_loss/ERR11520689_2.fastq.gz
    output: output/weight_loss/sketches/ERR11520689.sig.zip
    conda-env: /home/sjnair/2023-dietary-plants/snakemake-workflow/.snakemake/conda/8fa7e1bef6bd331f48d9f8258343a6df_
    shell:
        sourmash sketch dna -p scaled=1000,k=21,k=31,k=51,abund input/weight_loss/ERR11520689_1.fastq.gz input/weight_loss/ERR11520689_2.fastq.gz --name 'ERR11520689' -o output/weight_loss/sketches/ERR11520689.sig.zip
        (one of the commands exited with non-zero exit code; note that snakemake uses bash strict mode!)

[Wed Aug  9 01:26:11 2023]
Error in rule run_sourmash_sketch:
    jobid: 248
    input: input/weight_loss/ERR11520712_1.fastq.gz, input/weight_loss/ERR11520712_2.fastq.gz
    output: output/weight_loss/sketches/ERR11520712.sig.zip
    conda-env: /home/sjnair/2023-dietary-plants/snakemake-workflow/.snakemake/conda/8fa7e1bef6bd331f48d9f8258343a6df_
    shell:
        sourmash sketch dna -p scaled=1000,k=21,k=31,k=51,abund input/weight_loss/ERR11520712_1.fastq.gz input/weight_loss/ERR11520712_2.fastq.gz --name 'ERR11520712' -o output/weight_loss/sketches/ERR11520712.sig.zip
        (one of the commands exited with non-zero exit code; note that snakemake uses bash strict mode!)


[Wed Aug  9 01:26:11 2023]
rule run_sourmash_sketch:
    input: input/weight_loss/ERR11520708_1.fastq.gz, input/weight_loss/ERR11520708_2.fastq.gz
    output: output/weight_loss/sketches/ERR11520708.sig.zip
    jobid: 213
    reason: Missing output files: output/weight_loss/sketches/ERR11520708.sig.zip
    wildcards: sample=ERR11520708
    resources: tmpdir=/tmp


[Wed Aug  9 01:26:11 2023]
rule run_sourmash_sketch:
    input: input/weight_loss/ERR11520722_1.fastq.gz, input/weight_loss/ERR11520722_2.fastq.gz
    output: output/weight_loss/sketches/ERR11520722.sig.zip
    jobid: 31
    reason: Missing output files: output/weight_loss/sketches/ERR11520722.sig.zip
    wildcards: sample=ERR11520722
    resources: tmpdir=/tmp


[Wed Aug  9 01:26:11 2023]
rule run_sourmash_sketch:
    input: input/weight_loss/ERR11520725_1.fastq.gz, input/weight_loss/ERR11520725_2.fastq.gz
    output: output/weight_loss/sketches/ERR11520725.sig.zip
    jobid: 45
    reason: Missing output files: output/weight_loss/sketches/ERR11520725.sig.zip
    wildcards: sample=ERR11520725
    resources: tmpdir=/tmp


[Wed Aug  9 01:26:11 2023]
rule run_sourmash_sketch:
    input: input/weight_loss/ERR11520701_1.fastq.gz, input/weight_loss/ERR11520701_2.fastq.gz
    output: output/weight_loss/sketches/ERR11520701.sig.zip
    jobid: 157
    reason: Missing output files: output/weight_loss/sketches/ERR11520701.sig.zip
    wildcards: sample=ERR11520701
    resources: tmpdir=/tmp


[Wed Aug  9 01:26:11 2023]
rule run_sourmash_sketch:
    input: input/weight_loss/ERR11520714_1.fastq.gz, input/weight_loss/ERR11520714_2.fastq.gz
    output: output/weight_loss/sketches/ERR11520714.sig.zip
    jobid: 59
    reason: Missing output files: output/weight_loss/sketches/ERR11520714.sig.zip
    wildcards: sample=ERR11520714
    resources: tmpdir=/tmp

[Wed Aug  9 01:26:11 2023]
Error in rule run_sourmash_sketch:
    jobid: 122
    input: input/weight_loss/ERR11520716_1.fastq.gz, input/weight_loss/ERR11520716_2.fastq.gz
    output: output/weight_loss/sketches/ERR11520716.sig.zip
    conda-env: /home/sjnair/2023-dietary-plants/snakemake-workflow/.snakemake/conda/8fa7e1bef6bd331f48d9f8258343a6df_
    shell:
        sourmash sketch dna -p scaled=1000,k=21,k=31,k=51,abund input/weight_loss/ERR11520716_1.fastq.gz input/weight_loss/ERR11520716_2.fastq.gz --name 'ERR11520716' -o output/weight_loss/sketches/ERR11520716.sig.zip
        (one of the commands exited with non-zero exit code; note that snakemake uses bash strict mode!)


[Wed Aug  9 01:26:11 2023]
rule run_sourmash_sketch:
    input: input/weight_loss/ERR11520703_1.fastq.gz, input/weight_loss/ERR11520703_2.fastq.gz
    output: output/weight_loss/sketches/ERR11520703.sig.zip
    jobid: 227
    reason: Missing output files: output/weight_loss/sketches/ERR11520703.sig.zip
    wildcards: sample=ERR11520703
    resources: tmpdir=/tmp


[Wed Aug  9 01:26:11 2023]
rule run_sourmash_sketch:
    input: input/weight_loss/ERR11520706_1.fastq.gz, input/weight_loss/ERR11520706_2.fastq.gz
    output: output/weight_loss/sketches/ERR11520706.sig.zip
    jobid: 185
    reason: Missing output files: output/weight_loss/sketches/ERR11520706.sig.zip
    wildcards: sample=ERR11520706
    resources: tmpdir=/tmp

[Wed Aug  9 01:26:11 2023]
Error in rule run_sourmash_sketch:
    jobid: 164
    input: input/weight_loss/ERR11520717_1.fastq.gz, input/weight_loss/ERR11520717_2.fastq.gz
    output: output/weight_loss/sketches/ERR11520717.sig.zip
    conda-env: /home/sjnair/2023-dietary-plants/snakemake-workflow/.snakemake/conda/8fa7e1bef6bd331f48d9f8258343a6df_
    shell:
        sourmash sketch dna -p scaled=1000,k=21,k=31,k=51,abund input/weight_loss/ERR11520717_1.fastq.gz input/weight_loss/ERR11520717_2.fastq.gz --name 'ERR11520717' -o output/weight_loss/sketches/ERR11520717.sig.zip
        (one of the commands exited with non-zero exit code; note that snakemake uses bash strict mode!)

[Wed Aug  9 01:26:11 2023]
Error in rule run_sourmash_sketch:
    jobid: 178
    input: input/weight_loss/ERR11520710_1.fastq.gz, input/weight_loss/ERR11520710_2.fastq.gz
    output: output/weight_loss/sketches/ERR11520710.sig.zip
    conda-env: /home/sjnair/2023-dietary-plants/snakemake-workflow/.snakemake/conda/8fa7e1bef6bd331f48d9f8258343a6df_
    shell:
        sourmash sketch dna -p scaled=1000,k=21,k=31,k=51,abund input/weight_loss/ERR11520710_1.fastq.gz input/weight_loss/ERR11520710_2.fastq.gz --name 'ERR11520710' -o output/weight_loss/sketches/ERR11520710.sig.zip
        (one of the commands exited with non-zero exit code; note that snakemake uses bash strict mode!)


[Wed Aug  9 01:26:11 2023]
rule run_sourmash_sketch:
    input: input/weight_loss/ERR11520690_1.fastq.gz, input/weight_loss/ERR11520690_2.fastq.gz
    output: output/weight_loss/sketches/ERR11520690.sig.zip
    jobid: 3
    reason: Missing output files: output/weight_loss/sketches/ERR11520690.sig.zip
    wildcards: sample=ERR11520690
    resources: tmpdir=/tmp


[Wed Aug  9 01:26:11 2023]
rule run_sourmash_sketch:
    input: input/weight_loss/ERR11520697_1.fastq.gz, input/weight_loss/ERR11520697_2.fastq.gz
    output: output/weight_loss/sketches/ERR11520697.sig.zip
    jobid: 52
    reason: Missing output files: output/weight_loss/sketches/ERR11520697.sig.zip
    wildcards: sample=ERR11520697
    resources: tmpdir=/tmp


[Wed Aug  9 01:26:11 2023]
rule run_sourmash_sketch:
    input: input/weight_loss/ERR11520715_1.fastq.gz, input/weight_loss/ERR11520715_2.fastq.gz
    output: output/weight_loss/sketches/ERR11520715.sig.zip
    jobid: 220
    reason: Missing output files: output/weight_loss/sketches/ERR11520715.sig.zip
    wildcards: sample=ERR11520715
    resources: tmpdir=/tmp

[Wed Aug  9 01:26:11 2023]
Error in rule run_sourmash_sketch:
    jobid: 10
    input: input/weight_loss/ERR11520705_1.fastq.gz, input/weight_loss/ERR11520705_2.fastq.gz
    output: output/weight_loss/sketches/ERR11520705.sig.zip
    conda-env: /home/sjnair/2023-dietary-plants/snakemake-workflow/.snakemake/conda/8fa7e1bef6bd331f48d9f8258343a6df_
    shell:
        sourmash sketch dna -p scaled=1000,k=21,k=31,k=51,abund input/weight_loss/ERR11520705_1.fastq.gz input/weight_loss/ERR11520705_2.fastq.gz --name 'ERR11520705' -o output/weight_loss/sketches/ERR11520705.sig.zip
        (one of the commands exited with non-zero exit code; note that snakemake uses bash strict mode!)


[Wed Aug  9 01:26:11 2023]
rule run_sourmash_sketch:
    input: input/weight_loss/ERR11520700_1.fastq.gz, input/weight_loss/ERR11520700_2.fastq.gz
    output: output/weight_loss/sketches/ERR11520700.sig.zip
    jobid: 115
    reason: Missing output files: output/weight_loss/sketches/ERR11520700.sig.zip
    wildcards: sample=ERR11520700
    resources: tmpdir=/tmp

[Wed Aug  9 01:26:11 2023]
Error in rule run_sourmash_sketch:
    jobid: 192
    input: input/weight_loss/ERR11520721_1.fastq.gz, input/weight_loss/ERR11520721_2.fastq.gz
    output: output/weight_loss/sketches/ERR11520721.sig.zip
    conda-env: /home/sjnair/2023-dietary-plants/snakemake-workflow/.snakemake/conda/8fa7e1bef6bd331f48d9f8258343a6df_
    shell:
        sourmash sketch dna -p scaled=1000,k=21,k=31,k=51,abund input/weight_loss/ERR11520721_1.fastq.gz input/weight_loss/ERR11520721_2.fastq.gz --name 'ERR11520721' -o output/weight_loss/sketches/ERR11520721.sig.zip
        (one of the commands exited with non-zero exit code; note that snakemake uses bash strict mode!)


[Wed Aug  9 01:26:11 2023]
rule run_sourmash_sketch:
    input: input/weight_loss/ERR11520723_1.fastq.gz, input/weight_loss/ERR11520723_2.fastq.gz
    output: output/weight_loss/sketches/ERR11520723.sig.zip
    jobid: 269
    reason: Missing output files: output/weight_loss/sketches/ERR11520723.sig.zip
    wildcards: sample=ERR11520723
    resources: tmpdir=/tmp


[Wed Aug  9 01:26:11 2023]
rule run_sourmash_sketch:
    input: input/weight_loss/ERR11520728_1.fastq.gz, input/weight_loss/ERR11520728_2.fastq.gz
    output: output/weight_loss/sketches/ERR11520728.sig.zip
    jobid: 255
    reason: Missing output files: output/weight_loss/sketches/ERR11520728.sig.zip
    wildcards: sample=ERR11520728
    resources: tmpdir=/tmp

[Wed Aug  9 01:26:11 2023]
Error in rule run_sourmash_sketch:
    jobid: 206
    input: input/weight_loss/ERR11520724_1.fastq.gz, input/weight_loss/ERR11520724_2.fastq.gz
    output: output/weight_loss/sketches/ERR11520724.sig.zip
    conda-env: /home/sjnair/2023-dietary-plants/snakemake-workflow/.snakemake/conda/8fa7e1bef6bd331f48d9f8258343a6df_
    shell:
        sourmash sketch dna -p scaled=1000,k=21,k=31,k=51,abund input/weight_loss/ERR11520724_1.fastq.gz input/weight_loss/ERR11520724_2.fastq.gz --name 'ERR11520724' -o output/weight_loss/sketches/ERR11520724.sig.zip
        (one of the commands exited with non-zero exit code; note that snakemake uses bash strict mode!)

[Wed Aug  9 01:26:11 2023]
Error in rule run_sourmash_sketch:
    jobid: 108
    input: input/weight_loss/ERR11520727_1.fastq.gz, input/weight_loss/ERR11520727_2.fastq.gz
    output: output/weight_loss/sketches/ERR11520727.sig.zip
    conda-env: /home/sjnair/2023-dietary-plants/snakemake-workflow/.snakemake/conda/8fa7e1bef6bd331f48d9f8258343a6df_
    shell:
        sourmash sketch dna -p scaled=1000,k=21,k=31,k=51,abund input/weight_loss/ERR11520727_1.fastq.gz input/weight_loss/ERR11520727_2.fastq.gz --name 'ERR11520727' -o output/weight_loss/sketches/ERR11520727.sig.zip
        (one of the commands exited with non-zero exit code; note that snakemake uses bash strict mode!)


[Wed Aug  9 01:26:11 2023]
rule run_sourmash_sketch:
    input: input/weight_loss/ERR11520702_1.fastq.gz, input/weight_loss/ERR11520702_2.fastq.gz
    output: output/weight_loss/sketches/ERR11520702.sig.zip
    jobid: 66
    reason: Missing output files: output/weight_loss/sketches/ERR11520702.sig.zip
    wildcards: sample=ERR11520702
    resources: tmpdir=/tmp


[Wed Aug  9 01:26:11 2023]
rule run_sourmash_sketch:
    input: input/weight_loss/ERR11520696_1.fastq.gz, input/weight_loss/ERR11520696_2.fastq.gz
    output: output/weight_loss/sketches/ERR11520696.sig.zip
    jobid: 234
    reason: Missing output files: output/weight_loss/sketches/ERR11520696.sig.zip
    wildcards: sample=ERR11520696
    resources: tmpdir=/tmp

[Wed Aug  9 01:26:11 2023]
Error in rule run_sourmash_sketch:
    jobid: 80
    input: input/weight_loss/ERR11520707_1.fastq.gz, input/weight_loss/ERR11520707_2.fastq.gz
    output: output/weight_loss/sketches/ERR11520707.sig.zip
    conda-env: /home/sjnair/2023-dietary-plants/snakemake-workflow/.snakemake/conda/8fa7e1bef6bd331f48d9f8258343a6df_
    shell:
        sourmash sketch dna -p scaled=1000,k=21,k=31,k=51,abund input/weight_loss/ERR11520707_1.fastq.gz input/weight_loss/ERR11520707_2.fastq.gz --name 'ERR11520707' -o output/weight_loss/sketches/ERR11520707.sig.zip
        (one of the commands exited with non-zero exit code; note that snakemake uses bash strict mode!)


[Wed Aug  9 01:26:11 2023]
rule run_sourmash_sketch:
    input: input/weight_loss/ERR11520698_1.fastq.gz, input/weight_loss/ERR11520698_2.fastq.gz
    output: output/weight_loss/sketches/ERR11520698.sig.zip
    jobid: 199
    reason: Missing output files: output/weight_loss/sketches/ERR11520698.sig.zip
    wildcards: sample=ERR11520698
    resources: tmpdir=/tmp


[Wed Aug  9 01:26:11 2023]
rule run_sourmash_sketch:
    input: input/weight_loss/ERR11520695_1.fastq.gz, input/weight_loss/ERR11520695_2.fastq.gz
    output: output/weight_loss/sketches/ERR11520695.sig.zip
    jobid: 129
    reason: Missing output files: output/weight_loss/sketches/ERR11520695.sig.zip
    wildcards: sample=ERR11520695
    resources: tmpdir=/tmp

[Wed Aug  9 01:26:11 2023]
Error in rule run_sourmash_sketch:
    jobid: 17
    input: input/weight_loss/ERR11520713_1.fastq.gz, input/weight_loss/ERR11520713_2.fastq.gz
    output: output/weight_loss/sketches/ERR11520713.sig.zip
    conda-env: /home/sjnair/2023-dietary-plants/snakemake-workflow/.snakemake/conda/8fa7e1bef6bd331f48d9f8258343a6df_
    shell:
        sourmash sketch dna -p scaled=1000,k=21,k=31,k=51,abund input/weight_loss/ERR11520713_1.fastq.gz input/weight_loss/ERR11520713_2.fastq.gz --name 'ERR11520713' -o output/weight_loss/sketches/ERR11520713.sig.zip
        (one of the commands exited with non-zero exit code; note that snakemake uses bash strict mode!)

[Wed Aug  9 01:26:11 2023]
Error in rule run_sourmash_sketch:
    jobid: 262
    input: input/weight_loss/ERR11520691_1.fastq.gz, input/weight_loss/ERR11520691_2.fastq.gz
    output: output/weight_loss/sketches/ERR11520691.sig.zip
    conda-env: /home/sjnair/2023-dietary-plants/snakemake-workflow/.snakemake/conda/8fa7e1bef6bd331f48d9f8258343a6df_
    shell:
        sourmash sketch dna -p scaled=1000,k=21,k=31,k=51,abund input/weight_loss/ERR11520691_1.fastq.gz input/weight_loss/ERR11520691_2.fastq.gz --name 'ERR11520691' -o output/weight_loss/sketches/ERR11520691.sig.zip
        (one of the commands exited with non-zero exit code; note that snakemake uses bash strict mode!)


[Wed Aug  9 01:26:11 2023]
rule run_sourmash_sketch:
    input: input/weight_loss/ERR11520699_1.fastq.gz, input/weight_loss/ERR11520699_2.fastq.gz
    output: output/weight_loss/sketches/ERR11520699.sig.zip
    jobid: 94
    reason: Missing output files: output/weight_loss/sketches/ERR11520699.sig.zip
    wildcards: sample=ERR11520699
    resources: tmpdir=/tmp

[Wed Aug  9 01:26:12 2023]
Error in rule run_sourmash_sketch:
    jobid: 45
    input: input/weight_loss/ERR11520725_1.fastq.gz, input/weight_loss/ERR11520725_2.fastq.gz
    output: output/weight_loss/sketches/ERR11520725.sig.zip
    conda-env: /home/sjnair/2023-dietary-plants/snakemake-workflow/.snakemake/conda/8fa7e1bef6bd331f48d9f8258343a6df_
    shell:
        sourmash sketch dna -p scaled=1000,k=21,k=31,k=51,abund input/weight_loss/ERR11520725_1.fastq.gz input/weight_loss/ERR11520725_2.fastq.gz --name 'ERR11520725' -o output/weight_loss/sketches/ERR11520725.sig.zip
        (one of the commands exited with non-zero exit code; note that snakemake uses bash strict mode!)

[Wed Aug  9 01:26:12 2023]
Error in rule run_sourmash_sketch:
    jobid: 213
    input: input/weight_loss/ERR11520708_1.fastq.gz, input/weight_loss/ERR11520708_2.fastq.gz
    output: output/weight_loss/sketches/ERR11520708.sig.zip
    conda-env: /home/sjnair/2023-dietary-plants/snakemake-workflow/.snakemake/conda/8fa7e1bef6bd331f48d9f8258343a6df_
    shell:
        sourmash sketch dna -p scaled=1000,k=21,k=31,k=51,abund input/weight_loss/ERR11520708_1.fastq.gz input/weight_loss/ERR11520708_2.fastq.gz --name 'ERR11520708' -o output/weight_loss/sketches/ERR11520708.sig.zip
        (one of the commands exited with non-zero exit code; note that snakemake uses bash strict mode!)

[Wed Aug  9 01:26:12 2023]
Error in rule run_sourmash_sketch:
    jobid: 31
    input: input/weight_loss/ERR11520722_1.fastq.gz, input/weight_loss/ERR11520722_2.fastq.gz
    output: output/weight_loss/sketches/ERR11520722.sig.zip
    conda-env: /home/sjnair/2023-dietary-plants/snakemake-workflow/.snakemake/conda/8fa7e1bef6bd331f48d9f8258343a6df_
    shell:
        sourmash sketch dna -p scaled=1000,k=21,k=31,k=51,abund input/weight_loss/ERR11520722_1.fastq.gz input/weight_loss/ERR11520722_2.fastq.gz --name 'ERR11520722' -o output/weight_loss/sketches/ERR11520722.sig.zip
        (one of the commands exited with non-zero exit code; note that snakemake uses bash strict mode!)

[Wed Aug  9 01:26:12 2023]
Error in rule run_sourmash_sketch:
    jobid: 157
    input: input/weight_loss/ERR11520701_1.fastq.gz, input/weight_loss/ERR11520701_2.fastq.gz
    output: output/weight_loss/sketches/ERR11520701.sig.zip
    conda-env: /home/sjnair/2023-dietary-plants/snakemake-workflow/.snakemake/conda/8fa7e1bef6bd331f48d9f8258343a6df_
    shell:
        sourmash sketch dna -p scaled=1000,k=21,k=31,k=51,abund input/weight_loss/ERR11520701_1.fastq.gz input/weight_loss/ERR11520701_2.fastq.gz --name 'ERR11520701' -o output/weight_loss/sketches/ERR11520701.sig.zip
        (one of the commands exited with non-zero exit code; note that snakemake uses bash strict mode!)

[Wed Aug  9 01:26:12 2023]
Error in rule run_sourmash_sketch:
    jobid: 227
    input: input/weight_loss/ERR11520703_1.fastq.gz, input/weight_loss/ERR11520703_2.fastq.gz
    output: output/weight_loss/sketches/ERR11520703.sig.zip
    conda-env: /home/sjnair/2023-dietary-plants/snakemake-workflow/.snakemake/conda/8fa7e1bef6bd331f48d9f8258343a6df_
    shell:
        sourmash sketch dna -p scaled=1000,k=21,k=31,k=51,abund input/weight_loss/ERR11520703_1.fastq.gz input/weight_loss/ERR11520703_2.fastq.gz --name 'ERR11520703' -o output/weight_loss/sketches/ERR11520703.sig.zip
        (one of the commands exited with non-zero exit code; note that snakemake uses bash strict mode!)

Select jobs to execute...
[Wed Aug  9 01:26:12 2023]
Error in rule run_sourmash_sketch:
    jobid: 59
    input: input/weight_loss/ERR11520714_1.fastq.gz, input/weight_loss/ERR11520714_2.fastq.gz
    output: output/weight_loss/sketches/ERR11520714.sig.zip
    conda-env: /home/sjnair/2023-dietary-plants/snakemake-workflow/.snakemake/conda/8fa7e1bef6bd331f48d9f8258343a6df_
    shell:
        sourmash sketch dna -p scaled=1000,k=21,k=31,k=51,abund input/weight_loss/ERR11520714_1.fastq.gz input/weight_loss/ERR11520714_2.fastq.gz --name 'ERR11520714' -o output/weight_loss/sketches/ERR11520714.sig.zip
        (one of the commands exited with non-zero exit code; note that snakemake uses bash strict mode!)

[Wed Aug  9 01:26:12 2023]
Error in rule run_sourmash_sketch:
    jobid: 52
    input: input/weight_loss/ERR11520697_1.fastq.gz, input/weight_loss/ERR11520697_2.fastq.gz
    output: output/weight_loss/sketches/ERR11520697.sig.zip
    conda-env: /home/sjnair/2023-dietary-plants/snakemake-workflow/.snakemake/conda/8fa7e1bef6bd331f48d9f8258343a6df_
    shell:
        sourmash sketch dna -p scaled=1000,k=21,k=31,k=51,abund input/weight_loss/ERR11520697_1.fastq.gz input/weight_loss/ERR11520697_2.fastq.gz --name 'ERR11520697' -o output/weight_loss/sketches/ERR11520697.sig.zip
        (one of the commands exited with non-zero exit code; note that snakemake uses bash strict mode!)

[Wed Aug  9 01:26:12 2023]
Error in rule run_sourmash_sketch:
    jobid: 185
    input: input/weight_loss/ERR11520706_1.fastq.gz, input/weight_loss/ERR11520706_2.fastq.gz
    output: output/weight_loss/sketches/ERR11520706.sig.zip
    conda-env: /home/sjnair/2023-dietary-plants/snakemake-workflow/.snakemake/conda/8fa7e1bef6bd331f48d9f8258343a6df_
    shell:
        sourmash sketch dna -p scaled=1000,k=21,k=31,k=51,abund input/weight_loss/ERR11520706_1.fastq.gz input/weight_loss/ERR11520706_2.fastq.gz --name 'ERR11520706' -o output/weight_loss/sketches/ERR11520706.sig.zip
        (one of the commands exited with non-zero exit code; note that snakemake uses bash strict mode!)

[Wed Aug  9 01:26:12 2023]
Error in rule run_sourmash_sketch:
    jobid: 3
    input: input/weight_loss/ERR11520690_1.fastq.gz, input/weight_loss/ERR11520690_2.fastq.gz
    output: output/weight_loss/sketches/ERR11520690.sig.zip
    conda-env: /home/sjnair/2023-dietary-plants/snakemake-workflow/.snakemake/conda/8fa7e1bef6bd331f48d9f8258343a6df_
    shell:
        sourmash sketch dna -p scaled=1000,k=21,k=31,k=51,abund input/weight_loss/ERR11520690_1.fastq.gz input/weight_loss/ERR11520690_2.fastq.gz --name 'ERR11520690' -o output/weight_loss/sketches/ERR11520690.sig.zip
        (one of the commands exited with non-zero exit code; note that snakemake uses bash strict mode!)

[Wed Aug  9 01:26:12 2023]
Error in rule run_sourmash_sketch:
    jobid: 220
    input: input/weight_loss/ERR11520715_1.fastq.gz, input/weight_loss/ERR11520715_2.fastq.gz
    output: output/weight_loss/sketches/ERR11520715.sig.zip
    conda-env: /home/sjnair/2023-dietary-plants/snakemake-workflow/.snakemake/conda/8fa7e1bef6bd331f48d9f8258343a6df_
    shell:
        sourmash sketch dna -p scaled=1000,k=21,k=31,k=51,abund input/weight_loss/ERR11520715_1.fastq.gz input/weight_loss/ERR11520715_2.fastq.gz --name 'ERR11520715' -o output/weight_loss/sketches/ERR11520715.sig.zip
        (one of the commands exited with non-zero exit code; note that snakemake uses bash strict mode!)

[Wed Aug  9 01:26:12 2023]
Error in rule run_sourmash_sketch:
    jobid: 115
    input: input/weight_loss/ERR11520700_1.fastq.gz, input/weight_loss/ERR11520700_2.fastq.gz
    output: output/weight_loss/sketches/ERR11520700.sig.zip
    conda-env: /home/sjnair/2023-dietary-plants/snakemake-workflow/.snakemake/conda/8fa7e1bef6bd331f48d9f8258343a6df_
    shell:
        sourmash sketch dna -p scaled=1000,k=21,k=31,k=51,abund input/weight_loss/ERR11520700_1.fastq.gz input/weight_loss/ERR11520700_2.fastq.gz --name 'ERR11520700' -o output/weight_loss/sketches/ERR11520700.sig.zip
        (one of the commands exited with non-zero exit code; note that snakemake uses bash strict mode!)

[Wed Aug  9 01:26:12 2023]
Error in rule run_sourmash_sketch:
    jobid: 66
    input: input/weight_loss/ERR11520702_1.fastq.gz, input/weight_loss/ERR11520702_2.fastq.gz
    output: output/weight_loss/sketches/ERR11520702.sig.zip
    conda-env: /home/sjnair/2023-dietary-plants/snakemake-workflow/.snakemake/conda/8fa7e1bef6bd331f48d9f8258343a6df_
    shell:
        sourmash sketch dna -p scaled=1000,k=21,k=31,k=51,abund input/weight_loss/ERR11520702_1.fastq.gz input/weight_loss/ERR11520702_2.fastq.gz --name 'ERR11520702' -o output/weight_loss/sketches/ERR11520702.sig.zip
        (one of the commands exited with non-zero exit code; note that snakemake uses bash strict mode!)


[Wed Aug  9 01:26:12 2023]
rule run_sourmash_sketch:
    input: input/weight_loss/ERR11520704_1.fastq.gz, input/weight_loss/ERR11520704_2.fastq.gz
    output: output/weight_loss/sketches/ERR11520704.sig.zip
    jobid: 241
    reason: Missing output files: output/weight_loss/sketches/ERR11520704.sig.zip
    wildcards: sample=ERR11520704
    resources: tmpdir=/tmp


[Wed Aug  9 01:26:12 2023]
rule run_sourmash_sketch:
    input: input/weight_loss/ERR11520709_1.fastq.gz, input/weight_loss/ERR11520709_2.fastq.gz
    output: output/weight_loss/sketches/ERR11520709.sig.zip
    jobid: 38
    reason: Missing output files: output/weight_loss/sketches/ERR11520709.sig.zip
    wildcards: sample=ERR11520709
    resources: tmpdir=/tmp


[Wed Aug  9 01:26:12 2023]
rule run_sourmash_sketch:
    input: input/weight_loss/ERR11520726_1.fastq.gz, input/weight_loss/ERR11520726_2.fastq.gz
    output: output/weight_loss/sketches/ERR11520726.sig.zip
    jobid: 136
    reason: Missing output files: output/weight_loss/sketches/ERR11520726.sig.zip
    wildcards: sample=ERR11520726
    resources: tmpdir=/tmp


[Wed Aug  9 01:26:12 2023]
rule run_sourmash_sketch:
    input: input/weight_loss/ERR11520718_1.fastq.gz, input/weight_loss/ERR11520718_2.fastq.gz
    output: output/weight_loss/sketches/ERR11520718.sig.zip
    jobid: 24
    reason: Missing output files: output/weight_loss/sketches/ERR11520718.sig.zip
    wildcards: sample=ERR11520718
    resources: tmpdir=/tmp

[Wed Aug  9 01:26:12 2023]
Error in rule run_sourmash_sketch:
    jobid: 255
    input: input/weight_loss/ERR11520728_1.fastq.gz, input/weight_loss/ERR11520728_2.fastq.gz
    output: output/weight_loss/sketches/ERR11520728.sig.zip
    conda-env: /home/sjnair/2023-dietary-plants/snakemake-workflow/.snakemake/conda/8fa7e1bef6bd331f48d9f8258343a6df_
    shell:
        sourmash sketch dna -p scaled=1000,k=21,k=31,k=51,abund input/weight_loss/ERR11520728_1.fastq.gz input/weight_loss/ERR11520728_2.fastq.gz --name 'ERR11520728' -o output/weight_loss/sketches/ERR11520728.sig.zip
        (one of the commands exited with non-zero exit code; note that snakemake uses bash strict mode!)

[Wed Aug  9 01:26:12 2023]
Error in rule run_sourmash_sketch:
    jobid: 269
    input: input/weight_loss/ERR11520723_1.fastq.gz, input/weight_loss/ERR11520723_2.fastq.gz
    output: output/weight_loss/sketches/ERR11520723.sig.zip
    conda-env: /home/sjnair/2023-dietary-plants/snakemake-workflow/.snakemake/conda/8fa7e1bef6bd331f48d9f8258343a6df_
    shell:
        sourmash sketch dna -p scaled=1000,k=21,k=31,k=51,abund input/weight_loss/ERR11520723_1.fastq.gz input/weight_loss/ERR11520723_2.fastq.gz --name 'ERR11520723' -o output/weight_loss/sketches/ERR11520723.sig.zip
        (one of the commands exited with non-zero exit code; note that snakemake uses bash strict mode!)


[Wed Aug  9 01:26:12 2023]
rule run_sourmash_sketch:
    input: input/weight_loss/ERR11520711_1.fastq.gz, input/weight_loss/ERR11520711_2.fastq.gz
    output: output/weight_loss/sketches/ERR11520711.sig.zip
    jobid: 73
    reason: Missing output files: output/weight_loss/sketches/ERR11520711.sig.zip
    wildcards: sample=ERR11520711
    resources: tmpdir=/tmp

[Wed Aug  9 01:26:12 2023]
Error in rule run_sourmash_sketch:
    jobid: 129
    input: input/weight_loss/ERR11520695_1.fastq.gz, input/weight_loss/ERR11520695_2.fastq.gz
    output: output/weight_loss/sketches/ERR11520695.sig.zip
    conda-env: /home/sjnair/2023-dietary-plants/snakemake-workflow/.snakemake/conda/8fa7e1bef6bd331f48d9f8258343a6df_
    shell:
        sourmash sketch dna -p scaled=1000,k=21,k=31,k=51,abund input/weight_loss/ERR11520695_1.fastq.gz input/weight_loss/ERR11520695_2.fastq.gz --name 'ERR11520695' -o output/weight_loss/sketches/ERR11520695.sig.zip
        (one of the commands exited with non-zero exit code; note that snakemake uses bash strict mode!)


[Wed Aug  9 01:26:12 2023]
[Wed Aug  9 01:26:12 2023]
Error in rule run_sourmash_sketch:
    jobid: 199
    input: input/weight_loss/ERR11520698_1.fastq.gz, input/weight_loss/ERR11520698_2.fastq.gz
    output: output/weight_loss/sketches/ERR11520698.sig.zip
    conda-env: /home/sjnair/2023-dietary-plants/snakemake-workflow/.snakemake/conda/8fa7e1bef6bd331f48d9f8258343a6df_
    shell:
        sourmash sketch dna -p scaled=1000,k=21,k=31,k=51,abund input/weight_loss/ERR11520698_1.fastq.gz input/weight_loss/ERR11520698_2.fastq.gz --name 'ERR11520698' -o output/weight_loss/sketches/ERR11520698.sig.zip
        (one of the commands exited with non-zero exit code; note that snakemake uses bash strict mode!)

rule run_sourmash_sketch:
    input: input/weight_loss/ERR11520720_1.fastq.gz, input/weight_loss/ERR11520720_2.fastq.gz
    output: output/weight_loss/sketches/ERR11520720.sig.zip
    jobid: 101
    reason: Missing output files: output/weight_loss/sketches/ERR11520720.sig.zip
    wildcards: sample=ERR11520720
    resources: tmpdir=/tmp

[Wed Aug  9 01:26:12 2023]
Error in rule run_sourmash_sketch:
    jobid: 234
    input: input/weight_loss/ERR11520696_1.fastq.gz, input/weight_loss/ERR11520696_2.fastq.gz
    output: output/weight_loss/sketches/ERR11520696.sig.zip
    conda-env: /home/sjnair/2023-dietary-plants/snakemake-workflow/.snakemake/conda/8fa7e1bef6bd331f48d9f8258343a6df_
    shell:
        sourmash sketch dna -p scaled=1000,k=21,k=31,k=51,abund input/weight_loss/ERR11520696_1.fastq.gz input/weight_loss/ERR11520696_2.fastq.gz --name 'ERR11520696' -o output/weight_loss/sketches/ERR11520696.sig.zip
        (one of the commands exited with non-zero exit code; note that snakemake uses bash strict mode!)


[Wed Aug  9 01:26:12 2023]
rule run_sourmash_sketch:
    input: input/weight_loss/ERR11520692_1.fastq.gz, input/weight_loss/ERR11520692_2.fastq.gz
    output: output/weight_loss/sketches/ERR11520692.sig.zip
    jobid: 87
    reason: Missing output files: output/weight_loss/sketches/ERR11520692.sig.zip
    wildcards: sample=ERR11520692
    resources: tmpdir=/tmp


[Wed Aug  9 01:26:12 2023]
rule run_sourmash_sketch:
    input: input/weight_loss/ERR11520693_1.fastq.gz, input/weight_loss/ERR11520693_2.fastq.gz
    output: output/weight_loss/sketches/ERR11520693.sig.zip
    jobid: 171
    reason: Missing output files: output/weight_loss/sketches/ERR11520693.sig.zip
    wildcards: sample=ERR11520693
    resources: tmpdir=/tmp

[Wed Aug  9 01:26:12 2023]
Error in rule run_sourmash_sketch:
    jobid: 94
    input: input/weight_loss/ERR11520699_1.fastq.gz, input/weight_loss/ERR11520699_2.fastq.gz
    output: output/weight_loss/sketches/ERR11520699.sig.zip
    conda-env: /home/sjnair/2023-dietary-plants/snakemake-workflow/.snakemake/conda/8fa7e1bef6bd331f48d9f8258343a6df_
    shell:
        sourmash sketch dna -p scaled=1000,k=21,k=31,k=51,abund input/weight_loss/ERR11520699_1.fastq.gz input/weight_loss/ERR11520699_2.fastq.gz --name 'ERR11520699' -o output/weight_loss/sketches/ERR11520699.sig.zip
        (one of the commands exited with non-zero exit code; note that snakemake uses bash strict mode!)

[Wed Aug  9 01:26:12 2023]
Error in rule run_sourmash_sketch:
    jobid: 241
    input: input/weight_loss/ERR11520704_1.fastq.gz, input/weight_loss/ERR11520704_2.fastq.gz
    output: output/weight_loss/sketches/ERR11520704.sig.zip
    conda-env: /home/sjnair/2023-dietary-plants/snakemake-workflow/.snakemake/conda/8fa7e1bef6bd331f48d9f8258343a6df_
    shell:
        sourmash sketch dna -p scaled=1000,k=21,k=31,k=51,abund input/weight_loss/ERR11520704_1.fastq.gz input/weight_loss/ERR11520704_2.fastq.gz --name 'ERR11520704' -o output/weight_loss/sketches/ERR11520704.sig.zip
        (one of the commands exited with non-zero exit code; note that snakemake uses bash strict mode!)

[Wed Aug  9 01:26:12 2023]
Error in rule run_sourmash_sketch:
    jobid: 24
    input: input/weight_loss/ERR11520718_1.fastq.gz, input/weight_loss/ERR11520718_2.fastq.gz
    output: output/weight_loss/sketches/ERR11520718.sig.zip
    conda-env: /home/sjnair/2023-dietary-plants/snakemake-workflow/.snakemake/conda/8fa7e1bef6bd331f48d9f8258343a6df_
    shell:
        sourmash sketch dna -p scaled=1000,k=21,k=31,k=51,abund input/weight_loss/ERR11520718_1.fastq.gz input/weight_loss/ERR11520718_2.fastq.gz --name 'ERR11520718' -o output/weight_loss/sketches/ERR11520718.sig.zip
        (one of the commands exited with non-zero exit code; note that snakemake uses bash strict mode!)

[Wed Aug  9 01:26:12 2023]
Error in rule run_sourmash_sketch:
    jobid: 136
    input: input/weight_loss/ERR11520726_1.fastq.gz, input/weight_loss/ERR11520726_2.fastq.gz
    output: output/weight_loss/sketches/ERR11520726.sig.zip
    conda-env: /home/sjnair/2023-dietary-plants/snakemake-workflow/.snakemake/conda/8fa7e1bef6bd331f48d9f8258343a6df_
    shell:
        sourmash sketch dna -p scaled=1000,k=21,k=31,k=51,abund input/weight_loss/ERR11520726_1.fastq.gz input/weight_loss/ERR11520726_2.fastq.gz --name 'ERR11520726' -o output/weight_loss/sketches/ERR11520726.sig.zip
        (one of the commands exited with non-zero exit code; note that snakemake uses bash strict mode!)

[Wed Aug  9 01:26:12 2023]
Error in rule run_sourmash_sketch:
    jobid: 38
    input: input/weight_loss/ERR11520709_1.fastq.gz, input/weight_loss/ERR11520709_2.fastq.gz
    output: output/weight_loss/sketches/ERR11520709.sig.zip
    conda-env: /home/sjnair/2023-dietary-plants/snakemake-workflow/.snakemake/conda/8fa7e1bef6bd331f48d9f8258343a6df_
    shell:
        sourmash sketch dna -p scaled=1000,k=21,k=31,k=51,abund input/weight_loss/ERR11520709_1.fastq.gz input/weight_loss/ERR11520709_2.fastq.gz --name 'ERR11520709' -o output/weight_loss/sketches/ERR11520709.sig.zip
        (one of the commands exited with non-zero exit code; note that snakemake uses bash strict mode!)

[Wed Aug  9 01:26:12 2023]
Error in rule run_sourmash_sketch:
    jobid: 73
    input: input/weight_loss/ERR11520711_1.fastq.gz, input/weight_loss/ERR11520711_2.fastq.gz
    output: output/weight_loss/sketches/ERR11520711.sig.zip
    conda-env: /home/sjnair/2023-dietary-plants/snakemake-workflow/.snakemake/conda/8fa7e1bef6bd331f48d9f8258343a6df_
    shell:
        sourmash sketch dna -p scaled=1000,k=21,k=31,k=51,abund input/weight_loss/ERR11520711_1.fastq.gz input/weight_loss/ERR11520711_2.fastq.gz --name 'ERR11520711' -o output/weight_loss/sketches/ERR11520711.sig.zip
        (one of the commands exited with non-zero exit code; note that snakemake uses bash strict mode!)

[Wed Aug  9 01:26:12 2023]
Error in rule run_sourmash_sketch:
    jobid: 101
    input: input/weight_loss/ERR11520720_1.fastq.gz, input/weight_loss/ERR11520720_2.fastq.gz
    output: output/weight_loss/sketches/ERR11520720.sig.zip
    conda-env: /home/sjnair/2023-dietary-plants/snakemake-workflow/.snakemake/conda/8fa7e1bef6bd331f48d9f8258343a6df_
    shell:
        sourmash sketch dna -p scaled=1000,k=21,k=31,k=51,abund input/weight_loss/ERR11520720_1.fastq.gz input/weight_loss/ERR11520720_2.fastq.gz --name 'ERR11520720' -o output/weight_loss/sketches/ERR11520720.sig.zip
        (one of the commands exited with non-zero exit code; note that snakemake uses bash strict mode!)

[Wed Aug  9 01:26:12 2023]
Error in rule run_sourmash_sketch:
    jobid: 87
    input: input/weight_loss/ERR11520692_1.fastq.gz, input/weight_loss/ERR11520692_2.fastq.gz
    output: output/weight_loss/sketches/ERR11520692.sig.zip
    conda-env: /home/sjnair/2023-dietary-plants/snakemake-workflow/.snakemake/conda/8fa7e1bef6bd331f48d9f8258343a6df_
    shell:
        sourmash sketch dna -p scaled=1000,k=21,k=31,k=51,abund input/weight_loss/ERR11520692_1.fastq.gz input/weight_loss/ERR11520692_2.fastq.gz --name 'ERR11520692' -o output/weight_loss/sketches/ERR11520692.sig.zip
        (one of the commands exited with non-zero exit code; note that snakemake uses bash strict mode!)

[Wed Aug  9 01:26:12 2023]
Error in rule run_sourmash_sketch:
    jobid: 171
    input: input/weight_loss/ERR11520693_1.fastq.gz, input/weight_loss/ERR11520693_2.fastq.gz
    output: output/weight_loss/sketches/ERR11520693.sig.zip
    conda-env: /home/sjnair/2023-dietary-plants/snakemake-workflow/.snakemake/conda/8fa7e1bef6bd331f48d9f8258343a6df_
    shell:
        sourmash sketch dna -p scaled=1000,k=21,k=31,k=51,abund input/weight_loss/ERR11520693_1.fastq.gz input/weight_loss/ERR11520693_2.fastq.gz --name 'ERR11520693' -o output/weight_loss/sketches/ERR11520693.sig.zip
        (one of the commands exited with non-zero exit code; note that snakemake uses bash strict mode!)

Exiting because a job execution failed. Look above for error message
Complete log: .snakemake/log/2023-08-09T012609.634633.snakemake.log
