Building DAG of jobs...
Using shell: /usr/bin/bash
Provided cores: 6
Rules claiming more threads will be scaled down.
Job stats:
job                    count    min threads    max threads
-------------------  -------  -------------  -------------
all                        1              1              1
perform_inner_join         3              1              1
run_sourmash_gather        3              1              1
total                      7              1              1

Select jobs to execute...

[Mon Aug  7 17:43:06 2023]
rule run_sourmash_gather:
    input: output/weight_loss.51.genome/sketches/ERR11520694.sig.zip
    output: output/weight_loss.51.genome/gather/ERR11520694.gather.csv
    jobid: 8
    reason: Missing output files: output/weight_loss.51.genome/gather/ERR11520694.gather.csv
    wildcards: sample=ERR11520694
    resources: tmpdir=/tmp

sourmash gather output/weight_loss.51.genome/sketches/ERR11520694.sig.zip ../db/Sketched-db/db.plant-entrez-ref.sig.zip --threshold-bp 0 -k 51 -o output/weight_loss.51.genome/gather/ERR11520694.gather.csv

[Mon Aug  7 17:43:06 2023]
rule run_sourmash_gather:
    input: output/weight_loss.51.genome/sketches/ERR11520726.sig.zip
    output: output/weight_loss.51.genome/gather/ERR11520726.gather.csv
    jobid: 2
    reason: Missing output files: output/weight_loss.51.genome/gather/ERR11520726.gather.csv
    wildcards: sample=ERR11520726
    resources: tmpdir=/tmp

sourmash gather output/weight_loss.51.genome/sketches/ERR11520726.sig.zip ../db/Sketched-db/db.plant-entrez-ref.sig.zip --threshold-bp 0 -k 51 -o output/weight_loss.51.genome/gather/ERR11520726.gather.csv

[Mon Aug  7 17:43:06 2023]
rule run_sourmash_gather:
    input: output/weight_loss.51.genome/sketches/ERR11520689.sig.zip
    output: output/weight_loss.51.genome/gather/ERR11520689.gather.csv
    jobid: 5
    reason: Missing output files: output/weight_loss.51.genome/gather/ERR11520689.gather.csv
    wildcards: sample=ERR11520689
    resources: tmpdir=/tmp

sourmash gather output/weight_loss.51.genome/sketches/ERR11520689.sig.zip ../db/Sketched-db/db.plant-entrez-ref.sig.zip --threshold-bp 0 -k 51 -o output/weight_loss.51.genome/gather/ERR11520689.gather.csv
[Mon Aug  7 17:43:13 2023]
Finished job 5.
1 of 7 steps (14%) done
Select jobs to execute...

[Mon Aug  7 17:43:13 2023]
rule perform_inner_join:
    input: output/weight_loss.51.genome/gather/ERR11520689.gather.csv
    output: output/weight_loss.51.genome/cmon_name_annot/ERR11520689.annot.gather.csv
    jobid: 4
    reason: Missing output files: output/weight_loss.51.genome/cmon_name_annot/ERR11520689.annot.gather.csv; Input files updated by another job: output/weight_loss.51.genome/gather/ERR11520689.gather.csv
    wildcards: sample=ERR11520689
    resources: tmpdir=/tmp

python join_common_name_dbs.py output/weight_loss.51.genome/gather/ERR11520689.gather.csv output/weight_loss.51.genome/cmon_name_annot/ERR11520689.annot.gather.csv
[Mon Aug  7 17:43:13 2023]
Finished job 2.
2 of 7 steps (29%) done
Select jobs to execute...

[Mon Aug  7 17:43:13 2023]
rule perform_inner_join:
    input: output/weight_loss.51.genome/gather/ERR11520726.gather.csv
    output: output/weight_loss.51.genome/cmon_name_annot/ERR11520726.annot.gather.csv
    jobid: 1
    reason: Missing output files: output/weight_loss.51.genome/cmon_name_annot/ERR11520726.annot.gather.csv; Input files updated by another job: output/weight_loss.51.genome/gather/ERR11520726.gather.csv
    wildcards: sample=ERR11520726
    resources: tmpdir=/tmp

python join_common_name_dbs.py output/weight_loss.51.genome/gather/ERR11520726.gather.csv output/weight_loss.51.genome/cmon_name_annot/ERR11520726.annot.gather.csv
[Mon Aug  7 17:43:13 2023]
Finished job 8.
3 of 7 steps (43%) done
Select jobs to execute...

[Mon Aug  7 17:43:13 2023]
rule perform_inner_join:
    input: output/weight_loss.51.genome/gather/ERR11520694.gather.csv
    output: output/weight_loss.51.genome/cmon_name_annot/ERR11520694.annot.gather.csv
    jobid: 7
    reason: Missing output files: output/weight_loss.51.genome/cmon_name_annot/ERR11520694.annot.gather.csv; Input files updated by another job: output/weight_loss.51.genome/gather/ERR11520694.gather.csv
    wildcards: sample=ERR11520694
    resources: tmpdir=/tmp

python join_common_name_dbs.py output/weight_loss.51.genome/gather/ERR11520694.gather.csv output/weight_loss.51.genome/cmon_name_annot/ERR11520694.annot.gather.csv
[Mon Aug  7 17:43:15 2023]
Finished job 1.
4 of 7 steps (57%) done
[Mon Aug  7 17:43:15 2023]
Finished job 4.
5 of 7 steps (71%) done
[Mon Aug  7 17:43:15 2023]
Finished job 7.
6 of 7 steps (86%) done
Select jobs to execute...

[Mon Aug  7 17:43:15 2023]
localrule all:
    input: output/weight_loss.51.genome/cmon_name_annot/ERR11520726.annot.gather.csv, output/weight_loss.51.genome/cmon_name_annot/ERR11520689.annot.gather.csv, output/weight_loss.51.genome/cmon_name_annot/ERR11520694.annot.gather.csv
    jobid: 0
    reason: Input files updated by another job: output/weight_loss.51.genome/cmon_name_annot/ERR11520726.annot.gather.csv, output/weight_loss.51.genome/cmon_name_annot/ERR11520689.annot.gather.csv, output/weight_loss.51.genome/cmon_name_annot/ERR11520694.annot.gather.csv
    resources: tmpdir=/tmp

[Mon Aug  7 17:43:15 2023]
Finished job 0.
7 of 7 steps (100%) done
Complete log: .snakemake/log/2023-08-07T174306.426881.snakemake.log
