Building DAG of jobs...
Using shell: /usr/bin/bash
Provided cores: 6
Rules claiming more threads will be scaled down.
Job stats:
job      count    min threads    max threads
-----  -------  -------------  -------------
test         1              1              1
total        1              1              1

Select jobs to execute...

[Mon Aug  7 17:31:01 2023]
rule test:
    jobid: 0
    reason: Rules with neither input nor output files are always executed.
    resources: tmpdir=/tmp


        echo "51,weight_loss"
        echo "weight_loss.51.genome and ERR11520726 ERR11520689 ERR11520694 ERR11520701 ERR11520717 ERR11520693 ERR11520710 ERR11520706 ERR11520721 ERR11520698 ERR11520708 ERR11520724 ERR11520715 ERR11520703 ERR11520696 ERR11520728 ERR11520704 ERR11520712 ERR11520691 ERR11520719 ERR11520723 ERR11520690 ERR11520705 ERR11520713 ERR11520722 ERR11520718 ERR11520725 ERR11520709 ERR11520697 ERR11520714 ERR11520702 ERR11520711 ERR11520707 ERR11520692 ERR11520699 ERR11520720 ERR11520727 ERR11520700 ERR11520716 ERR11520695"
        
        
[Mon Aug  7 17:31:01 2023]
Finished job 0.
1 of 1 steps (100%) done
Complete log: .snakemake/log/2023-08-07T173100.920620.snakemake.log
